<html>
<head>
<title>TestNG:  Default test</title>
<link href="../testng.css" rel="stylesheet" type="text/css" />
<link href="../my-testng.css" rel="stylesheet" type="text/css" />

<style type="text/css">
.log { display: none;} 
.stack-trace { display: none;} 
</style>
<script type="text/javascript">
<!--
function flip(e) {
  current = e.style.display;
  if (current == 'block') {
    e.style.display = 'none';
    return 0;
  }
  else {
    e.style.display = 'block';
    return 1;
  }
}

function toggleBox(szDivId, elem, msg1, msg2)
{
  var res = -1;  if (document.getElementById) {
    res = flip(document.getElementById(szDivId));
  }
  else if (document.all) {
    // this is the way old msie versions work
    res = flip(document.all[szDivId]);
  }
  if(elem) {
    if(res == 0) elem.innerHTML = msg1; else elem.innerHTML = msg2;
  }

}

function toggleAllBoxes() {
  if (document.getElementsByTagName) {
    d = document.getElementsByTagName('div');
    for (i = 0; i < d.length; i++) {
      if (d[i].className == 'log') {
        flip(d[i]);
      }
    }
  }
}

// -->
</script>

</head>
<body>
<h2 align='center'>Default test</h2><table border='1' align="center">
<tr>
<td>Tests passed/Failed/Skipped:</td><td>46/18/0</td>
</tr><tr>
<td>Started on:</td><td>Tue Jul 23 15:54:09 CST 2019</td>
</tr>
<tr><td>Total time:</td><td>25 seconds (25352 ms)</td>
</tr><tr>
<td>Included groups:</td><td></td>
</tr><tr>
<td>Excluded groups:</td><td></td>
</tr>
</table><p/>
<small><i>(Hover the method name to see the test class name)</i></small><p/>
<table width='100%' border='1' class='invocation-failed'>
<tr><td colspan='4' align='center'><b>FAILED TESTS</b></td></tr>
<tr><td><b>Test method</b></td>
<td width="30%"><b>Exception</b></td>
<td width="10%"><b>Time (seconds)</b></td>
<td><b>Instance</b></td>
</tr>
<tr>
<td title='xuxiaochan.test.airwallex.BankInfoEndpointTest.bankInfoCollectEndpointRequest()'><b>bankInfoCollectEndpointRequest</b><br>Test class: xuxiaochan.test.airwallex.BankInfoEndpointTest<br>Parameters: length of account_number validate when bank_country_code is US: 18, payment_method, SWIFT, bank_country_code, US, account_name, John Smith, account_number, 123456989112345678, swift_code, ICBCUSBJ, invalid_bsb, , aba, 11122233A, HTTP/1.1 400 Bad Request, {"error":"Length of account_number should be between 1 and 17 when bank_country_code is 'US'"}</td>
<td><div><pre>java.lang.AssertionError: expected [{&quot;error&quot;:&quot;Length of account_number should be between 1 and 17 when bank_country_code is &apos;US&apos;&quot;}] but found [{&quot;error&quot;:&quot;Length of account_number should be between 7 and 11 when bank_country_code is &apos;US&apos;&quot;}]
	at org.testng.Assert.fail(Assert.java:94)
	at org.testng.Assert.failNotEquals(Assert.java:513)
	at org.testng.Assert.assertEqualsImpl(Assert.java:135)
	at org.testng.Assert.assertEquals(Assert.java:116)
	at org.testng.Assert.assertEquals(Assert.java:190)
	at org.testng.Assert.assertEquals(Assert.java:200)
	at xuxiaochan.test.airwallex.BankInfoEndpointTest.bankInfoCollectEndpointRequest(BankInfoEndpointTest.java:129)
	at sun.reflect.NativeMethodAccessorImpl.invoke0(Native Method)
	at sun.reflect.NativeMethodAccessorImpl.invoke(NativeMethodAccessorImpl.java:62)
	at sun.reflect.DelegatingMethodAccessorImpl.invoke(DelegatingMethodAccessorImpl.java:43)
	at java.lang.reflect.Method.invoke(Method.java:498)
	at org.testng.internal.MethodInvocationHelper.invokeMethod(MethodInvocationHelper.java:104)
	at org.testng.internal.Invoker.invokeMethod(Invoker.java:645)
	at org.testng.internal.Invoker.invokeTestMethod(Invoker.java:851)
	at org.testng.internal.Invoker.invokeTestMethods(Invoker.java:1177)
	at org.testng.internal.TestMethodWorker.invokeTestMethods(TestMethodWorker.java:129)
	at org.testng.internal.TestMethodWorker.run(TestMethodWorker.java:112)
	at org.testng.TestRunner.privateRun(TestRunner.java:756)
	at org.testng.TestRunner.run(TestRunner.java:610)
	at org.testng.SuiteRunner.runTest(SuiteRunner.java:387)
	at org.testng.SuiteRunner.runSequentially(SuiteRunner.java:382)
	at org.testng.SuiteRunner.privateRun(SuiteRunner.java:340)
	at org.testng.SuiteRunner.run(SuiteRunner.java:289)
	at org.testng.SuiteRunnerWorker.runSuite(SuiteRunnerWorker.java:52)
	at org.testng.SuiteRunnerWorker.run(SuiteRunnerWorker.java:86)
	at org.testng.TestNG.runSuitesSequentially(TestNG.java:1293)
	at org.testng.TestNG.runSuitesLocally(TestNG.java:1218)
	at org.testng.TestNG.runSuites(TestNG.java:1133)
	at org.testng.TestNG.run(TestNG.java:1104)
	at org.testng.remote.AbstractRemoteTestNG.run(AbstractRemoteTestNG.java:126)
	at org.testng.remote.RemoteTestNG.initAndRun(RemoteTestNG.java:152)
	at org.testng.remote.RemoteTestNG.main(RemoteTestNG.java:57)
</pre></div><a href='#' onClick='toggleBox("stack-trace294247762", this, "Click to show all stack frames", "Click to hide stack frames")'>Click to show all stack frames</a>
<div class='stack-trace' id='stack-trace294247762'><pre>java.lang.AssertionError: expected [{&quot;error&quot;:&quot;Length of account_number should be between 1 and 17 when bank_country_code is &apos;US&apos;&quot;}] but found [{&quot;error&quot;:&quot;Length of account_number should be between 7 and 11 when bank_country_code is &apos;US&apos;&quot;}]
	at org.testng.Assert.fail(Assert.java:94)
	at org.testng.Assert.failNotEquals(Assert.java:513)
	at org.testng.Assert.assertEqualsImpl(Assert.java:135)
	at org.testng.Assert.assertEquals(Assert.java:116)
	at org.testng.Assert.assertEquals(Assert.java:190)
	at org.testng.Assert.assertEquals(Assert.java:200)
	at xuxiaochan.test.airwallex.BankInfoEndpointTest.bankInfoCollectEndpointRequest(BankInfoEndpointTest.java:129)
	at sun.reflect.NativeMethodAccessorImpl.invoke0(Native Method)
	at sun.reflect.NativeMethodAccessorImpl.invoke(NativeMethodAccessorImpl.java:62)
	at sun.reflect.DelegatingMethodAccessorImpl.invoke(DelegatingMethodAccessorImpl.java:43)
	at java.lang.reflect.Method.invoke(Method.java:498)
	at org.testng.internal.MethodInvocationHelper.invokeMethod(MethodInvocationHelper.java:104)
	at org.testng.internal.Invoker.invokeMethod(Invoker.java:645)
	at org.testng.internal.Invoker.invokeTestMethod(Invoker.java:851)
	at org.testng.internal.Invoker.invokeTestMethods(Invoker.java:1177)
	at org.testng.internal.TestMethodWorker.invokeTestMethods(TestMethodWorker.java:129)
	at org.testng.internal.TestMethodWorker.run(TestMethodWorker.java:112)
	at org.testng.TestRunner.privateRun(TestRunner.java:756)
	at org.testng.TestRunner.run(TestRunner.java:610)
	at org.testng.SuiteRunner.runTest(SuiteRunner.java:387)
	at org.testng.SuiteRunner.runSequentially(SuiteRunner.java:382)
	at org.testng.SuiteRunner.privateRun(SuiteRunner.java:340)
	at org.testng.SuiteRunner.run(SuiteRunner.java:289)
	at org.testng.SuiteRunnerWorker.runSuite(SuiteRunnerWorker.java:52)
	at org.testng.SuiteRunnerWorker.run(SuiteRunnerWorker.java:86)
	at org.testng.TestNG.runSuitesSequentially(TestNG.java:1293)
	at org.testng.TestNG.runSuitesLocally(TestNG.java:1218)
	at org.testng.TestNG.runSuites(TestNG.java:1133)
	at org.testng.TestNG.run(TestNG.java:1104)
	at org.testng.remote.AbstractRemoteTestNG.run(AbstractRemoteTestNG.java:126)
	at org.testng.remote.RemoteTestNG.initAndRun(RemoteTestNG.java:152)
	at org.testng.remote.RemoteTestNG.main(RemoteTestNG.java:57)
</pre></div></td>
<td>0</td>
<td>xuxiaochan.test.airwallex.BankInfoEndpointTest@2a5ca609</td></tr>
<tr>
<td title='xuxiaochan.test.airwallex.BankInfoEndpointTest.bankInfoCollectEndpointRequest()'><b>bankInfoCollectEndpointRequest</b><br>Test class: xuxiaochan.test.airwallex.BankInfoEndpointTest<br>Parameters: length of account_number validate when bank_country_code is AU: 5, payment_method, SWIFT, bank_country_code, AU, account_name, John Smith, account_number, 12312, swift_code, ICBCAUBJ, bsb, zxzasa, aba, 11122233A, HTTP/1.1 400 Bad Request, {"error":"Length of account_number should be between 6 and 9 when bank_country_code is 'AU'"}</td>
<td><div><pre>java.lang.AssertionError: expected [{&quot;error&quot;:&quot;Length of account_number should be between 6 and 9 when bank_country_code is &apos;AU&apos;&quot;}] but found [{&quot;error&quot;:&quot;Length of account_number should be between 7 and 11 when bank_country_code is &apos;US&apos;&quot;}]
	at org.testng.Assert.fail(Assert.java:94)
	at org.testng.Assert.failNotEquals(Assert.java:513)
	at org.testng.Assert.assertEqualsImpl(Assert.java:135)
	at org.testng.Assert.assertEquals(Assert.java:116)
	at org.testng.Assert.assertEquals(Assert.java:190)
	at org.testng.Assert.assertEquals(Assert.java:200)
	at xuxiaochan.test.airwallex.BankInfoEndpointTest.bankInfoCollectEndpointRequest(BankInfoEndpointTest.java:129)
	at sun.reflect.GeneratedMethodAccessor1.invoke(Unknown Source)
	at sun.reflect.DelegatingMethodAccessorImpl.invoke(DelegatingMethodAccessorImpl.java:43)
	at java.lang.reflect.Method.invoke(Method.java:498)
	at org.testng.internal.MethodInvocationHelper.invokeMethod(MethodInvocationHelper.java:104)
	at org.testng.internal.Invoker.invokeMethod(Invoker.java:645)
	at org.testng.internal.Invoker.invokeTestMethod(Invoker.java:851)
	at org.testng.internal.Invoker.invokeTestMethods(Invoker.java:1177)
	at org.testng.internal.TestMethodWorker.invokeTestMethods(TestMethodWorker.java:129)
	at org.testng.internal.TestMethodWorker.run(TestMethodWorker.java:112)
	at org.testng.TestRunner.privateRun(TestRunner.java:756)
	at org.testng.TestRunner.run(TestRunner.java:610)
	at org.testng.SuiteRunner.runTest(SuiteRunner.java:387)
	at org.testng.SuiteRunner.runSequentially(SuiteRunner.java:382)
	at org.testng.SuiteRunner.privateRun(SuiteRunner.java:340)
	at org.testng.SuiteRunner.run(SuiteRunner.java:289)
	at org.testng.SuiteRunnerWorker.runSuite(SuiteRunnerWorker.java:52)
	at org.testng.SuiteRunnerWorker.run(SuiteRunnerWorker.java:86)
	at org.testng.TestNG.runSuitesSequentially(TestNG.java:1293)
	at org.testng.TestNG.runSuitesLocally(TestNG.java:1218)
	at org.testng.TestNG.runSuites(TestNG.java:1133)
	at org.testng.TestNG.run(TestNG.java:1104)
	at org.testng.remote.AbstractRemoteTestNG.run(AbstractRemoteTestNG.java:126)
	at org.testng.remote.RemoteTestNG.initAndRun(RemoteTestNG.java:152)
	at org.testng.remote.RemoteTestNG.main(RemoteTestNG.java:57)
</pre></div><a href='#' onClick='toggleBox("stack-trace1321530272", this, "Click to show all stack frames", "Click to hide stack frames")'>Click to show all stack frames</a>
<div class='stack-trace' id='stack-trace1321530272'><pre>java.lang.AssertionError: expected [{&quot;error&quot;:&quot;Length of account_number should be between 6 and 9 when bank_country_code is &apos;AU&apos;&quot;}] but found [{&quot;error&quot;:&quot;Length of account_number should be between 7 and 11 when bank_country_code is &apos;US&apos;&quot;}]
	at org.testng.Assert.fail(Assert.java:94)
	at org.testng.Assert.failNotEquals(Assert.java:513)
	at org.testng.Assert.assertEqualsImpl(Assert.java:135)
	at org.testng.Assert.assertEquals(Assert.java:116)
	at org.testng.Assert.assertEquals(Assert.java:190)
	at org.testng.Assert.assertEquals(Assert.java:200)
	at xuxiaochan.test.airwallex.BankInfoEndpointTest.bankInfoCollectEndpointRequest(BankInfoEndpointTest.java:129)
	at sun.reflect.GeneratedMethodAccessor1.invoke(Unknown Source)
	at sun.reflect.DelegatingMethodAccessorImpl.invoke(DelegatingMethodAccessorImpl.java:43)
	at java.lang.reflect.Method.invoke(Method.java:498)
	at org.testng.internal.MethodInvocationHelper.invokeMethod(MethodInvocationHelper.java:104)
	at org.testng.internal.Invoker.invokeMethod(Invoker.java:645)
	at org.testng.internal.Invoker.invokeTestMethod(Invoker.java:851)
	at org.testng.internal.Invoker.invokeTestMethods(Invoker.java:1177)
	at org.testng.internal.TestMethodWorker.invokeTestMethods(TestMethodWorker.java:129)
	at org.testng.internal.TestMethodWorker.run(TestMethodWorker.java:112)
	at org.testng.TestRunner.privateRun(TestRunner.java:756)
	at org.testng.TestRunner.run(TestRunner.java:610)
	at org.testng.SuiteRunner.runTest(SuiteRunner.java:387)
	at org.testng.SuiteRunner.runSequentially(SuiteRunner.java:382)
	at org.testng.SuiteRunner.privateRun(SuiteRunner.java:340)
	at org.testng.SuiteRunner.run(SuiteRunner.java:289)
	at org.testng.SuiteRunnerWorker.runSuite(SuiteRunnerWorker.java:52)
	at org.testng.SuiteRunnerWorker.run(SuiteRunnerWorker.java:86)
	at org.testng.TestNG.runSuitesSequentially(TestNG.java:1293)
	at org.testng.TestNG.runSuitesLocally(TestNG.java:1218)
	at org.testng.TestNG.runSuites(TestNG.java:1133)
	at org.testng.TestNG.run(TestNG.java:1104)
	at org.testng.remote.AbstractRemoteTestNG.run(AbstractRemoteTestNG.java:126)
	at org.testng.remote.RemoteTestNG.initAndRun(RemoteTestNG.java:152)
	at org.testng.remote.RemoteTestNG.main(RemoteTestNG.java:57)
</pre></div></td>
<td>0</td>
<td>xuxiaochan.test.airwallex.BankInfoEndpointTest@2a5ca609</td></tr>
<tr>
<td title='xuxiaochan.test.airwallex.BankInfoEndpointTest.bankInfoCollectEndpointRequest()'><b>bankInfoCollectEndpointRequest</b><br>Test class: xuxiaochan.test.airwallex.BankInfoEndpointTest<br>Parameters: length of account_number validate when bank_country_code is AU: 10, payment_method, SWIFT, bank_country_code, AU, account_name, John Smith, account_number, 1232345678, swift_code, ICBCAUBJ, bsb, zxzasa, aba, 11122233A, HTTP/1.1 400 Bad Request, {"error":"Length of account_number should be between 6 and 9 when bank_country_code is 'AU'"}</td>
<td><div><pre>java.lang.AssertionError: expected [{&quot;error&quot;:&quot;Length of account_number should be between 6 and 9 when bank_country_code is &apos;AU&apos;&quot;}] but found [{&quot;error&quot;:&quot;Length of account_number should be between 7 and 11 when bank_country_code is &apos;US&apos;&quot;}]
	at org.testng.Assert.fail(Assert.java:94)
	at org.testng.Assert.failNotEquals(Assert.java:513)
	at org.testng.Assert.assertEqualsImpl(Assert.java:135)
	at org.testng.Assert.assertEquals(Assert.java:116)
	at org.testng.Assert.assertEquals(Assert.java:190)
	at org.testng.Assert.assertEquals(Assert.java:200)
	at xuxiaochan.test.airwallex.BankInfoEndpointTest.bankInfoCollectEndpointRequest(BankInfoEndpointTest.java:129)
	at sun.reflect.GeneratedMethodAccessor1.invoke(Unknown Source)
	at sun.reflect.DelegatingMethodAccessorImpl.invoke(DelegatingMethodAccessorImpl.java:43)
	at java.lang.reflect.Method.invoke(Method.java:498)
	at org.testng.internal.MethodInvocationHelper.invokeMethod(MethodInvocationHelper.java:104)
	at org.testng.internal.Invoker.invokeMethod(Invoker.java:645)
	at org.testng.internal.Invoker.invokeTestMethod(Invoker.java:851)
	at org.testng.internal.Invoker.invokeTestMethods(Invoker.java:1177)
	at org.testng.internal.TestMethodWorker.invokeTestMethods(TestMethodWorker.java:129)
	at org.testng.internal.TestMethodWorker.run(TestMethodWorker.java:112)
	at org.testng.TestRunner.privateRun(TestRunner.java:756)
	at org.testng.TestRunner.run(TestRunner.java:610)
	at org.testng.SuiteRunner.runTest(SuiteRunner.java:387)
	at org.testng.SuiteRunner.runSequentially(SuiteRunner.java:382)
	at org.testng.SuiteRunner.privateRun(SuiteRunner.java:340)
	at org.testng.SuiteRunner.run(SuiteRunner.java:289)
	at org.testng.SuiteRunnerWorker.runSuite(SuiteRunnerWorker.java:52)
	at org.testng.SuiteRunnerWorker.run(SuiteRunnerWorker.java:86)
	at org.testng.TestNG.runSuitesSequentially(TestNG.java:1293)
	at org.testng.TestNG.runSuitesLocally(TestNG.java:1218)
	at org.testng.TestNG.runSuites(TestNG.java:1133)
	at org.testng.TestNG.run(TestNG.java:1104)
	at org.testng.remote.AbstractRemoteTestNG.run(AbstractRemoteTestNG.java:126)
	at org.testng.remote.RemoteTestNG.initAndRun(RemoteTestNG.java:152)
	at org.testng.remote.RemoteTestNG.main(RemoteTestNG.java:57)
</pre></div><a href='#' onClick='toggleBox("stack-trace1827725498", this, "Click to show all stack frames", "Click to hide stack frames")'>Click to show all stack frames</a>
<div class='stack-trace' id='stack-trace1827725498'><pre>java.lang.AssertionError: expected [{&quot;error&quot;:&quot;Length of account_number should be between 6 and 9 when bank_country_code is &apos;AU&apos;&quot;}] but found [{&quot;error&quot;:&quot;Length of account_number should be between 7 and 11 when bank_country_code is &apos;US&apos;&quot;}]
	at org.testng.Assert.fail(Assert.java:94)
	at org.testng.Assert.failNotEquals(Assert.java:513)
	at org.testng.Assert.assertEqualsImpl(Assert.java:135)
	at org.testng.Assert.assertEquals(Assert.java:116)
	at org.testng.Assert.assertEquals(Assert.java:190)
	at org.testng.Assert.assertEquals(Assert.java:200)
	at xuxiaochan.test.airwallex.BankInfoEndpointTest.bankInfoCollectEndpointRequest(BankInfoEndpointTest.java:129)
	at sun.reflect.GeneratedMethodAccessor1.invoke(Unknown Source)
	at sun.reflect.DelegatingMethodAccessorImpl.invoke(DelegatingMethodAccessorImpl.java:43)
	at java.lang.reflect.Method.invoke(Method.java:498)
	at org.testng.internal.MethodInvocationHelper.invokeMethod(MethodInvocationHelper.java:104)
	at org.testng.internal.Invoker.invokeMethod(Invoker.java:645)
	at org.testng.internal.Invoker.invokeTestMethod(Invoker.java:851)
	at org.testng.internal.Invoker.invokeTestMethods(Invoker.java:1177)
	at org.testng.internal.TestMethodWorker.invokeTestMethods(TestMethodWorker.java:129)
	at org.testng.internal.TestMethodWorker.run(TestMethodWorker.java:112)
	at org.testng.TestRunner.privateRun(TestRunner.java:756)
	at org.testng.TestRunner.run(TestRunner.java:610)
	at org.testng.SuiteRunner.runTest(SuiteRunner.java:387)
	at org.testng.SuiteRunner.runSequentially(SuiteRunner.java:382)
	at org.testng.SuiteRunner.privateRun(SuiteRunner.java:340)
	at org.testng.SuiteRunner.run(SuiteRunner.java:289)
	at org.testng.SuiteRunnerWorker.runSuite(SuiteRunnerWorker.java:52)
	at org.testng.SuiteRunnerWorker.run(SuiteRunnerWorker.java:86)
	at org.testng.TestNG.runSuitesSequentially(TestNG.java:1293)
	at org.testng.TestNG.runSuitesLocally(TestNG.java:1218)
	at org.testng.TestNG.runSuites(TestNG.java:1133)
	at org.testng.TestNG.run(TestNG.java:1104)
	at org.testng.remote.AbstractRemoteTestNG.run(AbstractRemoteTestNG.java:126)
	at org.testng.remote.RemoteTestNG.initAndRun(RemoteTestNG.java:152)
	at org.testng.remote.RemoteTestNG.main(RemoteTestNG.java:57)
</pre></div></td>
<td>0</td>
<td>xuxiaochan.test.airwallex.BankInfoEndpointTest@2a5ca609</td></tr>
<tr>
<td title='xuxiaochan.test.airwallex.BankInfoEndpointTest.bankInfoCollectEndpointRequest()'><b>bankInfoCollectEndpointRequest</b><br>Test class: xuxiaochan.test.airwallex.BankInfoEndpointTest<br>Parameters: length of account_number validate when bank_country_code is CN: 7, payment_method, SWIFT, bank_country_code, CN, account_name, John Smith, account_number, 1212123, swift_code, ICBCCNBJ, invalid_bsb, , aba, 11122233A, HTTP/1.1 400 Bad Request, {"error":"Length of account_number should be between 8 and 20 when bank_country_code is 'CN'"}</td>
<td><div><pre>java.lang.AssertionError: expected [{&quot;error&quot;:&quot;Length of account_number should be between 8 and 20 when bank_country_code is &apos;CN&apos;&quot;}] but found [{&quot;success&quot;:&quot;Bank details saved&quot;}]
	at org.testng.Assert.fail(Assert.java:94)
	at org.testng.Assert.failNotEquals(Assert.java:513)
	at org.testng.Assert.assertEqualsImpl(Assert.java:135)
	at org.testng.Assert.assertEquals(Assert.java:116)
	at org.testng.Assert.assertEquals(Assert.java:190)
	at org.testng.Assert.assertEquals(Assert.java:200)
	at xuxiaochan.test.airwallex.BankInfoEndpointTest.bankInfoCollectEndpointRequest(BankInfoEndpointTest.java:129)
	at sun.reflect.GeneratedMethodAccessor1.invoke(Unknown Source)
	at sun.reflect.DelegatingMethodAccessorImpl.invoke(DelegatingMethodAccessorImpl.java:43)
	at java.lang.reflect.Method.invoke(Method.java:498)
	at org.testng.internal.MethodInvocationHelper.invokeMethod(MethodInvocationHelper.java:104)
	at org.testng.internal.Invoker.invokeMethod(Invoker.java:645)
	at org.testng.internal.Invoker.invokeTestMethod(Invoker.java:851)
	at org.testng.internal.Invoker.invokeTestMethods(Invoker.java:1177)
	at org.testng.internal.TestMethodWorker.invokeTestMethods(TestMethodWorker.java:129)
	at org.testng.internal.TestMethodWorker.run(TestMethodWorker.java:112)
	at org.testng.TestRunner.privateRun(TestRunner.java:756)
	at org.testng.TestRunner.run(TestRunner.java:610)
	at org.testng.SuiteRunner.runTest(SuiteRunner.java:387)
	at org.testng.SuiteRunner.runSequentially(SuiteRunner.java:382)
	at org.testng.SuiteRunner.privateRun(SuiteRunner.java:340)
	at org.testng.SuiteRunner.run(SuiteRunner.java:289)
	at org.testng.SuiteRunnerWorker.runSuite(SuiteRunnerWorker.java:52)
	at org.testng.SuiteRunnerWorker.run(SuiteRunnerWorker.java:86)
	at org.testng.TestNG.runSuitesSequentially(TestNG.java:1293)
	at org.testng.TestNG.runSuitesLocally(TestNG.java:1218)
	at org.testng.TestNG.runSuites(TestNG.java:1133)
	at org.testng.TestNG.run(TestNG.java:1104)
	at org.testng.remote.AbstractRemoteTestNG.run(AbstractRemoteTestNG.java:126)
	at org.testng.remote.RemoteTestNG.initAndRun(RemoteTestNG.java:152)
	at org.testng.remote.RemoteTestNG.main(RemoteTestNG.java:57)
</pre></div><a href='#' onClick='toggleBox("stack-trace1961945640", this, "Click to show all stack frames", "Click to hide stack frames")'>Click to show all stack frames</a>
<div class='stack-trace' id='stack-trace1961945640'><pre>java.lang.AssertionError: expected [{&quot;error&quot;:&quot;Length of account_number should be between 8 and 20 when bank_country_code is &apos;CN&apos;&quot;}] but found [{&quot;success&quot;:&quot;Bank details saved&quot;}]
	at org.testng.Assert.fail(Assert.java:94)
	at org.testng.Assert.failNotEquals(Assert.java:513)
	at org.testng.Assert.assertEqualsImpl(Assert.java:135)
	at org.testng.Assert.assertEquals(Assert.java:116)
	at org.testng.Assert.assertEquals(Assert.java:190)
	at org.testng.Assert.assertEquals(Assert.java:200)
	at xuxiaochan.test.airwallex.BankInfoEndpointTest.bankInfoCollectEndpointRequest(BankInfoEndpointTest.java:129)
	at sun.reflect.GeneratedMethodAccessor1.invoke(Unknown Source)
	at sun.reflect.DelegatingMethodAccessorImpl.invoke(DelegatingMethodAccessorImpl.java:43)
	at java.lang.reflect.Method.invoke(Method.java:498)
	at org.testng.internal.MethodInvocationHelper.invokeMethod(MethodInvocationHelper.java:104)
	at org.testng.internal.Invoker.invokeMethod(Invoker.java:645)
	at org.testng.internal.Invoker.invokeTestMethod(Invoker.java:851)
	at org.testng.internal.Invoker.invokeTestMethods(Invoker.java:1177)
	at org.testng.internal.TestMethodWorker.invokeTestMethods(TestMethodWorker.java:129)
	at org.testng.internal.TestMethodWorker.run(TestMethodWorker.java:112)
	at org.testng.TestRunner.privateRun(TestRunner.java:756)
	at org.testng.TestRunner.run(TestRunner.java:610)
	at org.testng.SuiteRunner.runTest(SuiteRunner.java:387)
	at org.testng.SuiteRunner.runSequentially(SuiteRunner.java:382)
	at org.testng.SuiteRunner.privateRun(SuiteRunner.java:340)
	at org.testng.SuiteRunner.run(SuiteRunner.java:289)
	at org.testng.SuiteRunnerWorker.runSuite(SuiteRunnerWorker.java:52)
	at org.testng.SuiteRunnerWorker.run(SuiteRunnerWorker.java:86)
	at org.testng.TestNG.runSuitesSequentially(TestNG.java:1293)
	at org.testng.TestNG.runSuitesLocally(TestNG.java:1218)
	at org.testng.TestNG.runSuites(TestNG.java:1133)
	at org.testng.TestNG.run(TestNG.java:1104)
	at org.testng.remote.AbstractRemoteTestNG.run(AbstractRemoteTestNG.java:126)
	at org.testng.remote.RemoteTestNG.initAndRun(RemoteTestNG.java:152)
	at org.testng.remote.RemoteTestNG.main(RemoteTestNG.java:57)
</pre></div></td>
<td>0</td>
<td>xuxiaochan.test.airwallex.BankInfoEndpointTest@2a5ca609</td></tr>
<tr>
<td title='xuxiaochan.test.airwallex.BankInfoEndpointTest.bankInfoCollectEndpointRequest()'><b>bankInfoCollectEndpointRequest</b><br>Test class: xuxiaochan.test.airwallex.BankInfoEndpointTest<br>Parameters: length of account_number validate when bank_country_code is CN: 20 with invalid_abs, payment_method, SWIFT, bank_country_code, CN, account_name, John Smith, account_number, 12321234567890987654, swift_code, ICBCCNBJ, invalid_bsb, , invalid_aba, 11122233A, HTTP/1.1 200 OK, {"success":"Bank details saved"}</td>
<td><div><pre>java.lang.AssertionError: expected [{&quot;success&quot;:&quot;Bank details saved&quot;}] but found [{&quot;error&quot;:&quot;Length of account_number should be between 7 and 11 when bank_country_code is &apos;US&apos;&quot;}]
	at org.testng.Assert.fail(Assert.java:94)
	at org.testng.Assert.failNotEquals(Assert.java:513)
	at org.testng.Assert.assertEqualsImpl(Assert.java:135)
	at org.testng.Assert.assertEquals(Assert.java:116)
	at org.testng.Assert.assertEquals(Assert.java:190)
	at org.testng.Assert.assertEquals(Assert.java:200)
	at xuxiaochan.test.airwallex.BankInfoEndpointTest.bankInfoCollectEndpointRequest(BankInfoEndpointTest.java:129)
	at sun.reflect.GeneratedMethodAccessor1.invoke(Unknown Source)
	at sun.reflect.DelegatingMethodAccessorImpl.invoke(DelegatingMethodAccessorImpl.java:43)
	at java.lang.reflect.Method.invoke(Method.java:498)
	at org.testng.internal.MethodInvocationHelper.invokeMethod(MethodInvocationHelper.java:104)
	at org.testng.internal.Invoker.invokeMethod(Invoker.java:645)
	at org.testng.internal.Invoker.invokeTestMethod(Invoker.java:851)
	at org.testng.internal.Invoker.invokeTestMethods(Invoker.java:1177)
	at org.testng.internal.TestMethodWorker.invokeTestMethods(TestMethodWorker.java:129)
	at org.testng.internal.TestMethodWorker.run(TestMethodWorker.java:112)
	at org.testng.TestRunner.privateRun(TestRunner.java:756)
	at org.testng.TestRunner.run(TestRunner.java:610)
	at org.testng.SuiteRunner.runTest(SuiteRunner.java:387)
	at org.testng.SuiteRunner.runSequentially(SuiteRunner.java:382)
	at org.testng.SuiteRunner.privateRun(SuiteRunner.java:340)
	at org.testng.SuiteRunner.run(SuiteRunner.java:289)
	at org.testng.SuiteRunnerWorker.runSuite(SuiteRunnerWorker.java:52)
	at org.testng.SuiteRunnerWorker.run(SuiteRunnerWorker.java:86)
	at org.testng.TestNG.runSuitesSequentially(TestNG.java:1293)
	at org.testng.TestNG.runSuitesLocally(TestNG.java:1218)
	at org.testng.TestNG.runSuites(TestNG.java:1133)
	at org.testng.TestNG.run(TestNG.java:1104)
	at org.testng.remote.AbstractRemoteTestNG.run(AbstractRemoteTestNG.java:126)
	at org.testng.remote.RemoteTestNG.initAndRun(RemoteTestNG.java:152)
	at org.testng.remote.RemoteTestNG.main(RemoteTestNG.java:57)
</pre></div><a href='#' onClick='toggleBox("stack-trace2040467681", this, "Click to show all stack frames", "Click to hide stack frames")'>Click to show all stack frames</a>
<div class='stack-trace' id='stack-trace2040467681'><pre>java.lang.AssertionError: expected [{&quot;success&quot;:&quot;Bank details saved&quot;}] but found [{&quot;error&quot;:&quot;Length of account_number should be between 7 and 11 when bank_country_code is &apos;US&apos;&quot;}]
	at org.testng.Assert.fail(Assert.java:94)
	at org.testng.Assert.failNotEquals(Assert.java:513)
	at org.testng.Assert.assertEqualsImpl(Assert.java:135)
	at org.testng.Assert.assertEquals(Assert.java:116)
	at org.testng.Assert.assertEquals(Assert.java:190)
	at org.testng.Assert.assertEquals(Assert.java:200)
	at xuxiaochan.test.airwallex.BankInfoEndpointTest.bankInfoCollectEndpointRequest(BankInfoEndpointTest.java:129)
	at sun.reflect.GeneratedMethodAccessor1.invoke(Unknown Source)
	at sun.reflect.DelegatingMethodAccessorImpl.invoke(DelegatingMethodAccessorImpl.java:43)
	at java.lang.reflect.Method.invoke(Method.java:498)
	at org.testng.internal.MethodInvocationHelper.invokeMethod(MethodInvocationHelper.java:104)
	at org.testng.internal.Invoker.invokeMethod(Invoker.java:645)
	at org.testng.internal.Invoker.invokeTestMethod(Invoker.java:851)
	at org.testng.internal.Invoker.invokeTestMethods(Invoker.java:1177)
	at org.testng.internal.TestMethodWorker.invokeTestMethods(TestMethodWorker.java:129)
	at org.testng.internal.TestMethodWorker.run(TestMethodWorker.java:112)
	at org.testng.TestRunner.privateRun(TestRunner.java:756)
	at org.testng.TestRunner.run(TestRunner.java:610)
	at org.testng.SuiteRunner.runTest(SuiteRunner.java:387)
	at org.testng.SuiteRunner.runSequentially(SuiteRunner.java:382)
	at org.testng.SuiteRunner.privateRun(SuiteRunner.java:340)
	at org.testng.SuiteRunner.run(SuiteRunner.java:289)
	at org.testng.SuiteRunnerWorker.runSuite(SuiteRunnerWorker.java:52)
	at org.testng.SuiteRunnerWorker.run(SuiteRunnerWorker.java:86)
	at org.testng.TestNG.runSuitesSequentially(TestNG.java:1293)
	at org.testng.TestNG.runSuitesLocally(TestNG.java:1218)
	at org.testng.TestNG.runSuites(TestNG.java:1133)
	at org.testng.TestNG.run(TestNG.java:1104)
	at org.testng.remote.AbstractRemoteTestNG.run(AbstractRemoteTestNG.java:126)
	at org.testng.remote.RemoteTestNG.initAndRun(RemoteTestNG.java:152)
	at org.testng.remote.RemoteTestNG.main(RemoteTestNG.java:57)
</pre></div></td>
<td>0</td>
<td>xuxiaochan.test.airwallex.BankInfoEndpointTest@2a5ca609</td></tr>
<tr>
<td title='xuxiaochan.test.airwallex.BankInfoEndpointTest.bankInfoCollectEndpointRequest()'><b>bankInfoCollectEndpointRequest</b><br>Test class: xuxiaochan.test.airwallex.BankInfoEndpointTest<br>Parameters: length of account_number validate when bank_country_code is CN: 20, payment_method, SWIFT, bank_country_code, CN, account_name, John Smith, account_number, 12321234567890987654, swift_code, ICBCCNBJ, invalid_bsb, , aba, 11122233A, HTTP/1.1 200 OK, {"success":"Bank details saved"}</td>
<td><div><pre>java.lang.AssertionError: expected [{&quot;success&quot;:&quot;Bank details saved&quot;}] but found [{&quot;error&quot;:&quot;Length of account_number should be between 7 and 11 when bank_country_code is &apos;US&apos;&quot;}]
	at org.testng.Assert.fail(Assert.java:94)
	at org.testng.Assert.failNotEquals(Assert.java:513)
	at org.testng.Assert.assertEqualsImpl(Assert.java:135)
	at org.testng.Assert.assertEquals(Assert.java:116)
	at org.testng.Assert.assertEquals(Assert.java:190)
	at org.testng.Assert.assertEquals(Assert.java:200)
	at xuxiaochan.test.airwallex.BankInfoEndpointTest.bankInfoCollectEndpointRequest(BankInfoEndpointTest.java:129)
	at sun.reflect.GeneratedMethodAccessor1.invoke(Unknown Source)
	at sun.reflect.DelegatingMethodAccessorImpl.invoke(DelegatingMethodAccessorImpl.java:43)
	at java.lang.reflect.Method.invoke(Method.java:498)
	at org.testng.internal.MethodInvocationHelper.invokeMethod(MethodInvocationHelper.java:104)
	at org.testng.internal.Invoker.invokeMethod(Invoker.java:645)
	at org.testng.internal.Invoker.invokeTestMethod(Invoker.java:851)
	at org.testng.internal.Invoker.invokeTestMethods(Invoker.java:1177)
	at org.testng.internal.TestMethodWorker.invokeTestMethods(TestMethodWorker.java:129)
	at org.testng.internal.TestMethodWorker.run(TestMethodWorker.java:112)
	at org.testng.TestRunner.privateRun(TestRunner.java:756)
	at org.testng.TestRunner.run(TestRunner.java:610)
	at org.testng.SuiteRunner.runTest(SuiteRunner.java:387)
	at org.testng.SuiteRunner.runSequentially(SuiteRunner.java:382)
	at org.testng.SuiteRunner.privateRun(SuiteRunner.java:340)
	at org.testng.SuiteRunner.run(SuiteRunner.java:289)
	at org.testng.SuiteRunnerWorker.runSuite(SuiteRunnerWorker.java:52)
	at org.testng.SuiteRunnerWorker.run(SuiteRunnerWorker.java:86)
	at org.testng.TestNG.runSuitesSequentially(TestNG.java:1293)
	at org.testng.TestNG.runSuitesLocally(TestNG.java:1218)
	at org.testng.TestNG.runSuites(TestNG.java:1133)
	at org.testng.TestNG.run(TestNG.java:1104)
	at org.testng.remote.AbstractRemoteTestNG.run(AbstractRemoteTestNG.java:126)
	at org.testng.remote.RemoteTestNG.initAndRun(RemoteTestNG.java:152)
	at org.testng.remote.RemoteTestNG.main(RemoteTestNG.java:57)
</pre></div><a href='#' onClick='toggleBox("stack-trace68377659", this, "Click to show all stack frames", "Click to hide stack frames")'>Click to show all stack frames</a>
<div class='stack-trace' id='stack-trace68377659'><pre>java.lang.AssertionError: expected [{&quot;success&quot;:&quot;Bank details saved&quot;}] but found [{&quot;error&quot;:&quot;Length of account_number should be between 7 and 11 when bank_country_code is &apos;US&apos;&quot;}]
	at org.testng.Assert.fail(Assert.java:94)
	at org.testng.Assert.failNotEquals(Assert.java:513)
	at org.testng.Assert.assertEqualsImpl(Assert.java:135)
	at org.testng.Assert.assertEquals(Assert.java:116)
	at org.testng.Assert.assertEquals(Assert.java:190)
	at org.testng.Assert.assertEquals(Assert.java:200)
	at xuxiaochan.test.airwallex.BankInfoEndpointTest.bankInfoCollectEndpointRequest(BankInfoEndpointTest.java:129)
	at sun.reflect.GeneratedMethodAccessor1.invoke(Unknown Source)
	at sun.reflect.DelegatingMethodAccessorImpl.invoke(DelegatingMethodAccessorImpl.java:43)
	at java.lang.reflect.Method.invoke(Method.java:498)
	at org.testng.internal.MethodInvocationHelper.invokeMethod(MethodInvocationHelper.java:104)
	at org.testng.internal.Invoker.invokeMethod(Invoker.java:645)
	at org.testng.internal.Invoker.invokeTestMethod(Invoker.java:851)
	at org.testng.internal.Invoker.invokeTestMethods(Invoker.java:1177)
	at org.testng.internal.TestMethodWorker.invokeTestMethods(TestMethodWorker.java:129)
	at org.testng.internal.TestMethodWorker.run(TestMethodWorker.java:112)
	at org.testng.TestRunner.privateRun(TestRunner.java:756)
	at org.testng.TestRunner.run(TestRunner.java:610)
	at org.testng.SuiteRunner.runTest(SuiteRunner.java:387)
	at org.testng.SuiteRunner.runSequentially(SuiteRunner.java:382)
	at org.testng.SuiteRunner.privateRun(SuiteRunner.java:340)
	at org.testng.SuiteRunner.run(SuiteRunner.java:289)
	at org.testng.SuiteRunnerWorker.runSuite(SuiteRunnerWorker.java:52)
	at org.testng.SuiteRunnerWorker.run(SuiteRunnerWorker.java:86)
	at org.testng.TestNG.runSuitesSequentially(TestNG.java:1293)
	at org.testng.TestNG.runSuitesLocally(TestNG.java:1218)
	at org.testng.TestNG.runSuites(TestNG.java:1133)
	at org.testng.TestNG.run(TestNG.java:1104)
	at org.testng.remote.AbstractRemoteTestNG.run(AbstractRemoteTestNG.java:126)
	at org.testng.remote.RemoteTestNG.initAndRun(RemoteTestNG.java:152)
	at org.testng.remote.RemoteTestNG.main(RemoteTestNG.java:57)
</pre></div></td>
<td>0</td>
<td>xuxiaochan.test.airwallex.BankInfoEndpointTest@2a5ca609</td></tr>
<tr>
<td title='xuxiaochan.test.airwallex.BankInfoEndpointTest.bankInfoCollectEndpointRequest()'><b>bankInfoCollectEndpointRequest</b><br>Test class: xuxiaochan.test.airwallex.BankInfoEndpointTest<br>Parameters: length of account_number validate when bank_country_code is CN: 21, payment_method, SWIFT, bank_country_code, CN, account_name, John Smith, account_number, 123456789012345678901, swift_code, ICBCCNBJ, invalid_bsb, , aba, 11122233A, HTTP/1.1 400 Bad Request, {"error":"Length of account_number should be between 8 and 20 when bank_country_code is 'CN'"}</td>
<td><div><pre>java.lang.AssertionError: expected [{&quot;error&quot;:&quot;Length of account_number should be between 8 and 20 when bank_country_code is &apos;CN&apos;&quot;}] but found [{&quot;error&quot;:&quot;Length of account_number should be between 7 and 11 when bank_country_code is &apos;US&apos;&quot;}]
	at org.testng.Assert.fail(Assert.java:94)
	at org.testng.Assert.failNotEquals(Assert.java:513)
	at org.testng.Assert.assertEqualsImpl(Assert.java:135)
	at org.testng.Assert.assertEquals(Assert.java:116)
	at org.testng.Assert.assertEquals(Assert.java:190)
	at org.testng.Assert.assertEquals(Assert.java:200)
	at xuxiaochan.test.airwallex.BankInfoEndpointTest.bankInfoCollectEndpointRequest(BankInfoEndpointTest.java:129)
	at sun.reflect.GeneratedMethodAccessor1.invoke(Unknown Source)
	at sun.reflect.DelegatingMethodAccessorImpl.invoke(DelegatingMethodAccessorImpl.java:43)
	at java.lang.reflect.Method.invoke(Method.java:498)
	at org.testng.internal.MethodInvocationHelper.invokeMethod(MethodInvocationHelper.java:104)
	at org.testng.internal.Invoker.invokeMethod(Invoker.java:645)
	at org.testng.internal.Invoker.invokeTestMethod(Invoker.java:851)
	at org.testng.internal.Invoker.invokeTestMethods(Invoker.java:1177)
	at org.testng.internal.TestMethodWorker.invokeTestMethods(TestMethodWorker.java:129)
	at org.testng.internal.TestMethodWorker.run(TestMethodWorker.java:112)
	at org.testng.TestRunner.privateRun(TestRunner.java:756)
	at org.testng.TestRunner.run(TestRunner.java:610)
	at org.testng.SuiteRunner.runTest(SuiteRunner.java:387)
	at org.testng.SuiteRunner.runSequentially(SuiteRunner.java:382)
	at org.testng.SuiteRunner.privateRun(SuiteRunner.java:340)
	at org.testng.SuiteRunner.run(SuiteRunner.java:289)
	at org.testng.SuiteRunnerWorker.runSuite(SuiteRunnerWorker.java:52)
	at org.testng.SuiteRunnerWorker.run(SuiteRunnerWorker.java:86)
	at org.testng.TestNG.runSuitesSequentially(TestNG.java:1293)
	at org.testng.TestNG.runSuitesLocally(TestNG.java:1218)
	at org.testng.TestNG.runSuites(TestNG.java:1133)
	at org.testng.TestNG.run(TestNG.java:1104)
	at org.testng.remote.AbstractRemoteTestNG.run(AbstractRemoteTestNG.java:126)
	at org.testng.remote.RemoteTestNG.initAndRun(RemoteTestNG.java:152)
	at org.testng.remote.RemoteTestNG.main(RemoteTestNG.java:57)
</pre></div><a href='#' onClick='toggleBox("stack-trace1168019749", this, "Click to show all stack frames", "Click to hide stack frames")'>Click to show all stack frames</a>
<div class='stack-trace' id='stack-trace1168019749'><pre>java.lang.AssertionError: expected [{&quot;error&quot;:&quot;Length of account_number should be between 8 and 20 when bank_country_code is &apos;CN&apos;&quot;}] but found [{&quot;error&quot;:&quot;Length of account_number should be between 7 and 11 when bank_country_code is &apos;US&apos;&quot;}]
	at org.testng.Assert.fail(Assert.java:94)
	at org.testng.Assert.failNotEquals(Assert.java:513)
	at org.testng.Assert.assertEqualsImpl(Assert.java:135)
	at org.testng.Assert.assertEquals(Assert.java:116)
	at org.testng.Assert.assertEquals(Assert.java:190)
	at org.testng.Assert.assertEquals(Assert.java:200)
	at xuxiaochan.test.airwallex.BankInfoEndpointTest.bankInfoCollectEndpointRequest(BankInfoEndpointTest.java:129)
	at sun.reflect.GeneratedMethodAccessor1.invoke(Unknown Source)
	at sun.reflect.DelegatingMethodAccessorImpl.invoke(DelegatingMethodAccessorImpl.java:43)
	at java.lang.reflect.Method.invoke(Method.java:498)
	at org.testng.internal.MethodInvocationHelper.invokeMethod(MethodInvocationHelper.java:104)
	at org.testng.internal.Invoker.invokeMethod(Invoker.java:645)
	at org.testng.internal.Invoker.invokeTestMethod(Invoker.java:851)
	at org.testng.internal.Invoker.invokeTestMethods(Invoker.java:1177)
	at org.testng.internal.TestMethodWorker.invokeTestMethods(TestMethodWorker.java:129)
	at org.testng.internal.TestMethodWorker.run(TestMethodWorker.java:112)
	at org.testng.TestRunner.privateRun(TestRunner.java:756)
	at org.testng.TestRunner.run(TestRunner.java:610)
	at org.testng.SuiteRunner.runTest(SuiteRunner.java:387)
	at org.testng.SuiteRunner.runSequentially(SuiteRunner.java:382)
	at org.testng.SuiteRunner.privateRun(SuiteRunner.java:340)
	at org.testng.SuiteRunner.run(SuiteRunner.java:289)
	at org.testng.SuiteRunnerWorker.runSuite(SuiteRunnerWorker.java:52)
	at org.testng.SuiteRunnerWorker.run(SuiteRunnerWorker.java:86)
	at org.testng.TestNG.runSuitesSequentially(TestNG.java:1293)
	at org.testng.TestNG.runSuitesLocally(TestNG.java:1218)
	at org.testng.TestNG.runSuites(TestNG.java:1133)
	at org.testng.TestNG.run(TestNG.java:1104)
	at org.testng.remote.AbstractRemoteTestNG.run(AbstractRemoteTestNG.java:126)
	at org.testng.remote.RemoteTestNG.initAndRun(RemoteTestNG.java:152)
	at org.testng.remote.RemoteTestNG.main(RemoteTestNG.java:57)
</pre></div></td>
<td>0</td>
<td>xuxiaochan.test.airwallex.BankInfoEndpointTest@2a5ca609</td></tr>
<tr>
<td title='xuxiaochan.test.airwallex.BankInfoEndpointTest.bankInfoCollectEndpointRequest()'><b>bankInfoCollectEndpointRequest</b><br>Test class: xuxiaochan.test.airwallex.BankInfoEndpointTest<br>Parameters: the 5th and 6th characters of swift_code validate when bank_country_code is CN: pass, payment_method, SWIFT, bank_country_code, CN, account_name, John Smith, account_number, 1234567890, swift_code, ICBCCNBJ, invalid_bsb, , aba, 11122233A, HTTP/1.1 200 OK, {"success":"Bank details saved"}</td>
<td><div><pre>java.lang.AssertionError: expected [{&quot;success&quot;:&quot;Bank details saved&quot;}] but found [{&quot;error&quot;:&quot;Length of account_number should be between 7 and 11 when bank_country_code is &apos;US&apos;&quot;}]
	at org.testng.Assert.fail(Assert.java:94)
	at org.testng.Assert.failNotEquals(Assert.java:513)
	at org.testng.Assert.assertEqualsImpl(Assert.java:135)
	at org.testng.Assert.assertEquals(Assert.java:116)
	at org.testng.Assert.assertEquals(Assert.java:190)
	at org.testng.Assert.assertEquals(Assert.java:200)
	at xuxiaochan.test.airwallex.BankInfoEndpointTest.bankInfoCollectEndpointRequest(BankInfoEndpointTest.java:129)
	at sun.reflect.GeneratedMethodAccessor1.invoke(Unknown Source)
	at sun.reflect.DelegatingMethodAccessorImpl.invoke(DelegatingMethodAccessorImpl.java:43)
	at java.lang.reflect.Method.invoke(Method.java:498)
	at org.testng.internal.MethodInvocationHelper.invokeMethod(MethodInvocationHelper.java:104)
	at org.testng.internal.Invoker.invokeMethod(Invoker.java:645)
	at org.testng.internal.Invoker.invokeTestMethod(Invoker.java:851)
	at org.testng.internal.Invoker.invokeTestMethods(Invoker.java:1177)
	at org.testng.internal.TestMethodWorker.invokeTestMethods(TestMethodWorker.java:129)
	at org.testng.internal.TestMethodWorker.run(TestMethodWorker.java:112)
	at org.testng.TestRunner.privateRun(TestRunner.java:756)
	at org.testng.TestRunner.run(TestRunner.java:610)
	at org.testng.SuiteRunner.runTest(SuiteRunner.java:387)
	at org.testng.SuiteRunner.runSequentially(SuiteRunner.java:382)
	at org.testng.SuiteRunner.privateRun(SuiteRunner.java:340)
	at org.testng.SuiteRunner.run(SuiteRunner.java:289)
	at org.testng.SuiteRunnerWorker.runSuite(SuiteRunnerWorker.java:52)
	at org.testng.SuiteRunnerWorker.run(SuiteRunnerWorker.java:86)
	at org.testng.TestNG.runSuitesSequentially(TestNG.java:1293)
	at org.testng.TestNG.runSuitesLocally(TestNG.java:1218)
	at org.testng.TestNG.runSuites(TestNG.java:1133)
	at org.testng.TestNG.run(TestNG.java:1104)
	at org.testng.remote.AbstractRemoteTestNG.run(AbstractRemoteTestNG.java:126)
	at org.testng.remote.RemoteTestNG.initAndRun(RemoteTestNG.java:152)
	at org.testng.remote.RemoteTestNG.main(RemoteTestNG.java:57)
</pre></div><a href='#' onClick='toggleBox("stack-trace1647809929", this, "Click to show all stack frames", "Click to hide stack frames")'>Click to show all stack frames</a>
<div class='stack-trace' id='stack-trace1647809929'><pre>java.lang.AssertionError: expected [{&quot;success&quot;:&quot;Bank details saved&quot;}] but found [{&quot;error&quot;:&quot;Length of account_number should be between 7 and 11 when bank_country_code is &apos;US&apos;&quot;}]
	at org.testng.Assert.fail(Assert.java:94)
	at org.testng.Assert.failNotEquals(Assert.java:513)
	at org.testng.Assert.assertEqualsImpl(Assert.java:135)
	at org.testng.Assert.assertEquals(Assert.java:116)
	at org.testng.Assert.assertEquals(Assert.java:190)
	at org.testng.Assert.assertEquals(Assert.java:200)
	at xuxiaochan.test.airwallex.BankInfoEndpointTest.bankInfoCollectEndpointRequest(BankInfoEndpointTest.java:129)
	at sun.reflect.GeneratedMethodAccessor1.invoke(Unknown Source)
	at sun.reflect.DelegatingMethodAccessorImpl.invoke(DelegatingMethodAccessorImpl.java:43)
	at java.lang.reflect.Method.invoke(Method.java:498)
	at org.testng.internal.MethodInvocationHelper.invokeMethod(MethodInvocationHelper.java:104)
	at org.testng.internal.Invoker.invokeMethod(Invoker.java:645)
	at org.testng.internal.Invoker.invokeTestMethod(Invoker.java:851)
	at org.testng.internal.Invoker.invokeTestMethods(Invoker.java:1177)
	at org.testng.internal.TestMethodWorker.invokeTestMethods(TestMethodWorker.java:129)
	at org.testng.internal.TestMethodWorker.run(TestMethodWorker.java:112)
	at org.testng.TestRunner.privateRun(TestRunner.java:756)
	at org.testng.TestRunner.run(TestRunner.java:610)
	at org.testng.SuiteRunner.runTest(SuiteRunner.java:387)
	at org.testng.SuiteRunner.runSequentially(SuiteRunner.java:382)
	at org.testng.SuiteRunner.privateRun(SuiteRunner.java:340)
	at org.testng.SuiteRunner.run(SuiteRunner.java:289)
	at org.testng.SuiteRunnerWorker.runSuite(SuiteRunnerWorker.java:52)
	at org.testng.SuiteRunnerWorker.run(SuiteRunnerWorker.java:86)
	at org.testng.TestNG.runSuitesSequentially(TestNG.java:1293)
	at org.testng.TestNG.runSuitesLocally(TestNG.java:1218)
	at org.testng.TestNG.runSuites(TestNG.java:1133)
	at org.testng.TestNG.run(TestNG.java:1104)
	at org.testng.remote.AbstractRemoteTestNG.run(AbstractRemoteTestNG.java:126)
	at org.testng.remote.RemoteTestNG.initAndRun(RemoteTestNG.java:152)
	at org.testng.remote.RemoteTestNG.main(RemoteTestNG.java:57)
</pre></div></td>
<td>0</td>
<td>xuxiaochan.test.airwallex.BankInfoEndpointTest@2a5ca609</td></tr>
<tr>
<td title='xuxiaochan.test.airwallex.BankInfoEndpointTest.bankInfoCollectEndpointRequest()'><b>bankInfoCollectEndpointRequest</b><br>Test class: xuxiaochan.test.airwallex.BankInfoEndpointTest<br>Parameters: the 5th character of swift_code validate when bank_country_code is CN: fail, payment_method, SWIFT, bank_country_code, CN, account_name, John Smith, account_number, 1234567890, swift_code, ICBCBNBJ, invalid_bsb, , aba, 11122233A, HTTP/1.1 400 Bad Request, {"error":"The swift code is not valid for the given bank country code: CN"}</td>
<td><div><pre>java.lang.AssertionError: expected [{&quot;error&quot;:&quot;The swift code is not valid for the given bank country code: CN&quot;}] but found [{&quot;error&quot;:&quot;Length of account_number should be between 7 and 11 when bank_country_code is &apos;US&apos;&quot;}]
	at org.testng.Assert.fail(Assert.java:94)
	at org.testng.Assert.failNotEquals(Assert.java:513)
	at org.testng.Assert.assertEqualsImpl(Assert.java:135)
	at org.testng.Assert.assertEquals(Assert.java:116)
	at org.testng.Assert.assertEquals(Assert.java:190)
	at org.testng.Assert.assertEquals(Assert.java:200)
	at xuxiaochan.test.airwallex.BankInfoEndpointTest.bankInfoCollectEndpointRequest(BankInfoEndpointTest.java:129)
	at sun.reflect.GeneratedMethodAccessor1.invoke(Unknown Source)
	at sun.reflect.DelegatingMethodAccessorImpl.invoke(DelegatingMethodAccessorImpl.java:43)
	at java.lang.reflect.Method.invoke(Method.java:498)
	at org.testng.internal.MethodInvocationHelper.invokeMethod(MethodInvocationHelper.java:104)
	at org.testng.internal.Invoker.invokeMethod(Invoker.java:645)
	at org.testng.internal.Invoker.invokeTestMethod(Invoker.java:851)
	at org.testng.internal.Invoker.invokeTestMethods(Invoker.java:1177)
	at org.testng.internal.TestMethodWorker.invokeTestMethods(TestMethodWorker.java:129)
	at org.testng.internal.TestMethodWorker.run(TestMethodWorker.java:112)
	at org.testng.TestRunner.privateRun(TestRunner.java:756)
	at org.testng.TestRunner.run(TestRunner.java:610)
	at org.testng.SuiteRunner.runTest(SuiteRunner.java:387)
	at org.testng.SuiteRunner.runSequentially(SuiteRunner.java:382)
	at org.testng.SuiteRunner.privateRun(SuiteRunner.java:340)
	at org.testng.SuiteRunner.run(SuiteRunner.java:289)
	at org.testng.SuiteRunnerWorker.runSuite(SuiteRunnerWorker.java:52)
	at org.testng.SuiteRunnerWorker.run(SuiteRunnerWorker.java:86)
	at org.testng.TestNG.runSuitesSequentially(TestNG.java:1293)
	at org.testng.TestNG.runSuitesLocally(TestNG.java:1218)
	at org.testng.TestNG.runSuites(TestNG.java:1133)
	at org.testng.TestNG.run(TestNG.java:1104)
	at org.testng.remote.AbstractRemoteTestNG.run(AbstractRemoteTestNG.java:126)
	at org.testng.remote.RemoteTestNG.initAndRun(RemoteTestNG.java:152)
	at org.testng.remote.RemoteTestNG.main(RemoteTestNG.java:57)
</pre></div><a href='#' onClick='toggleBox("stack-trace2088371948", this, "Click to show all stack frames", "Click to hide stack frames")'>Click to show all stack frames</a>
<div class='stack-trace' id='stack-trace2088371948'><pre>java.lang.AssertionError: expected [{&quot;error&quot;:&quot;The swift code is not valid for the given bank country code: CN&quot;}] but found [{&quot;error&quot;:&quot;Length of account_number should be between 7 and 11 when bank_country_code is &apos;US&apos;&quot;}]
	at org.testng.Assert.fail(Assert.java:94)
	at org.testng.Assert.failNotEquals(Assert.java:513)
	at org.testng.Assert.assertEqualsImpl(Assert.java:135)
	at org.testng.Assert.assertEquals(Assert.java:116)
	at org.testng.Assert.assertEquals(Assert.java:190)
	at org.testng.Assert.assertEquals(Assert.java:200)
	at xuxiaochan.test.airwallex.BankInfoEndpointTest.bankInfoCollectEndpointRequest(BankInfoEndpointTest.java:129)
	at sun.reflect.GeneratedMethodAccessor1.invoke(Unknown Source)
	at sun.reflect.DelegatingMethodAccessorImpl.invoke(DelegatingMethodAccessorImpl.java:43)
	at java.lang.reflect.Method.invoke(Method.java:498)
	at org.testng.internal.MethodInvocationHelper.invokeMethod(MethodInvocationHelper.java:104)
	at org.testng.internal.Invoker.invokeMethod(Invoker.java:645)
	at org.testng.internal.Invoker.invokeTestMethod(Invoker.java:851)
	at org.testng.internal.Invoker.invokeTestMethods(Invoker.java:1177)
	at org.testng.internal.TestMethodWorker.invokeTestMethods(TestMethodWorker.java:129)
	at org.testng.internal.TestMethodWorker.run(TestMethodWorker.java:112)
	at org.testng.TestRunner.privateRun(TestRunner.java:756)
	at org.testng.TestRunner.run(TestRunner.java:610)
	at org.testng.SuiteRunner.runTest(SuiteRunner.java:387)
	at org.testng.SuiteRunner.runSequentially(SuiteRunner.java:382)
	at org.testng.SuiteRunner.privateRun(SuiteRunner.java:340)
	at org.testng.SuiteRunner.run(SuiteRunner.java:289)
	at org.testng.SuiteRunnerWorker.runSuite(SuiteRunnerWorker.java:52)
	at org.testng.SuiteRunnerWorker.run(SuiteRunnerWorker.java:86)
	at org.testng.TestNG.runSuitesSequentially(TestNG.java:1293)
	at org.testng.TestNG.runSuitesLocally(TestNG.java:1218)
	at org.testng.TestNG.runSuites(TestNG.java:1133)
	at org.testng.TestNG.run(TestNG.java:1104)
	at org.testng.remote.AbstractRemoteTestNG.run(AbstractRemoteTestNG.java:126)
	at org.testng.remote.RemoteTestNG.initAndRun(RemoteTestNG.java:152)
	at org.testng.remote.RemoteTestNG.main(RemoteTestNG.java:57)
</pre></div></td>
<td>0</td>
<td>xuxiaochan.test.airwallex.BankInfoEndpointTest@2a5ca609</td></tr>
<tr>
<td title='xuxiaochan.test.airwallex.BankInfoEndpointTest.bankInfoCollectEndpointRequest()'><b>bankInfoCollectEndpointRequest</b><br>Test class: xuxiaochan.test.airwallex.BankInfoEndpointTest<br>Parameters: the 6th character of swift_code validate when bank_country_code is CN: fail, payment_method, SWIFT, bank_country_code, CN, account_name, John Smith, account_number, 1234567890, swift_code, ICBCCABJ, invalid_bsb, , aba, 11122233A, HTTP/1.1 400 Bad Request, {"error":"The swift code is not valid for the given bank country code: CN"}</td>
<td><div><pre>java.lang.AssertionError: expected [{&quot;error&quot;:&quot;The swift code is not valid for the given bank country code: CN&quot;}] but found [{&quot;error&quot;:&quot;Length of account_number should be between 7 and 11 when bank_country_code is &apos;US&apos;&quot;}]
	at org.testng.Assert.fail(Assert.java:94)
	at org.testng.Assert.failNotEquals(Assert.java:513)
	at org.testng.Assert.assertEqualsImpl(Assert.java:135)
	at org.testng.Assert.assertEquals(Assert.java:116)
	at org.testng.Assert.assertEquals(Assert.java:190)
	at org.testng.Assert.assertEquals(Assert.java:200)
	at xuxiaochan.test.airwallex.BankInfoEndpointTest.bankInfoCollectEndpointRequest(BankInfoEndpointTest.java:129)
	at sun.reflect.GeneratedMethodAccessor1.invoke(Unknown Source)
	at sun.reflect.DelegatingMethodAccessorImpl.invoke(DelegatingMethodAccessorImpl.java:43)
	at java.lang.reflect.Method.invoke(Method.java:498)
	at org.testng.internal.MethodInvocationHelper.invokeMethod(MethodInvocationHelper.java:104)
	at org.testng.internal.Invoker.invokeMethod(Invoker.java:645)
	at org.testng.internal.Invoker.invokeTestMethod(Invoker.java:851)
	at org.testng.internal.Invoker.invokeTestMethods(Invoker.java:1177)
	at org.testng.internal.TestMethodWorker.invokeTestMethods(TestMethodWorker.java:129)
	at org.testng.internal.TestMethodWorker.run(TestMethodWorker.java:112)
	at org.testng.TestRunner.privateRun(TestRunner.java:756)
	at org.testng.TestRunner.run(TestRunner.java:610)
	at org.testng.SuiteRunner.runTest(SuiteRunner.java:387)
	at org.testng.SuiteRunner.runSequentially(SuiteRunner.java:382)
	at org.testng.SuiteRunner.privateRun(SuiteRunner.java:340)
	at org.testng.SuiteRunner.run(SuiteRunner.java:289)
	at org.testng.SuiteRunnerWorker.runSuite(SuiteRunnerWorker.java:52)
	at org.testng.SuiteRunnerWorker.run(SuiteRunnerWorker.java:86)
	at org.testng.TestNG.runSuitesSequentially(TestNG.java:1293)
	at org.testng.TestNG.runSuitesLocally(TestNG.java:1218)
	at org.testng.TestNG.runSuites(TestNG.java:1133)
	at org.testng.TestNG.run(TestNG.java:1104)
	at org.testng.remote.AbstractRemoteTestNG.run(AbstractRemoteTestNG.java:126)
	at org.testng.remote.RemoteTestNG.initAndRun(RemoteTestNG.java:152)
	at org.testng.remote.RemoteTestNG.main(RemoteTestNG.java:57)
</pre></div><a href='#' onClick='toggleBox("stack-trace543846639", this, "Click to show all stack frames", "Click to hide stack frames")'>Click to show all stack frames</a>
<div class='stack-trace' id='stack-trace543846639'><pre>java.lang.AssertionError: expected [{&quot;error&quot;:&quot;The swift code is not valid for the given bank country code: CN&quot;}] but found [{&quot;error&quot;:&quot;Length of account_number should be between 7 and 11 when bank_country_code is &apos;US&apos;&quot;}]
	at org.testng.Assert.fail(Assert.java:94)
	at org.testng.Assert.failNotEquals(Assert.java:513)
	at org.testng.Assert.assertEqualsImpl(Assert.java:135)
	at org.testng.Assert.assertEquals(Assert.java:116)
	at org.testng.Assert.assertEquals(Assert.java:190)
	at org.testng.Assert.assertEquals(Assert.java:200)
	at xuxiaochan.test.airwallex.BankInfoEndpointTest.bankInfoCollectEndpointRequest(BankInfoEndpointTest.java:129)
	at sun.reflect.GeneratedMethodAccessor1.invoke(Unknown Source)
	at sun.reflect.DelegatingMethodAccessorImpl.invoke(DelegatingMethodAccessorImpl.java:43)
	at java.lang.reflect.Method.invoke(Method.java:498)
	at org.testng.internal.MethodInvocationHelper.invokeMethod(MethodInvocationHelper.java:104)
	at org.testng.internal.Invoker.invokeMethod(Invoker.java:645)
	at org.testng.internal.Invoker.invokeTestMethod(Invoker.java:851)
	at org.testng.internal.Invoker.invokeTestMethods(Invoker.java:1177)
	at org.testng.internal.TestMethodWorker.invokeTestMethods(TestMethodWorker.java:129)
	at org.testng.internal.TestMethodWorker.run(TestMethodWorker.java:112)
	at org.testng.TestRunner.privateRun(TestRunner.java:756)
	at org.testng.TestRunner.run(TestRunner.java:610)
	at org.testng.SuiteRunner.runTest(SuiteRunner.java:387)
	at org.testng.SuiteRunner.runSequentially(SuiteRunner.java:382)
	at org.testng.SuiteRunner.privateRun(SuiteRunner.java:340)
	at org.testng.SuiteRunner.run(SuiteRunner.java:289)
	at org.testng.SuiteRunnerWorker.runSuite(SuiteRunnerWorker.java:52)
	at org.testng.SuiteRunnerWorker.run(SuiteRunnerWorker.java:86)
	at org.testng.TestNG.runSuitesSequentially(TestNG.java:1293)
	at org.testng.TestNG.runSuitesLocally(TestNG.java:1218)
	at org.testng.TestNG.runSuites(TestNG.java:1133)
	at org.testng.TestNG.run(TestNG.java:1104)
	at org.testng.remote.AbstractRemoteTestNG.run(AbstractRemoteTestNG.java:126)
	at org.testng.remote.RemoteTestNG.initAndRun(RemoteTestNG.java:152)
	at org.testng.remote.RemoteTestNG.main(RemoteTestNG.java:57)
</pre></div></td>
<td>0</td>
<td>xuxiaochan.test.airwallex.BankInfoEndpointTest@2a5ca609</td></tr>
<tr>
<td title='xuxiaochan.test.airwallex.BankInfoEndpointTest.bankInfoCollectEndpointRequest()'><b>bankInfoCollectEndpointRequest</b><br>Test class: xuxiaochan.test.airwallex.BankInfoEndpointTest<br>Parameters: the length of swift_code validate: 9, payment_method, SWIFT, bank_country_code, US, account_name, John Smith, account_number, 1234567890, swift_code, ICBCUSBUD, invalid_bsb, , aba, 11122233A, HTTP/1.1 400 Bad Request, {"error":"Length of 'swift_code' should be either 8 or 11"}</td>
<td><div><pre>java.lang.AssertionError: expected [{&quot;error&quot;:&quot;Length of &apos;swift_code&apos; should be either 8 or 11&quot;}] but found [{&quot;success&quot;:&quot;Bank details saved&quot;}]
	at org.testng.Assert.fail(Assert.java:94)
	at org.testng.Assert.failNotEquals(Assert.java:513)
	at org.testng.Assert.assertEqualsImpl(Assert.java:135)
	at org.testng.Assert.assertEquals(Assert.java:116)
	at org.testng.Assert.assertEquals(Assert.java:190)
	at org.testng.Assert.assertEquals(Assert.java:200)
	at xuxiaochan.test.airwallex.BankInfoEndpointTest.bankInfoCollectEndpointRequest(BankInfoEndpointTest.java:129)
	at sun.reflect.GeneratedMethodAccessor1.invoke(Unknown Source)
	at sun.reflect.DelegatingMethodAccessorImpl.invoke(DelegatingMethodAccessorImpl.java:43)
	at java.lang.reflect.Method.invoke(Method.java:498)
	at org.testng.internal.MethodInvocationHelper.invokeMethod(MethodInvocationHelper.java:104)
	at org.testng.internal.Invoker.invokeMethod(Invoker.java:645)
	at org.testng.internal.Invoker.invokeTestMethod(Invoker.java:851)
	at org.testng.internal.Invoker.invokeTestMethods(Invoker.java:1177)
	at org.testng.internal.TestMethodWorker.invokeTestMethods(TestMethodWorker.java:129)
	at org.testng.internal.TestMethodWorker.run(TestMethodWorker.java:112)
	at org.testng.TestRunner.privateRun(TestRunner.java:756)
	at org.testng.TestRunner.run(TestRunner.java:610)
	at org.testng.SuiteRunner.runTest(SuiteRunner.java:387)
	at org.testng.SuiteRunner.runSequentially(SuiteRunner.java:382)
	at org.testng.SuiteRunner.privateRun(SuiteRunner.java:340)
	at org.testng.SuiteRunner.run(SuiteRunner.java:289)
	at org.testng.SuiteRunnerWorker.runSuite(SuiteRunnerWorker.java:52)
	at org.testng.SuiteRunnerWorker.run(SuiteRunnerWorker.java:86)
	at org.testng.TestNG.runSuitesSequentially(TestNG.java:1293)
	at org.testng.TestNG.runSuitesLocally(TestNG.java:1218)
	at org.testng.TestNG.runSuites(TestNG.java:1133)
	at org.testng.TestNG.run(TestNG.java:1104)
	at org.testng.remote.AbstractRemoteTestNG.run(AbstractRemoteTestNG.java:126)
	at org.testng.remote.RemoteTestNG.initAndRun(RemoteTestNG.java:152)
	at org.testng.remote.RemoteTestNG.main(RemoteTestNG.java:57)
</pre></div><a href='#' onClick='toggleBox("stack-trace18242360", this, "Click to show all stack frames", "Click to hide stack frames")'>Click to show all stack frames</a>
<div class='stack-trace' id='stack-trace18242360'><pre>java.lang.AssertionError: expected [{&quot;error&quot;:&quot;Length of &apos;swift_code&apos; should be either 8 or 11&quot;}] but found [{&quot;success&quot;:&quot;Bank details saved&quot;}]
	at org.testng.Assert.fail(Assert.java:94)
	at org.testng.Assert.failNotEquals(Assert.java:513)
	at org.testng.Assert.assertEqualsImpl(Assert.java:135)
	at org.testng.Assert.assertEquals(Assert.java:116)
	at org.testng.Assert.assertEquals(Assert.java:190)
	at org.testng.Assert.assertEquals(Assert.java:200)
	at xuxiaochan.test.airwallex.BankInfoEndpointTest.bankInfoCollectEndpointRequest(BankInfoEndpointTest.java:129)
	at sun.reflect.GeneratedMethodAccessor1.invoke(Unknown Source)
	at sun.reflect.DelegatingMethodAccessorImpl.invoke(DelegatingMethodAccessorImpl.java:43)
	at java.lang.reflect.Method.invoke(Method.java:498)
	at org.testng.internal.MethodInvocationHelper.invokeMethod(MethodInvocationHelper.java:104)
	at org.testng.internal.Invoker.invokeMethod(Invoker.java:645)
	at org.testng.internal.Invoker.invokeTestMethod(Invoker.java:851)
	at org.testng.internal.Invoker.invokeTestMethods(Invoker.java:1177)
	at org.testng.internal.TestMethodWorker.invokeTestMethods(TestMethodWorker.java:129)
	at org.testng.internal.TestMethodWorker.run(TestMethodWorker.java:112)
	at org.testng.TestRunner.privateRun(TestRunner.java:756)
	at org.testng.TestRunner.run(TestRunner.java:610)
	at org.testng.SuiteRunner.runTest(SuiteRunner.java:387)
	at org.testng.SuiteRunner.runSequentially(SuiteRunner.java:382)
	at org.testng.SuiteRunner.privateRun(SuiteRunner.java:340)
	at org.testng.SuiteRunner.run(SuiteRunner.java:289)
	at org.testng.SuiteRunnerWorker.runSuite(SuiteRunnerWorker.java:52)
	at org.testng.SuiteRunnerWorker.run(SuiteRunnerWorker.java:86)
	at org.testng.TestNG.runSuitesSequentially(TestNG.java:1293)
	at org.testng.TestNG.runSuitesLocally(TestNG.java:1218)
	at org.testng.TestNG.runSuites(TestNG.java:1133)
	at org.testng.TestNG.run(TestNG.java:1104)
	at org.testng.remote.AbstractRemoteTestNG.run(AbstractRemoteTestNG.java:126)
	at org.testng.remote.RemoteTestNG.initAndRun(RemoteTestNG.java:152)
	at org.testng.remote.RemoteTestNG.main(RemoteTestNG.java:57)
</pre></div></td>
<td>0</td>
<td>xuxiaochan.test.airwallex.BankInfoEndpointTest@2a5ca609</td></tr>
<tr>
<td title='xuxiaochan.test.airwallex.BankInfoEndpointTest.bankInfoCollectEndpointRequest()'><b>bankInfoCollectEndpointRequest</b><br>Test class: xuxiaochan.test.airwallex.BankInfoEndpointTest<br>Parameters: the length of swift_code validate: 10, payment_method, SWIFT, bank_country_code, US, account_name, John Smith, account_number, 1234567890, swift_code, ICBCUSBUDA, invalid_bsb, , aba, 11122233A, HTTP/1.1 400 Bad Request, {"error":"Length of 'swift_code' should be either 8 or 11"}</td>
<td><div><pre>java.lang.AssertionError: expected [{&quot;error&quot;:&quot;Length of &apos;swift_code&apos; should be either 8 or 11&quot;}] but found [{&quot;success&quot;:&quot;Bank details saved&quot;}]
	at org.testng.Assert.fail(Assert.java:94)
	at org.testng.Assert.failNotEquals(Assert.java:513)
	at org.testng.Assert.assertEqualsImpl(Assert.java:135)
	at org.testng.Assert.assertEquals(Assert.java:116)
	at org.testng.Assert.assertEquals(Assert.java:190)
	at org.testng.Assert.assertEquals(Assert.java:200)
	at xuxiaochan.test.airwallex.BankInfoEndpointTest.bankInfoCollectEndpointRequest(BankInfoEndpointTest.java:129)
	at sun.reflect.GeneratedMethodAccessor1.invoke(Unknown Source)
	at sun.reflect.DelegatingMethodAccessorImpl.invoke(DelegatingMethodAccessorImpl.java:43)
	at java.lang.reflect.Method.invoke(Method.java:498)
	at org.testng.internal.MethodInvocationHelper.invokeMethod(MethodInvocationHelper.java:104)
	at org.testng.internal.Invoker.invokeMethod(Invoker.java:645)
	at org.testng.internal.Invoker.invokeTestMethod(Invoker.java:851)
	at org.testng.internal.Invoker.invokeTestMethods(Invoker.java:1177)
	at org.testng.internal.TestMethodWorker.invokeTestMethods(TestMethodWorker.java:129)
	at org.testng.internal.TestMethodWorker.run(TestMethodWorker.java:112)
	at org.testng.TestRunner.privateRun(TestRunner.java:756)
	at org.testng.TestRunner.run(TestRunner.java:610)
	at org.testng.SuiteRunner.runTest(SuiteRunner.java:387)
	at org.testng.SuiteRunner.runSequentially(SuiteRunner.java:382)
	at org.testng.SuiteRunner.privateRun(SuiteRunner.java:340)
	at org.testng.SuiteRunner.run(SuiteRunner.java:289)
	at org.testng.SuiteRunnerWorker.runSuite(SuiteRunnerWorker.java:52)
	at org.testng.SuiteRunnerWorker.run(SuiteRunnerWorker.java:86)
	at org.testng.TestNG.runSuitesSequentially(TestNG.java:1293)
	at org.testng.TestNG.runSuitesLocally(TestNG.java:1218)
	at org.testng.TestNG.runSuites(TestNG.java:1133)
	at org.testng.TestNG.run(TestNG.java:1104)
	at org.testng.remote.AbstractRemoteTestNG.run(AbstractRemoteTestNG.java:126)
	at org.testng.remote.RemoteTestNG.initAndRun(RemoteTestNG.java:152)
	at org.testng.remote.RemoteTestNG.main(RemoteTestNG.java:57)
</pre></div><a href='#' onClick='toggleBox("stack-trace1632682988", this, "Click to show all stack frames", "Click to hide stack frames")'>Click to show all stack frames</a>
<div class='stack-trace' id='stack-trace1632682988'><pre>java.lang.AssertionError: expected [{&quot;error&quot;:&quot;Length of &apos;swift_code&apos; should be either 8 or 11&quot;}] but found [{&quot;success&quot;:&quot;Bank details saved&quot;}]
	at org.testng.Assert.fail(Assert.java:94)
	at org.testng.Assert.failNotEquals(Assert.java:513)
	at org.testng.Assert.assertEqualsImpl(Assert.java:135)
	at org.testng.Assert.assertEquals(Assert.java:116)
	at org.testng.Assert.assertEquals(Assert.java:190)
	at org.testng.Assert.assertEquals(Assert.java:200)
	at xuxiaochan.test.airwallex.BankInfoEndpointTest.bankInfoCollectEndpointRequest(BankInfoEndpointTest.java:129)
	at sun.reflect.GeneratedMethodAccessor1.invoke(Unknown Source)
	at sun.reflect.DelegatingMethodAccessorImpl.invoke(DelegatingMethodAccessorImpl.java:43)
	at java.lang.reflect.Method.invoke(Method.java:498)
	at org.testng.internal.MethodInvocationHelper.invokeMethod(MethodInvocationHelper.java:104)
	at org.testng.internal.Invoker.invokeMethod(Invoker.java:645)
	at org.testng.internal.Invoker.invokeTestMethod(Invoker.java:851)
	at org.testng.internal.Invoker.invokeTestMethods(Invoker.java:1177)
	at org.testng.internal.TestMethodWorker.invokeTestMethods(TestMethodWorker.java:129)
	at org.testng.internal.TestMethodWorker.run(TestMethodWorker.java:112)
	at org.testng.TestRunner.privateRun(TestRunner.java:756)
	at org.testng.TestRunner.run(TestRunner.java:610)
	at org.testng.SuiteRunner.runTest(SuiteRunner.java:387)
	at org.testng.SuiteRunner.runSequentially(SuiteRunner.java:382)
	at org.testng.SuiteRunner.privateRun(SuiteRunner.java:340)
	at org.testng.SuiteRunner.run(SuiteRunner.java:289)
	at org.testng.SuiteRunnerWorker.runSuite(SuiteRunnerWorker.java:52)
	at org.testng.SuiteRunnerWorker.run(SuiteRunnerWorker.java:86)
	at org.testng.TestNG.runSuitesSequentially(TestNG.java:1293)
	at org.testng.TestNG.runSuitesLocally(TestNG.java:1218)
	at org.testng.TestNG.runSuites(TestNG.java:1133)
	at org.testng.TestNG.run(TestNG.java:1104)
	at org.testng.remote.AbstractRemoteTestNG.run(AbstractRemoteTestNG.java:126)
	at org.testng.remote.RemoteTestNG.initAndRun(RemoteTestNG.java:152)
	at org.testng.remote.RemoteTestNG.main(RemoteTestNG.java:57)
</pre></div></td>
<td>0</td>
<td>xuxiaochan.test.airwallex.BankInfoEndpointTest@2a5ca609</td></tr>
<tr>
<td title='xuxiaochan.test.airwallex.BankInfoEndpointTest.bankInfoCollectEndpointRequest()'><b>bankInfoCollectEndpointRequest</b><br>Test class: xuxiaochan.test.airwallex.BankInfoEndpointTest<br>Parameters: optional field of bsb validate when bank_country_code is CN: pass with invalid_bsb, payment_method, SWIFT, bank_country_code, CN, account_name, John Smith, account_number, 1234567890, swift_code, ICBCCNBJ, invalid_bsb, , aba, 11122233A, HTTP/1.1 200 OK, {"success":"Bank details saved"}</td>
<td><div><pre>java.lang.AssertionError: expected [{&quot;success&quot;:&quot;Bank details saved&quot;}] but found [{&quot;error&quot;:&quot;Length of account_number should be between 7 and 11 when bank_country_code is &apos;US&apos;&quot;}]
	at org.testng.Assert.fail(Assert.java:94)
	at org.testng.Assert.failNotEquals(Assert.java:513)
	at org.testng.Assert.assertEqualsImpl(Assert.java:135)
	at org.testng.Assert.assertEquals(Assert.java:116)
	at org.testng.Assert.assertEquals(Assert.java:190)
	at org.testng.Assert.assertEquals(Assert.java:200)
	at xuxiaochan.test.airwallex.BankInfoEndpointTest.bankInfoCollectEndpointRequest(BankInfoEndpointTest.java:129)
	at sun.reflect.GeneratedMethodAccessor1.invoke(Unknown Source)
	at sun.reflect.DelegatingMethodAccessorImpl.invoke(DelegatingMethodAccessorImpl.java:43)
	at java.lang.reflect.Method.invoke(Method.java:498)
	at org.testng.internal.MethodInvocationHelper.invokeMethod(MethodInvocationHelper.java:104)
	at org.testng.internal.Invoker.invokeMethod(Invoker.java:645)
	at org.testng.internal.Invoker.invokeTestMethod(Invoker.java:851)
	at org.testng.internal.Invoker.invokeTestMethods(Invoker.java:1177)
	at org.testng.internal.TestMethodWorker.invokeTestMethods(TestMethodWorker.java:129)
	at org.testng.internal.TestMethodWorker.run(TestMethodWorker.java:112)
	at org.testng.TestRunner.privateRun(TestRunner.java:756)
	at org.testng.TestRunner.run(TestRunner.java:610)
	at org.testng.SuiteRunner.runTest(SuiteRunner.java:387)
	at org.testng.SuiteRunner.runSequentially(SuiteRunner.java:382)
	at org.testng.SuiteRunner.privateRun(SuiteRunner.java:340)
	at org.testng.SuiteRunner.run(SuiteRunner.java:289)
	at org.testng.SuiteRunnerWorker.runSuite(SuiteRunnerWorker.java:52)
	at org.testng.SuiteRunnerWorker.run(SuiteRunnerWorker.java:86)
	at org.testng.TestNG.runSuitesSequentially(TestNG.java:1293)
	at org.testng.TestNG.runSuitesLocally(TestNG.java:1218)
	at org.testng.TestNG.runSuites(TestNG.java:1133)
	at org.testng.TestNG.run(TestNG.java:1104)
	at org.testng.remote.AbstractRemoteTestNG.run(AbstractRemoteTestNG.java:126)
	at org.testng.remote.RemoteTestNG.initAndRun(RemoteTestNG.java:152)
	at org.testng.remote.RemoteTestNG.main(RemoteTestNG.java:57)
</pre></div><a href='#' onClick='toggleBox("stack-trace1658699134", this, "Click to show all stack frames", "Click to hide stack frames")'>Click to show all stack frames</a>
<div class='stack-trace' id='stack-trace1658699134'><pre>java.lang.AssertionError: expected [{&quot;success&quot;:&quot;Bank details saved&quot;}] but found [{&quot;error&quot;:&quot;Length of account_number should be between 7 and 11 when bank_country_code is &apos;US&apos;&quot;}]
	at org.testng.Assert.fail(Assert.java:94)
	at org.testng.Assert.failNotEquals(Assert.java:513)
	at org.testng.Assert.assertEqualsImpl(Assert.java:135)
	at org.testng.Assert.assertEquals(Assert.java:116)
	at org.testng.Assert.assertEquals(Assert.java:190)
	at org.testng.Assert.assertEquals(Assert.java:200)
	at xuxiaochan.test.airwallex.BankInfoEndpointTest.bankInfoCollectEndpointRequest(BankInfoEndpointTest.java:129)
	at sun.reflect.GeneratedMethodAccessor1.invoke(Unknown Source)
	at sun.reflect.DelegatingMethodAccessorImpl.invoke(DelegatingMethodAccessorImpl.java:43)
	at java.lang.reflect.Method.invoke(Method.java:498)
	at org.testng.internal.MethodInvocationHelper.invokeMethod(MethodInvocationHelper.java:104)
	at org.testng.internal.Invoker.invokeMethod(Invoker.java:645)
	at org.testng.internal.Invoker.invokeTestMethod(Invoker.java:851)
	at org.testng.internal.Invoker.invokeTestMethods(Invoker.java:1177)
	at org.testng.internal.TestMethodWorker.invokeTestMethods(TestMethodWorker.java:129)
	at org.testng.internal.TestMethodWorker.run(TestMethodWorker.java:112)
	at org.testng.TestRunner.privateRun(TestRunner.java:756)
	at org.testng.TestRunner.run(TestRunner.java:610)
	at org.testng.SuiteRunner.runTest(SuiteRunner.java:387)
	at org.testng.SuiteRunner.runSequentially(SuiteRunner.java:382)
	at org.testng.SuiteRunner.privateRun(SuiteRunner.java:340)
	at org.testng.SuiteRunner.run(SuiteRunner.java:289)
	at org.testng.SuiteRunnerWorker.runSuite(SuiteRunnerWorker.java:52)
	at org.testng.SuiteRunnerWorker.run(SuiteRunnerWorker.java:86)
	at org.testng.TestNG.runSuitesSequentially(TestNG.java:1293)
	at org.testng.TestNG.runSuitesLocally(TestNG.java:1218)
	at org.testng.TestNG.runSuites(TestNG.java:1133)
	at org.testng.TestNG.run(TestNG.java:1104)
	at org.testng.remote.AbstractRemoteTestNG.run(AbstractRemoteTestNG.java:126)
	at org.testng.remote.RemoteTestNG.initAndRun(RemoteTestNG.java:152)
	at org.testng.remote.RemoteTestNG.main(RemoteTestNG.java:57)
</pre></div></td>
<td>0</td>
<td>xuxiaochan.test.airwallex.BankInfoEndpointTest@2a5ca609</td></tr>
<tr>
<td title='xuxiaochan.test.airwallex.BankInfoEndpointTest.bankInfoCollectEndpointRequest()'><b>bankInfoCollectEndpointRequest</b><br>Test class: xuxiaochan.test.airwallex.BankInfoEndpointTest<br>Parameters: optional field of bsb validate when bank_country_code is CN: pass whith bsb, payment_method, SWIFT, bank_country_code, CN, account_name, John Smith, account_number, 1234567890, swift_code, ICBCCNBJ, bsb, sjanaj, aba, 11122233A, HTTP/1.1 200 OK, {"success":"Bank details saved"}</td>
<td><div><pre>java.lang.AssertionError: expected [{&quot;success&quot;:&quot;Bank details saved&quot;}] but found [{&quot;error&quot;:&quot;Length of account_number should be between 7 and 11 when bank_country_code is &apos;US&apos;&quot;}]
	at org.testng.Assert.fail(Assert.java:94)
	at org.testng.Assert.failNotEquals(Assert.java:513)
	at org.testng.Assert.assertEqualsImpl(Assert.java:135)
	at org.testng.Assert.assertEquals(Assert.java:116)
	at org.testng.Assert.assertEquals(Assert.java:190)
	at org.testng.Assert.assertEquals(Assert.java:200)
	at xuxiaochan.test.airwallex.BankInfoEndpointTest.bankInfoCollectEndpointRequest(BankInfoEndpointTest.java:129)
	at sun.reflect.GeneratedMethodAccessor1.invoke(Unknown Source)
	at sun.reflect.DelegatingMethodAccessorImpl.invoke(DelegatingMethodAccessorImpl.java:43)
	at java.lang.reflect.Method.invoke(Method.java:498)
	at org.testng.internal.MethodInvocationHelper.invokeMethod(MethodInvocationHelper.java:104)
	at org.testng.internal.Invoker.invokeMethod(Invoker.java:645)
	at org.testng.internal.Invoker.invokeTestMethod(Invoker.java:851)
	at org.testng.internal.Invoker.invokeTestMethods(Invoker.java:1177)
	at org.testng.internal.TestMethodWorker.invokeTestMethods(TestMethodWorker.java:129)
	at org.testng.internal.TestMethodWorker.run(TestMethodWorker.java:112)
	at org.testng.TestRunner.privateRun(TestRunner.java:756)
	at org.testng.TestRunner.run(TestRunner.java:610)
	at org.testng.SuiteRunner.runTest(SuiteRunner.java:387)
	at org.testng.SuiteRunner.runSequentially(SuiteRunner.java:382)
	at org.testng.SuiteRunner.privateRun(SuiteRunner.java:340)
	at org.testng.SuiteRunner.run(SuiteRunner.java:289)
	at org.testng.SuiteRunnerWorker.runSuite(SuiteRunnerWorker.java:52)
	at org.testng.SuiteRunnerWorker.run(SuiteRunnerWorker.java:86)
	at org.testng.TestNG.runSuitesSequentially(TestNG.java:1293)
	at org.testng.TestNG.runSuitesLocally(TestNG.java:1218)
	at org.testng.TestNG.runSuites(TestNG.java:1133)
	at org.testng.TestNG.run(TestNG.java:1104)
	at org.testng.remote.AbstractRemoteTestNG.run(AbstractRemoteTestNG.java:126)
	at org.testng.remote.RemoteTestNG.initAndRun(RemoteTestNG.java:152)
	at org.testng.remote.RemoteTestNG.main(RemoteTestNG.java:57)
</pre></div><a href='#' onClick='toggleBox("stack-trace428566321", this, "Click to show all stack frames", "Click to hide stack frames")'>Click to show all stack frames</a>
<div class='stack-trace' id='stack-trace428566321'><pre>java.lang.AssertionError: expected [{&quot;success&quot;:&quot;Bank details saved&quot;}] but found [{&quot;error&quot;:&quot;Length of account_number should be between 7 and 11 when bank_country_code is &apos;US&apos;&quot;}]
	at org.testng.Assert.fail(Assert.java:94)
	at org.testng.Assert.failNotEquals(Assert.java:513)
	at org.testng.Assert.assertEqualsImpl(Assert.java:135)
	at org.testng.Assert.assertEquals(Assert.java:116)
	at org.testng.Assert.assertEquals(Assert.java:190)
	at org.testng.Assert.assertEquals(Assert.java:200)
	at xuxiaochan.test.airwallex.BankInfoEndpointTest.bankInfoCollectEndpointRequest(BankInfoEndpointTest.java:129)
	at sun.reflect.GeneratedMethodAccessor1.invoke(Unknown Source)
	at sun.reflect.DelegatingMethodAccessorImpl.invoke(DelegatingMethodAccessorImpl.java:43)
	at java.lang.reflect.Method.invoke(Method.java:498)
	at org.testng.internal.MethodInvocationHelper.invokeMethod(MethodInvocationHelper.java:104)
	at org.testng.internal.Invoker.invokeMethod(Invoker.java:645)
	at org.testng.internal.Invoker.invokeTestMethod(Invoker.java:851)
	at org.testng.internal.Invoker.invokeTestMethods(Invoker.java:1177)
	at org.testng.internal.TestMethodWorker.invokeTestMethods(TestMethodWorker.java:129)
	at org.testng.internal.TestMethodWorker.run(TestMethodWorker.java:112)
	at org.testng.TestRunner.privateRun(TestRunner.java:756)
	at org.testng.TestRunner.run(TestRunner.java:610)
	at org.testng.SuiteRunner.runTest(SuiteRunner.java:387)
	at org.testng.SuiteRunner.runSequentially(SuiteRunner.java:382)
	at org.testng.SuiteRunner.privateRun(SuiteRunner.java:340)
	at org.testng.SuiteRunner.run(SuiteRunner.java:289)
	at org.testng.SuiteRunnerWorker.runSuite(SuiteRunnerWorker.java:52)
	at org.testng.SuiteRunnerWorker.run(SuiteRunnerWorker.java:86)
	at org.testng.TestNG.runSuitesSequentially(TestNG.java:1293)
	at org.testng.TestNG.runSuitesLocally(TestNG.java:1218)
	at org.testng.TestNG.runSuites(TestNG.java:1133)
	at org.testng.TestNG.run(TestNG.java:1104)
	at org.testng.remote.AbstractRemoteTestNG.run(AbstractRemoteTestNG.java:126)
	at org.testng.remote.RemoteTestNG.initAndRun(RemoteTestNG.java:152)
	at org.testng.remote.RemoteTestNG.main(RemoteTestNG.java:57)
</pre></div></td>
<td>0</td>
<td>xuxiaochan.test.airwallex.BankInfoEndpointTest@2a5ca609</td></tr>
<tr>
<td title='xuxiaochan.test.airwallex.BankInfoEndpointTest.bankInfoCollectEndpointRequest()'><b>bankInfoCollectEndpointRequest</b><br>Test class: xuxiaochan.test.airwallex.BankInfoEndpointTest<br>Parameters: mandatory field of aba validate when bank_country_code is US: fail, payment_method, SWIFT, bank_country_code, US, account_name, John Smith, account_number, 1234567890, swift_code, ICBCUSBJ, invalid_bsb, aacrtu, invalid_aba, 11122233A, HTTP/1.1 400 Bad Request, {"error":"'aba' is required when bank country code is US"}</td>
<td><div><pre>java.lang.AssertionError: expected [{&quot;error&quot;:&quot;&apos;aba&apos; is required when bank country code is US&quot;}] but found [{&quot;success&quot;:&quot;Bank details saved&quot;}]
	at org.testng.Assert.fail(Assert.java:94)
	at org.testng.Assert.failNotEquals(Assert.java:513)
	at org.testng.Assert.assertEqualsImpl(Assert.java:135)
	at org.testng.Assert.assertEquals(Assert.java:116)
	at org.testng.Assert.assertEquals(Assert.java:190)
	at org.testng.Assert.assertEquals(Assert.java:200)
	at xuxiaochan.test.airwallex.BankInfoEndpointTest.bankInfoCollectEndpointRequest(BankInfoEndpointTest.java:129)
	at sun.reflect.GeneratedMethodAccessor1.invoke(Unknown Source)
	at sun.reflect.DelegatingMethodAccessorImpl.invoke(DelegatingMethodAccessorImpl.java:43)
	at java.lang.reflect.Method.invoke(Method.java:498)
	at org.testng.internal.MethodInvocationHelper.invokeMethod(MethodInvocationHelper.java:104)
	at org.testng.internal.Invoker.invokeMethod(Invoker.java:645)
	at org.testng.internal.Invoker.invokeTestMethod(Invoker.java:851)
	at org.testng.internal.Invoker.invokeTestMethods(Invoker.java:1177)
	at org.testng.internal.TestMethodWorker.invokeTestMethods(TestMethodWorker.java:129)
	at org.testng.internal.TestMethodWorker.run(TestMethodWorker.java:112)
	at org.testng.TestRunner.privateRun(TestRunner.java:756)
	at org.testng.TestRunner.run(TestRunner.java:610)
	at org.testng.SuiteRunner.runTest(SuiteRunner.java:387)
	at org.testng.SuiteRunner.runSequentially(SuiteRunner.java:382)
	at org.testng.SuiteRunner.privateRun(SuiteRunner.java:340)
	at org.testng.SuiteRunner.run(SuiteRunner.java:289)
	at org.testng.SuiteRunnerWorker.runSuite(SuiteRunnerWorker.java:52)
	at org.testng.SuiteRunnerWorker.run(SuiteRunnerWorker.java:86)
	at org.testng.TestNG.runSuitesSequentially(TestNG.java:1293)
	at org.testng.TestNG.runSuitesLocally(TestNG.java:1218)
	at org.testng.TestNG.runSuites(TestNG.java:1133)
	at org.testng.TestNG.run(TestNG.java:1104)
	at org.testng.remote.AbstractRemoteTestNG.run(AbstractRemoteTestNG.java:126)
	at org.testng.remote.RemoteTestNG.initAndRun(RemoteTestNG.java:152)
	at org.testng.remote.RemoteTestNG.main(RemoteTestNG.java:57)
</pre></div><a href='#' onClick='toggleBox("stack-trace615438348", this, "Click to show all stack frames", "Click to hide stack frames")'>Click to show all stack frames</a>
<div class='stack-trace' id='stack-trace615438348'><pre>java.lang.AssertionError: expected [{&quot;error&quot;:&quot;&apos;aba&apos; is required when bank country code is US&quot;}] but found [{&quot;success&quot;:&quot;Bank details saved&quot;}]
	at org.testng.Assert.fail(Assert.java:94)
	at org.testng.Assert.failNotEquals(Assert.java:513)
	at org.testng.Assert.assertEqualsImpl(Assert.java:135)
	at org.testng.Assert.assertEquals(Assert.java:116)
	at org.testng.Assert.assertEquals(Assert.java:190)
	at org.testng.Assert.assertEquals(Assert.java:200)
	at xuxiaochan.test.airwallex.BankInfoEndpointTest.bankInfoCollectEndpointRequest(BankInfoEndpointTest.java:129)
	at sun.reflect.GeneratedMethodAccessor1.invoke(Unknown Source)
	at sun.reflect.DelegatingMethodAccessorImpl.invoke(DelegatingMethodAccessorImpl.java:43)
	at java.lang.reflect.Method.invoke(Method.java:498)
	at org.testng.internal.MethodInvocationHelper.invokeMethod(MethodInvocationHelper.java:104)
	at org.testng.internal.Invoker.invokeMethod(Invoker.java:645)
	at org.testng.internal.Invoker.invokeTestMethod(Invoker.java:851)
	at org.testng.internal.Invoker.invokeTestMethods(Invoker.java:1177)
	at org.testng.internal.TestMethodWorker.invokeTestMethods(TestMethodWorker.java:129)
	at org.testng.internal.TestMethodWorker.run(TestMethodWorker.java:112)
	at org.testng.TestRunner.privateRun(TestRunner.java:756)
	at org.testng.TestRunner.run(TestRunner.java:610)
	at org.testng.SuiteRunner.runTest(SuiteRunner.java:387)
	at org.testng.SuiteRunner.runSequentially(SuiteRunner.java:382)
	at org.testng.SuiteRunner.privateRun(SuiteRunner.java:340)
	at org.testng.SuiteRunner.run(SuiteRunner.java:289)
	at org.testng.SuiteRunnerWorker.runSuite(SuiteRunnerWorker.java:52)
	at org.testng.SuiteRunnerWorker.run(SuiteRunnerWorker.java:86)
	at org.testng.TestNG.runSuitesSequentially(TestNG.java:1293)
	at org.testng.TestNG.runSuitesLocally(TestNG.java:1218)
	at org.testng.TestNG.runSuites(TestNG.java:1133)
	at org.testng.TestNG.run(TestNG.java:1104)
	at org.testng.remote.AbstractRemoteTestNG.run(AbstractRemoteTestNG.java:126)
	at org.testng.remote.RemoteTestNG.initAndRun(RemoteTestNG.java:152)
	at org.testng.remote.RemoteTestNG.main(RemoteTestNG.java:57)
</pre></div></td>
<td>0</td>
<td>xuxiaochan.test.airwallex.BankInfoEndpointTest@2a5ca609</td></tr>
<tr>
<td title='xuxiaochan.test.airwallex.BankInfoEndpointTest.bankInfoCollectEndpointRequest()'><b>bankInfoCollectEndpointRequest</b><br>Test class: xuxiaochan.test.airwallex.BankInfoEndpointTest<br>Parameters: optional field of bsb validate when bank_country_code is CN: pass wtih aba, payment_method, SWIFT, bank_country_code, CN, account_name, John Smith, account_number, 1234567890, swift_code, ICBCCNBJ, invalid_bsb, , aba, 11122233A, HTTP/1.1 200 OK, {"success":"Bank details saved"}</td>
<td><div><pre>java.lang.AssertionError: expected [{&quot;success&quot;:&quot;Bank details saved&quot;}] but found [{&quot;error&quot;:&quot;Length of account_number should be between 7 and 11 when bank_country_code is &apos;US&apos;&quot;}]
	at org.testng.Assert.fail(Assert.java:94)
	at org.testng.Assert.failNotEquals(Assert.java:513)
	at org.testng.Assert.assertEqualsImpl(Assert.java:135)
	at org.testng.Assert.assertEquals(Assert.java:116)
	at org.testng.Assert.assertEquals(Assert.java:190)
	at org.testng.Assert.assertEquals(Assert.java:200)
	at xuxiaochan.test.airwallex.BankInfoEndpointTest.bankInfoCollectEndpointRequest(BankInfoEndpointTest.java:129)
	at sun.reflect.GeneratedMethodAccessor1.invoke(Unknown Source)
	at sun.reflect.DelegatingMethodAccessorImpl.invoke(DelegatingMethodAccessorImpl.java:43)
	at java.lang.reflect.Method.invoke(Method.java:498)
	at org.testng.internal.MethodInvocationHelper.invokeMethod(MethodInvocationHelper.java:104)
	at org.testng.internal.Invoker.invokeMethod(Invoker.java:645)
	at org.testng.internal.Invoker.invokeTestMethod(Invoker.java:851)
	at org.testng.internal.Invoker.invokeTestMethods(Invoker.java:1177)
	at org.testng.internal.TestMethodWorker.invokeTestMethods(TestMethodWorker.java:129)
	at org.testng.internal.TestMethodWorker.run(TestMethodWorker.java:112)
	at org.testng.TestRunner.privateRun(TestRunner.java:756)
	at org.testng.TestRunner.run(TestRunner.java:610)
	at org.testng.SuiteRunner.runTest(SuiteRunner.java:387)
	at org.testng.SuiteRunner.runSequentially(SuiteRunner.java:382)
	at org.testng.SuiteRunner.privateRun(SuiteRunner.java:340)
	at org.testng.SuiteRunner.run(SuiteRunner.java:289)
	at org.testng.SuiteRunnerWorker.runSuite(SuiteRunnerWorker.java:52)
	at org.testng.SuiteRunnerWorker.run(SuiteRunnerWorker.java:86)
	at org.testng.TestNG.runSuitesSequentially(TestNG.java:1293)
	at org.testng.TestNG.runSuitesLocally(TestNG.java:1218)
	at org.testng.TestNG.runSuites(TestNG.java:1133)
	at org.testng.TestNG.run(TestNG.java:1104)
	at org.testng.remote.AbstractRemoteTestNG.run(AbstractRemoteTestNG.java:126)
	at org.testng.remote.RemoteTestNG.initAndRun(RemoteTestNG.java:152)
	at org.testng.remote.RemoteTestNG.main(RemoteTestNG.java:57)
</pre></div><a href='#' onClick='toggleBox("stack-trace262457445", this, "Click to show all stack frames", "Click to hide stack frames")'>Click to show all stack frames</a>
<div class='stack-trace' id='stack-trace262457445'><pre>java.lang.AssertionError: expected [{&quot;success&quot;:&quot;Bank details saved&quot;}] but found [{&quot;error&quot;:&quot;Length of account_number should be between 7 and 11 when bank_country_code is &apos;US&apos;&quot;}]
	at org.testng.Assert.fail(Assert.java:94)
	at org.testng.Assert.failNotEquals(Assert.java:513)
	at org.testng.Assert.assertEqualsImpl(Assert.java:135)
	at org.testng.Assert.assertEquals(Assert.java:116)
	at org.testng.Assert.assertEquals(Assert.java:190)
	at org.testng.Assert.assertEquals(Assert.java:200)
	at xuxiaochan.test.airwallex.BankInfoEndpointTest.bankInfoCollectEndpointRequest(BankInfoEndpointTest.java:129)
	at sun.reflect.GeneratedMethodAccessor1.invoke(Unknown Source)
	at sun.reflect.DelegatingMethodAccessorImpl.invoke(DelegatingMethodAccessorImpl.java:43)
	at java.lang.reflect.Method.invoke(Method.java:498)
	at org.testng.internal.MethodInvocationHelper.invokeMethod(MethodInvocationHelper.java:104)
	at org.testng.internal.Invoker.invokeMethod(Invoker.java:645)
	at org.testng.internal.Invoker.invokeTestMethod(Invoker.java:851)
	at org.testng.internal.Invoker.invokeTestMethods(Invoker.java:1177)
	at org.testng.internal.TestMethodWorker.invokeTestMethods(TestMethodWorker.java:129)
	at org.testng.internal.TestMethodWorker.run(TestMethodWorker.java:112)
	at org.testng.TestRunner.privateRun(TestRunner.java:756)
	at org.testng.TestRunner.run(TestRunner.java:610)
	at org.testng.SuiteRunner.runTest(SuiteRunner.java:387)
	at org.testng.SuiteRunner.runSequentially(SuiteRunner.java:382)
	at org.testng.SuiteRunner.privateRun(SuiteRunner.java:340)
	at org.testng.SuiteRunner.run(SuiteRunner.java:289)
	at org.testng.SuiteRunnerWorker.runSuite(SuiteRunnerWorker.java:52)
	at org.testng.SuiteRunnerWorker.run(SuiteRunnerWorker.java:86)
	at org.testng.TestNG.runSuitesSequentially(TestNG.java:1293)
	at org.testng.TestNG.runSuitesLocally(TestNG.java:1218)
	at org.testng.TestNG.runSuites(TestNG.java:1133)
	at org.testng.TestNG.run(TestNG.java:1104)
	at org.testng.remote.AbstractRemoteTestNG.run(AbstractRemoteTestNG.java:126)
	at org.testng.remote.RemoteTestNG.initAndRun(RemoteTestNG.java:152)
	at org.testng.remote.RemoteTestNG.main(RemoteTestNG.java:57)
</pre></div></td>
<td>0</td>
<td>xuxiaochan.test.airwallex.BankInfoEndpointTest@2a5ca609</td></tr>
<tr>
<td title='xuxiaochan.test.airwallex.BankInfoEndpointTest.bankInfoCollectEndpointRequest()'><b>bankInfoCollectEndpointRequest</b><br>Test class: xuxiaochan.test.airwallex.BankInfoEndpointTest<br>Parameters: optional field of bsb validate when bank_country_code is CN: pass, payment_method, SWIFT, bank_country_code, CN, account_name, John Smith, account_number, 1234567890, swift_code, ICBCCNBJ, bsb, sjanaj, invalid_aba, 11122233A, HTTP/1.1 200 OK, {"success":"Bank details saved"}</td>
<td><div><pre>java.lang.AssertionError: expected [{&quot;success&quot;:&quot;Bank details saved&quot;}] but found [{&quot;error&quot;:&quot;Length of account_number should be between 7 and 11 when bank_country_code is &apos;US&apos;&quot;}]
	at org.testng.Assert.fail(Assert.java:94)
	at org.testng.Assert.failNotEquals(Assert.java:513)
	at org.testng.Assert.assertEqualsImpl(Assert.java:135)
	at org.testng.Assert.assertEquals(Assert.java:116)
	at org.testng.Assert.assertEquals(Assert.java:190)
	at org.testng.Assert.assertEquals(Assert.java:200)
	at xuxiaochan.test.airwallex.BankInfoEndpointTest.bankInfoCollectEndpointRequest(BankInfoEndpointTest.java:129)
	at sun.reflect.GeneratedMethodAccessor1.invoke(Unknown Source)
	at sun.reflect.DelegatingMethodAccessorImpl.invoke(DelegatingMethodAccessorImpl.java:43)
	at java.lang.reflect.Method.invoke(Method.java:498)
	at org.testng.internal.MethodInvocationHelper.invokeMethod(MethodInvocationHelper.java:104)
	at org.testng.internal.Invoker.invokeMethod(Invoker.java:645)
	at org.testng.internal.Invoker.invokeTestMethod(Invoker.java:851)
	at org.testng.internal.Invoker.invokeTestMethods(Invoker.java:1177)
	at org.testng.internal.TestMethodWorker.invokeTestMethods(TestMethodWorker.java:129)
	at org.testng.internal.TestMethodWorker.run(TestMethodWorker.java:112)
	at org.testng.TestRunner.privateRun(TestRunner.java:756)
	at org.testng.TestRunner.run(TestRunner.java:610)
	at org.testng.SuiteRunner.runTest(SuiteRunner.java:387)
	at org.testng.SuiteRunner.runSequentially(SuiteRunner.java:382)
	at org.testng.SuiteRunner.privateRun(SuiteRunner.java:340)
	at org.testng.SuiteRunner.run(SuiteRunner.java:289)
	at org.testng.SuiteRunnerWorker.runSuite(SuiteRunnerWorker.java:52)
	at org.testng.SuiteRunnerWorker.run(SuiteRunnerWorker.java:86)
	at org.testng.TestNG.runSuitesSequentially(TestNG.java:1293)
	at org.testng.TestNG.runSuitesLocally(TestNG.java:1218)
	at org.testng.TestNG.runSuites(TestNG.java:1133)
	at org.testng.TestNG.run(TestNG.java:1104)
	at org.testng.remote.AbstractRemoteTestNG.run(AbstractRemoteTestNG.java:126)
	at org.testng.remote.RemoteTestNG.initAndRun(RemoteTestNG.java:152)
	at org.testng.remote.RemoteTestNG.main(RemoteTestNG.java:57)
</pre></div><a href='#' onClick='toggleBox("stack-trace607207372", this, "Click to show all stack frames", "Click to hide stack frames")'>Click to show all stack frames</a>
<div class='stack-trace' id='stack-trace607207372'><pre>java.lang.AssertionError: expected [{&quot;success&quot;:&quot;Bank details saved&quot;}] but found [{&quot;error&quot;:&quot;Length of account_number should be between 7 and 11 when bank_country_code is &apos;US&apos;&quot;}]
	at org.testng.Assert.fail(Assert.java:94)
	at org.testng.Assert.failNotEquals(Assert.java:513)
	at org.testng.Assert.assertEqualsImpl(Assert.java:135)
	at org.testng.Assert.assertEquals(Assert.java:116)
	at org.testng.Assert.assertEquals(Assert.java:190)
	at org.testng.Assert.assertEquals(Assert.java:200)
	at xuxiaochan.test.airwallex.BankInfoEndpointTest.bankInfoCollectEndpointRequest(BankInfoEndpointTest.java:129)
	at sun.reflect.GeneratedMethodAccessor1.invoke(Unknown Source)
	at sun.reflect.DelegatingMethodAccessorImpl.invoke(DelegatingMethodAccessorImpl.java:43)
	at java.lang.reflect.Method.invoke(Method.java:498)
	at org.testng.internal.MethodInvocationHelper.invokeMethod(MethodInvocationHelper.java:104)
	at org.testng.internal.Invoker.invokeMethod(Invoker.java:645)
	at org.testng.internal.Invoker.invokeTestMethod(Invoker.java:851)
	at org.testng.internal.Invoker.invokeTestMethods(Invoker.java:1177)
	at org.testng.internal.TestMethodWorker.invokeTestMethods(TestMethodWorker.java:129)
	at org.testng.internal.TestMethodWorker.run(TestMethodWorker.java:112)
	at org.testng.TestRunner.privateRun(TestRunner.java:756)
	at org.testng.TestRunner.run(TestRunner.java:610)
	at org.testng.SuiteRunner.runTest(SuiteRunner.java:387)
	at org.testng.SuiteRunner.runSequentially(SuiteRunner.java:382)
	at org.testng.SuiteRunner.privateRun(SuiteRunner.java:340)
	at org.testng.SuiteRunner.run(SuiteRunner.java:289)
	at org.testng.SuiteRunnerWorker.runSuite(SuiteRunnerWorker.java:52)
	at org.testng.SuiteRunnerWorker.run(SuiteRunnerWorker.java:86)
	at org.testng.TestNG.runSuitesSequentially(TestNG.java:1293)
	at org.testng.TestNG.runSuitesLocally(TestNG.java:1218)
	at org.testng.TestNG.runSuites(TestNG.java:1133)
	at org.testng.TestNG.run(TestNG.java:1104)
	at org.testng.remote.AbstractRemoteTestNG.run(AbstractRemoteTestNG.java:126)
	at org.testng.remote.RemoteTestNG.initAndRun(RemoteTestNG.java:152)
	at org.testng.remote.RemoteTestNG.main(RemoteTestNG.java:57)
</pre></div></td>
<td>0</td>
<td>xuxiaochan.test.airwallex.BankInfoEndpointTest@2a5ca609</td></tr>
<tr>
<td title='xuxiaochan.test.airwallex.BankInfoEndpointTest.bankInfoCollectEndpointRequest()'><b>bankInfoCollectEndpointRequest</b><br>Test class: xuxiaochan.test.airwallex.BankInfoEndpointTest<br>Parameters: payment_method is LOCAL and bank_country_code is CN with 20 account_number length, payment_method, LOCAL, bank_country_code, CN, account_name, John Smith, account_number, 12345678901234567890, swift_code, ICBUCNBJ, bsb, a1@Tu, aba, 11122233B, HTTP/1.1 200 OK, {"success":"Bank details saved"}</td>
<td><div><pre>java.lang.AssertionError: expected [{&quot;success&quot;:&quot;Bank details saved&quot;}] but found [{&quot;error&quot;:&quot;Length of account_number should be between 7 and 11 when bank_country_code is &apos;US&apos;&quot;}]
	at org.testng.Assert.fail(Assert.java:94)
	at org.testng.Assert.failNotEquals(Assert.java:513)
	at org.testng.Assert.assertEqualsImpl(Assert.java:135)
	at org.testng.Assert.assertEquals(Assert.java:116)
	at org.testng.Assert.assertEquals(Assert.java:190)
	at org.testng.Assert.assertEquals(Assert.java:200)
	at xuxiaochan.test.airwallex.BankInfoEndpointTest.bankInfoCollectEndpointRequest(BankInfoEndpointTest.java:129)
	at sun.reflect.GeneratedMethodAccessor1.invoke(Unknown Source)
	at sun.reflect.DelegatingMethodAccessorImpl.invoke(DelegatingMethodAccessorImpl.java:43)
	at java.lang.reflect.Method.invoke(Method.java:498)
	at org.testng.internal.MethodInvocationHelper.invokeMethod(MethodInvocationHelper.java:104)
	at org.testng.internal.Invoker.invokeMethod(Invoker.java:645)
	at org.testng.internal.Invoker.invokeTestMethod(Invoker.java:851)
	at org.testng.internal.Invoker.invokeTestMethods(Invoker.java:1177)
	at org.testng.internal.TestMethodWorker.invokeTestMethods(TestMethodWorker.java:129)
	at org.testng.internal.TestMethodWorker.run(TestMethodWorker.java:112)
	at org.testng.TestRunner.privateRun(TestRunner.java:756)
	at org.testng.TestRunner.run(TestRunner.java:610)
	at org.testng.SuiteRunner.runTest(SuiteRunner.java:387)
	at org.testng.SuiteRunner.runSequentially(SuiteRunner.java:382)
	at org.testng.SuiteRunner.privateRun(SuiteRunner.java:340)
	at org.testng.SuiteRunner.run(SuiteRunner.java:289)
	at org.testng.SuiteRunnerWorker.runSuite(SuiteRunnerWorker.java:52)
	at org.testng.SuiteRunnerWorker.run(SuiteRunnerWorker.java:86)
	at org.testng.TestNG.runSuitesSequentially(TestNG.java:1293)
	at org.testng.TestNG.runSuitesLocally(TestNG.java:1218)
	at org.testng.TestNG.runSuites(TestNG.java:1133)
	at org.testng.TestNG.run(TestNG.java:1104)
	at org.testng.remote.AbstractRemoteTestNG.run(AbstractRemoteTestNG.java:126)
	at org.testng.remote.RemoteTestNG.initAndRun(RemoteTestNG.java:152)
	at org.testng.remote.RemoteTestNG.main(RemoteTestNG.java:57)
</pre></div><a href='#' onClick='toggleBox("stack-trace330739404", this, "Click to show all stack frames", "Click to hide stack frames")'>Click to show all stack frames</a>
<div class='stack-trace' id='stack-trace330739404'><pre>java.lang.AssertionError: expected [{&quot;success&quot;:&quot;Bank details saved&quot;}] but found [{&quot;error&quot;:&quot;Length of account_number should be between 7 and 11 when bank_country_code is &apos;US&apos;&quot;}]
	at org.testng.Assert.fail(Assert.java:94)
	at org.testng.Assert.failNotEquals(Assert.java:513)
	at org.testng.Assert.assertEqualsImpl(Assert.java:135)
	at org.testng.Assert.assertEquals(Assert.java:116)
	at org.testng.Assert.assertEquals(Assert.java:190)
	at org.testng.Assert.assertEquals(Assert.java:200)
	at xuxiaochan.test.airwallex.BankInfoEndpointTest.bankInfoCollectEndpointRequest(BankInfoEndpointTest.java:129)
	at sun.reflect.GeneratedMethodAccessor1.invoke(Unknown Source)
	at sun.reflect.DelegatingMethodAccessorImpl.invoke(DelegatingMethodAccessorImpl.java:43)
	at java.lang.reflect.Method.invoke(Method.java:498)
	at org.testng.internal.MethodInvocationHelper.invokeMethod(MethodInvocationHelper.java:104)
	at org.testng.internal.Invoker.invokeMethod(Invoker.java:645)
	at org.testng.internal.Invoker.invokeTestMethod(Invoker.java:851)
	at org.testng.internal.Invoker.invokeTestMethods(Invoker.java:1177)
	at org.testng.internal.TestMethodWorker.invokeTestMethods(TestMethodWorker.java:129)
	at org.testng.internal.TestMethodWorker.run(TestMethodWorker.java:112)
	at org.testng.TestRunner.privateRun(TestRunner.java:756)
	at org.testng.TestRunner.run(TestRunner.java:610)
	at org.testng.SuiteRunner.runTest(SuiteRunner.java:387)
	at org.testng.SuiteRunner.runSequentially(SuiteRunner.java:382)
	at org.testng.SuiteRunner.privateRun(SuiteRunner.java:340)
	at org.testng.SuiteRunner.run(SuiteRunner.java:289)
	at org.testng.SuiteRunnerWorker.runSuite(SuiteRunnerWorker.java:52)
	at org.testng.SuiteRunnerWorker.run(SuiteRunnerWorker.java:86)
	at org.testng.TestNG.runSuitesSequentially(TestNG.java:1293)
	at org.testng.TestNG.runSuitesLocally(TestNG.java:1218)
	at org.testng.TestNG.runSuites(TestNG.java:1133)
	at org.testng.TestNG.run(TestNG.java:1104)
	at org.testng.remote.AbstractRemoteTestNG.run(AbstractRemoteTestNG.java:126)
	at org.testng.remote.RemoteTestNG.initAndRun(RemoteTestNG.java:152)
	at org.testng.remote.RemoteTestNG.main(RemoteTestNG.java:57)
</pre></div></td>
<td>0</td>
<td>xuxiaochan.test.airwallex.BankInfoEndpointTest@2a5ca609</td></tr>
</table><p>
<table width='100%' border='1' class='invocation-passed'>
<tr><td colspan='4' align='center'><b>PASSED TESTS</b></td></tr>
<tr><td><b>Test method</b></td>
<td width="30%"><b>Exception</b></td>
<td width="10%"><b>Time (seconds)</b></td>
<td><b>Instance</b></td>
</tr>
<tr>
<td title='xuxiaochan.test.airwallex.BankInfoEndpointTest.bankInfoCollectEndpointRequest()'><b>bankInfoCollectEndpointRequest</b><br>Test class: xuxiaochan.test.airwallex.BankInfoEndpointTest<br>Parameters: mandatory field validate: payment_method, invalid_payment_method, SWIFT, bank_country_code, US, account_name, John Smith, account_number, 123, swift_code, ICBCUSBJ, invalid_bsb, , aba, 11122233A, HTTP/1.1 400 Bad Request, {"error":"'payment_method' field required, the value should be either 'LOCAL' or 'SWIFT'"}</td>
<td></td>
<td>0</td>
<td>xuxiaochan.test.airwallex.BankInfoEndpointTest@2a5ca609</td></tr>
<tr>
<td title='xuxiaochan.test.airwallex.BankInfoEndpointTest.bankInfoCollectEndpointRequest()'><b>bankInfoCollectEndpointRequest</b><br>Test class: xuxiaochan.test.airwallex.BankInfoEndpointTest<br>Parameters: payment_method field is not in the valid enums list, invalid_payment_method, SWEFT, bank_country_code, US, account_name, John Smith, account_number, 123, swift_code, ICBCUSBJ, invalid_bsb, , aba, 11122233A, HTTP/1.1 400 Bad Request, {"error":"'payment_method' field required, the value should be either 'LOCAL' or 'SWIFT'"}</td>
<td></td>
<td>0</td>
<td>xuxiaochan.test.airwallex.BankInfoEndpointTest@2a5ca609</td></tr>
<tr>
<td title='xuxiaochan.test.airwallex.BankInfoEndpointTest.bankInfoCollectEndpointRequest()'><b>bankInfoCollectEndpointRequest</b><br>Test class: xuxiaochan.test.airwallex.BankInfoEndpointTest<br>Parameters: mandatory field validate: bank_country_code, payment_method, SWIFT, invalid_bank_country_code, US, account_name, John Smith, account_number, 123, swift_code, ICBCUSBJ, invalid_bsb, , aba, 11122233A, HTTP/1.1 400 Bad Request, {"error":"'bank_country_code' is required, and should be one of 'US', 'AU', or 'CN'"}</td>
<td></td>
<td>0</td>
<td>xuxiaochan.test.airwallex.BankInfoEndpointTest@2a5ca609</td></tr>
<tr>
<td title='xuxiaochan.test.airwallex.BankInfoEndpointTest.bankInfoCollectEndpointRequest()'><b>bankInfoCollectEndpointRequest</b><br>Test class: xuxiaochan.test.airwallex.BankInfoEndpointTest<br>Parameters: bank_country_code field is not in the valid enums list, payment_method, SWIFT, invalid_bank_country_code, AS, account_name, John Smith, account_number, 123, swift_code, ICBCASBJ, invalid_bsb, , aba, 11122233A, HTTP/1.1 400 Bad Request, {"error":"'bank_country_code' is required, and should be one of 'US', 'AU', or 'CN'"}</td>
<td></td>
<td>0</td>
<td>xuxiaochan.test.airwallex.BankInfoEndpointTest@2a5ca609</td></tr>
<tr>
<td title='xuxiaochan.test.airwallex.BankInfoEndpointTest.bankInfoCollectEndpointRequest()'><b>bankInfoCollectEndpointRequest</b><br>Test class: xuxiaochan.test.airwallex.BankInfoEndpointTest<br>Parameters: mandatory field validate: account_name, payment_method, SWIFT, bank_country_code, US, invalid_account_name, John Smith, account_number, 123, swift_code, ICBCUSBJ, invalid_bsb, , aba, 11122233A, HTTP/1.1 400 Bad Request, {"error":"'account_name' is required"}</td>
<td></td>
<td>0</td>
<td>xuxiaochan.test.airwallex.BankInfoEndpointTest@2a5ca609</td></tr>
<tr>
<td title='xuxiaochan.test.airwallex.BankInfoEndpointTest.bankInfoCollectEndpointRequest()'><b>bankInfoCollectEndpointRequest</b><br>Test class: xuxiaochan.test.airwallex.BankInfoEndpointTest<br>Parameters: length of account_name validation:1, payment_method, SWIFT, bank_country_code, US, account_name, J, account_number, 123, swift_code, ICBCUSBJ, invalid_bsb, , aba, 11122233A, HTTP/1.1 400 Bad Request, {"error":"Length of account_name should be between 2 and 10"}</td>
<td></td>
<td>0</td>
<td>xuxiaochan.test.airwallex.BankInfoEndpointTest@2a5ca609</td></tr>
<tr>
<td title='xuxiaochan.test.airwallex.BankInfoEndpointTest.bankInfoCollectEndpointRequest()'><b>bankInfoCollectEndpointRequest</b><br>Test class: xuxiaochan.test.airwallex.BankInfoEndpointTest<br>Parameters: length of account_name validation:2, payment_method, SWIFT, bank_country_code, US, account_name, Jo, account_number, 123, swift_code, ICBCUSBJ, invalid_bsb, , aba, 11122233A, HTTP/1.1 200 OK, {"success":"Bank details saved"}</td>
<td></td>
<td>0</td>
<td>xuxiaochan.test.airwallex.BankInfoEndpointTest@2a5ca609</td></tr>
<tr>
<td title='xuxiaochan.test.airwallex.BankInfoEndpointTest.bankInfoCollectEndpointRequest()'><b>bankInfoCollectEndpointRequest</b><br>Test class: xuxiaochan.test.airwallex.BankInfoEndpointTest<br>Parameters: length of account_name validation: 10, payment_method, SWIFT, bank_country_code, US, account_name, JohnSmithj, account_number, 123, swift_code, ICBCUSBJ, invalid_bsb, , aba, 11122233A, HTTP/1.1 200 OK, {"success":"Bank details saved"}</td>
<td></td>
<td>0</td>
<td>xuxiaochan.test.airwallex.BankInfoEndpointTest@2a5ca609</td></tr>
<tr>
<td title='xuxiaochan.test.airwallex.BankInfoEndpointTest.bankInfoCollectEndpointRequest()'><b>bankInfoCollectEndpointRequest</b><br>Test class: xuxiaochan.test.airwallex.BankInfoEndpointTest<br>Parameters: length of account_name validation: 11, payment_method, SWIFT, bank_country_code, US, account_name, JohnSmithab, account_number, 123, swift_code, ICBCUSBJ, invalid_bsb, , aba, 11122233A, HTTP/1.1 400 Bad Request, {"error":"Length of account_name should be between 2 and 10"}</td>
<td></td>
<td>0</td>
<td>xuxiaochan.test.airwallex.BankInfoEndpointTest@2a5ca609</td></tr>
<tr>
<td title='xuxiaochan.test.airwallex.BankInfoEndpointTest.bankInfoCollectEndpointRequest()'><b>bankInfoCollectEndpointRequest</b><br>Test class: xuxiaochan.test.airwallex.BankInfoEndpointTest<br>Parameters: account_name includes every kind of characters, payment_method, SWIFT, bank_country_code, US, account_name, 1@*Jo ., account_number, 123, swift_code, ICBCUSBJ, invalid_bsb, , aba, 11122233A, HTTP/1.1 200 OK, {"success":"Bank details saved"}</td>
<td></td>
<td>0</td>
<td>xuxiaochan.test.airwallex.BankInfoEndpointTest@2a5ca609</td></tr>
<tr>
<td title='xuxiaochan.test.airwallex.BankInfoEndpointTest.bankInfoCollectEndpointRequest()'><b>bankInfoCollectEndpointRequest</b><br>Test class: xuxiaochan.test.airwallex.BankInfoEndpointTest<br>Parameters: mandatory field validate: account_number, payment_method, SWIFT, bank_country_code, US, account_name, John Smith, invalid_account_number, 123, swift_code, ICBCUSBJ, invalid_bsb, , aba, 11122233A, HTTP/1.1 400 Bad Request, {"error":"'account_number' is required"}</td>
<td></td>
<td>0</td>
<td>xuxiaochan.test.airwallex.BankInfoEndpointTest@2a5ca609</td></tr>
<tr>
<td title='xuxiaochan.test.airwallex.BankInfoEndpointTest.bankInfoCollectEndpointRequest()'><b>bankInfoCollectEndpointRequest</b><br>Test class: xuxiaochan.test.airwallex.BankInfoEndpointTest<br>Parameters: account_number include every kinds of characters, payment_method, SWIFT, bank_country_code, US, account_name, John Smith, account_number, %!@ .5YNn, swift_code, ICBCUSBJ, invalid_bsb, , aba, 11122233A, HTTP/1.1 200 OK, {"success":"Bank details saved"}</td>
<td></td>
<td>0</td>
<td>xuxiaochan.test.airwallex.BankInfoEndpointTest@2a5ca609</td></tr>
<tr>
<td title='xuxiaochan.test.airwallex.BankInfoEndpointTest.bankInfoCollectEndpointRequest()'><b>bankInfoCollectEndpointRequest</b><br>Test class: xuxiaochan.test.airwallex.BankInfoEndpointTest<br>Parameters: length of account_number validate when bank_country_code is US: 0, payment_method, SWIFT, bank_country_code, US, account_name, John Smith, account_number, , swift_code, ICBCUSBJ, invalid_bsb, , aba, 11122233A, HTTP/1.1 400 Bad Request, {"error":"'account_number' is required"}</td>
<td></td>
<td>0</td>
<td>xuxiaochan.test.airwallex.BankInfoEndpointTest@2a5ca609</td></tr>
<tr>
<td title='xuxiaochan.test.airwallex.BankInfoEndpointTest.bankInfoCollectEndpointRequest()'><b>bankInfoCollectEndpointRequest</b><br>Test class: xuxiaochan.test.airwallex.BankInfoEndpointTest<br>Parameters: length of account_number validate when bank_country_code is US: 1, payment_method, SWIFT, bank_country_code, US, account_name, John Smith, account_number, 1, swift_code, ICBCUSBJ, invalid_bsb, , aba, 11122233A, HTTP/1.1 200 OK, {"success":"Bank details saved"}</td>
<td></td>
<td>0</td>
<td>xuxiaochan.test.airwallex.BankInfoEndpointTest@2a5ca609</td></tr>
<tr>
<td title='xuxiaochan.test.airwallex.BankInfoEndpointTest.bankInfoCollectEndpointRequest()'><b>bankInfoCollectEndpointRequest</b><br>Test class: xuxiaochan.test.airwallex.BankInfoEndpointTest<br>Parameters: length of account_number validate when bank_country_code is US: 17, payment_method, SWIFT, bank_country_code, US, account_name, John Smith, account_number, 12345698911234567, swift_code, ICBCUSBJ, invalid_bsb, , aba, 11122233A, HTTP/1.1 200 OK, {"success":"Bank details saved"}</td>
<td></td>
<td>0</td>
<td>xuxiaochan.test.airwallex.BankInfoEndpointTest@2a5ca609</td></tr>
<tr>
<td title='xuxiaochan.test.airwallex.BankInfoEndpointTest.bankInfoCollectEndpointRequest()'><b>bankInfoCollectEndpointRequest</b><br>Test class: xuxiaochan.test.airwallex.BankInfoEndpointTest<br>Parameters: account_number include number & letter validate when bank_country_code is US, payment_method, SWIFT, bank_country_code, US, account_name, John Smith, account_number, 1234569891123asff, swift_code, ICBCUSBJ, invalid_bsb, , aba, 11122233A, HTTP/1.1 200 OK, {"success":"Bank details saved"}</td>
<td></td>
<td>0</td>
<td>xuxiaochan.test.airwallex.BankInfoEndpointTest@2a5ca609</td></tr>
<tr>
<td title='xuxiaochan.test.airwallex.BankInfoEndpointTest.bankInfoCollectEndpointRequest()'><b>bankInfoCollectEndpointRequest</b><br>Test class: xuxiaochan.test.airwallex.BankInfoEndpointTest<br>Parameters: account_number include number,letter & special characters validate when bank_country_code is US, payment_method, SWIFT, bank_country_code, US, account_name, John Smith, account_number, 1@#&*+2f, swift_code, ICBCUSBJ, invalid_bsb, , aba, 11122233A, HTTP/1.1 200 OK, {"success":"Bank details saved"}</td>
<td></td>
<td>0</td>
<td>xuxiaochan.test.airwallex.BankInfoEndpointTest@2a5ca609</td></tr>
<tr>
<td title='xuxiaochan.test.airwallex.BankInfoEndpointTest.bankInfoCollectEndpointRequest()'><b>bankInfoCollectEndpointRequest</b><br>Test class: xuxiaochan.test.airwallex.BankInfoEndpointTest<br>Parameters: account_number include number,letter, special characters & Chinese validate when bank_country_code is US, payment_method, SWIFT, bank_country_code, US, account_name, John Smith, account_number, 1@#&+2f, swift_code, ICBCUSBJ, invalid_bsb, , aba, 11122233A, HTTP/1.1 200 OK, {"success":"Bank details saved"}</td>
<td></td>
<td>0</td>
<td>xuxiaochan.test.airwallex.BankInfoEndpointTest@2a5ca609</td></tr>
<tr>
<td title='xuxiaochan.test.airwallex.BankInfoEndpointTest.bankInfoCollectEndpointRequest()'><b>bankInfoCollectEndpointRequest</b><br>Test class: xuxiaochan.test.airwallex.BankInfoEndpointTest<br>Parameters: length of account_number validate when bank_country_code is AU: 6, payment_method, SWIFT, bank_country_code, AU, account_name, John Smith, account_number, 123212, swift_code, ICBCAUBJ, bsb, zxzasa, aba, 11122233A, HTTP/1.1 200 OK, {"success":"Bank details saved"}</td>
<td></td>
<td>0</td>
<td>xuxiaochan.test.airwallex.BankInfoEndpointTest@2a5ca609</td></tr>
<tr>
<td title='xuxiaochan.test.airwallex.BankInfoEndpointTest.bankInfoCollectEndpointRequest()'><b>bankInfoCollectEndpointRequest</b><br>Test class: xuxiaochan.test.airwallex.BankInfoEndpointTest<br>Parameters: length of account_number validate when bank_country_code is AU: 9, payment_method, SWIFT, bank_country_code, AU, account_name, John Smith, account_number, 123123456, swift_code, ICBCAUBJ, bsb, zxzasa, aba, 11122233A, HTTP/1.1 200 OK, {"success":"Bank details saved"}</td>
<td></td>
<td>0</td>
<td>xuxiaochan.test.airwallex.BankInfoEndpointTest@2a5ca609</td></tr>
<tr>
<td title='xuxiaochan.test.airwallex.BankInfoEndpointTest.bankInfoCollectEndpointRequest()'><b>bankInfoCollectEndpointRequest</b><br>Test class: xuxiaochan.test.airwallex.BankInfoEndpointTest<br>Parameters: length of account_number validate when bank_country_code is CN: 8, payment_method, SWIFT, bank_country_code, CN, account_name, John Smith, account_number, 11234523, swift_code, ICBCCNBJ, invalid_bsb, , aba, 11122233A, HTTP/1.1 200 OK, {"success":"Bank details saved"}</td>
<td></td>
<td>0</td>
<td>xuxiaochan.test.airwallex.BankInfoEndpointTest@2a5ca609</td></tr>
<tr>
<td title='xuxiaochan.test.airwallex.BankInfoEndpointTest.bankInfoCollectEndpointRequest()'><b>bankInfoCollectEndpointRequest</b><br>Test class: xuxiaochan.test.airwallex.BankInfoEndpointTest<br>Parameters: mandatory field of swift_code validate when bank_country_code is SWIFT: swift_code, payment_method, SWIFT, bank_country_code, US, account_name, John Smith, account_number, 123, invalid_swift_code, ICBCUSBJ, invalid_bsb, , aba, 11122233A, HTTP/1.1 400 Bad Request, {"error":"'swift_code' is required when payment method is 'SWIFT'"}</td>
<td></td>
<td>0</td>
<td>xuxiaochan.test.airwallex.BankInfoEndpointTest@2a5ca609</td></tr>
<tr>
<td title='xuxiaochan.test.airwallex.BankInfoEndpointTest.bankInfoCollectEndpointRequest()'><b>bankInfoCollectEndpointRequest</b><br>Test class: xuxiaochan.test.airwallex.BankInfoEndpointTest<br>Parameters: optional field of swift_code validate when bank_country_code is LOCAL: swift_code, payment_method, LOCAL, bank_country_code, US, account_name, John Smith, account_number, 123, invalid_swift_code, ICBCUSBJ, invalid_bsb, , aba, 11122233A, HTTP/1.1 200 OK, {"success":"Bank details saved"}</td>
<td></td>
<td>0</td>
<td>xuxiaochan.test.airwallex.BankInfoEndpointTest@2a5ca609</td></tr>
<tr>
<td title='xuxiaochan.test.airwallex.BankInfoEndpointTest.bankInfoCollectEndpointRequest()'><b>bankInfoCollectEndpointRequest</b><br>Test class: xuxiaochan.test.airwallex.BankInfoEndpointTest<br>Parameters: the 5th and 6th characters of swift_code validate when bank_country_code is US: pass, payment_method, SWIFT, bank_country_code, US, account_name, John Smith, account_number, 123, swift_code, ICBCUSBJ, invalid_bsb, , aba, 11122233A, HTTP/1.1 200 OK, {"success":"Bank details saved"}</td>
<td></td>
<td>0</td>
<td>xuxiaochan.test.airwallex.BankInfoEndpointTest@2a5ca609</td></tr>
<tr>
<td title='xuxiaochan.test.airwallex.BankInfoEndpointTest.bankInfoCollectEndpointRequest()'><b>bankInfoCollectEndpointRequest</b><br>Test class: xuxiaochan.test.airwallex.BankInfoEndpointTest<br>Parameters: the 5th character of swift_code validate when bank_country_code is US: fail, payment_method, SWIFT, bank_country_code, US, account_name, John Smith, account_number, 123, swift_code, ICBCASBJ, invalid_bsb, , aba, 11122233A, HTTP/1.1 400 Bad Request, {"error":"The swift code is not valid for the given bank country code: US"}</td>
<td></td>
<td>0</td>
<td>xuxiaochan.test.airwallex.BankInfoEndpointTest@2a5ca609</td></tr>
<tr>
<td title='xuxiaochan.test.airwallex.BankInfoEndpointTest.bankInfoCollectEndpointRequest()'><b>bankInfoCollectEndpointRequest</b><br>Test class: xuxiaochan.test.airwallex.BankInfoEndpointTest<br>Parameters: the 6th character of swift_code validate when bank_country_code is US: fail, payment_method, SWIFT, bank_country_code, US, account_name, John Smith, account_number, 123, swift_code, ICBCUYBJ, invalid_bsb, , aba, 11122233A, HTTP/1.1 400 Bad Request, {"error":"The swift code is not valid for the given bank country code: US"}</td>
<td></td>
<td>0</td>
<td>xuxiaochan.test.airwallex.BankInfoEndpointTest@2a5ca609</td></tr>
<tr>
<td title='xuxiaochan.test.airwallex.BankInfoEndpointTest.bankInfoCollectEndpointRequest()'><b>bankInfoCollectEndpointRequest</b><br>Test class: xuxiaochan.test.airwallex.BankInfoEndpointTest<br>Parameters: the 5th and 6th characters of swift_code validate when bank_country_code is AU: pass, payment_method, SWIFT, bank_country_code, AU, account_name, John Smith, account_number, 121233, swift_code, ICBCAUBJ, bsb, sjajsj, aba, 11122233A, HTTP/1.1 200 OK, {"success":"Bank details saved"}</td>
<td></td>
<td>0</td>
<td>xuxiaochan.test.airwallex.BankInfoEndpointTest@2a5ca609</td></tr>
<tr>
<td title='xuxiaochan.test.airwallex.BankInfoEndpointTest.bankInfoCollectEndpointRequest()'><b>bankInfoCollectEndpointRequest</b><br>Test class: xuxiaochan.test.airwallex.BankInfoEndpointTest<br>Parameters: the 5th character of swift_code validate when bank_country_code is AU: fail, payment_method, SWIFT, bank_country_code, AU, account_name, John Smith, account_number, 12345670, swift_code, ICBCBUBJ, bsb, jshjds, aba, 11122233A, HTTP/1.1 400 Bad Request, {"error":"The swift code is not valid for the given bank country code: AU"}</td>
<td></td>
<td>0</td>
<td>xuxiaochan.test.airwallex.BankInfoEndpointTest@2a5ca609</td></tr>
<tr>
<td title='xuxiaochan.test.airwallex.BankInfoEndpointTest.bankInfoCollectEndpointRequest()'><b>bankInfoCollectEndpointRequest</b><br>Test class: xuxiaochan.test.airwallex.BankInfoEndpointTest<br>Parameters: the 6th character of swift_code validate when bank_country_code is AU: fail, payment_method, SWIFT, bank_country_code, AU, account_name, John Smith, account_number, 12345678, swift_code, ICBCAYBJ, bsb, sjahsd, aba, 11122233A, HTTP/1.1 400 Bad Request, {"error":"The swift code is not valid for the given bank country code: AU"}</td>
<td></td>
<td>0</td>
<td>xuxiaochan.test.airwallex.BankInfoEndpointTest@2a5ca609</td></tr>
<tr>
<td title='xuxiaochan.test.airwallex.BankInfoEndpointTest.bankInfoCollectEndpointRequest()'><b>bankInfoCollectEndpointRequest</b><br>Test class: xuxiaochan.test.airwallex.BankInfoEndpointTest<br>Parameters: the length of swift_code validate: 11, payment_method, SWIFT, bank_country_code, US, account_name, John Smith, account_number, 1234567890, swift_code, ICBCUSSJABC, invalid_bsb, , aba, 11122233A, HTTP/1.1 200 OK, {"success":"Bank details saved"}</td>
<td></td>
<td>0</td>
<td>xuxiaochan.test.airwallex.BankInfoEndpointTest@2a5ca609</td></tr>
<tr>
<td title='xuxiaochan.test.airwallex.BankInfoEndpointTest.bankInfoCollectEndpointRequest()'><b>bankInfoCollectEndpointRequest</b><br>Test class: xuxiaochan.test.airwallex.BankInfoEndpointTest<br>Parameters: the length of swift_code validate: 7, payment_method, SWIFT, bank_country_code, US, account_name, John Smith, account_number, 1234567890, swift_code, ICBCUSB, invalid_bsb, , aba, 11122233A, HTTP/1.1 400 Bad Request, {"error":"Length of 'swift_code' should be either 8 or 11"}</td>
<td></td>
<td>0</td>
<td>xuxiaochan.test.airwallex.BankInfoEndpointTest@2a5ca609</td></tr>
<tr>
<td title='xuxiaochan.test.airwallex.BankInfoEndpointTest.bankInfoCollectEndpointRequest()'><b>bankInfoCollectEndpointRequest</b><br>Test class: xuxiaochan.test.airwallex.BankInfoEndpointTest<br>Parameters: the length of swift_code validate: 12, payment_method, SWIFT, bank_country_code, US, account_name, John Smith, account_number, 1234567890, swift_code, ICBCUSBUDASE, invalid_bsb, , aba, 11122233A, HTTP/1.1 400 Bad Request, {"error":"Length of 'swift_code' should be either 8 or 11"}</td>
<td></td>
<td>0</td>
<td>xuxiaochan.test.airwallex.BankInfoEndpointTest@2a5ca609</td></tr>
<tr>
<td title='xuxiaochan.test.airwallex.BankInfoEndpointTest.bankInfoCollectEndpointRequest()'><b>bankInfoCollectEndpointRequest</b><br>Test class: xuxiaochan.test.airwallex.BankInfoEndpointTest<br>Parameters: mandatory field of bsb validate when bank_country_code is AU: pass, payment_method, SWIFT, bank_country_code, AU, account_name, John Smith, account_number, 12345678, swift_code, ICBCAUBJ, bsb, aabuyt, aba, 11122233A, HTTP/1.1 200 OK, {"success":"Bank details saved"}</td>
<td></td>
<td>0</td>
<td>xuxiaochan.test.airwallex.BankInfoEndpointTest@2a5ca609</td></tr>
<tr>
<td title='xuxiaochan.test.airwallex.BankInfoEndpointTest.bankInfoCollectEndpointRequest()'><b>bankInfoCollectEndpointRequest</b><br>Test class: xuxiaochan.test.airwallex.BankInfoEndpointTest<br>Parameters: mandatory field of bsb validate when bank_country_code is AU: fail, payment_method, SWIFT, bank_country_code, AU, account_name, John Smith, account_number, 12345678, swift_code, ICBCAUBJ, invalid_bsb, aacrtu, aba, 11122233A, HTTP/1.1 400 Bad Request, {"error":"'bsb' is required when bank country code is 'AU'"}</td>
<td></td>
<td>0</td>
<td>xuxiaochan.test.airwallex.BankInfoEndpointTest@2a5ca609</td></tr>
<tr>
<td title='xuxiaochan.test.airwallex.BankInfoEndpointTest.bankInfoCollectEndpointRequest()'><b>bankInfoCollectEndpointRequest</b><br>Test class: xuxiaochan.test.airwallex.BankInfoEndpointTest<br>Parameters: optional field of bsb validate when bank_country_code is US: pass, payment_method, SWIFT, bank_country_code, US, account_name, John Smith, account_number, 1234567890, swift_code, ICBCUSBJ, bsb, dhjshy, aba, 11122233A, HTTP/1.1 200 OK, {"success":"Bank details saved"}</td>
<td></td>
<td>0</td>
<td>xuxiaochan.test.airwallex.BankInfoEndpointTest@2a5ca609</td></tr>
<tr>
<td title='xuxiaochan.test.airwallex.BankInfoEndpointTest.bankInfoCollectEndpointRequest()'><b>bankInfoCollectEndpointRequest</b><br>Test class: xuxiaochan.test.airwallex.BankInfoEndpointTest<br>Parameters: optional field of bsb validate when bank_country_code is US: pass, payment_method, SWIFT, bank_country_code, US, account_name, John Smith, account_number, 1234567890, swift_code, ICBCUSBJ, invalid_bsb, hsjaha, aba, 11122233A, HTTP/1.1 200 OK, {"success":"Bank details saved"}</td>
<td></td>
<td>0</td>
<td>xuxiaochan.test.airwallex.BankInfoEndpointTest@2a5ca609</td></tr>
<tr>
<td title='xuxiaochan.test.airwallex.BankInfoEndpointTest.bankInfoCollectEndpointRequest()'><b>bankInfoCollectEndpointRequest</b><br>Test class: xuxiaochan.test.airwallex.BankInfoEndpointTest<br>Parameters: length of bsb field validate: 5, payment_method, SWIFT, bank_country_code, AU, account_name, John Smith, account_number, 123456789, swift_code, ICBCAUBJ, bsb, aacrt, aba, 11122233A, HTTP/1.1 400 Bad Request, {"error":"Length of 'bsb' should be 6"}</td>
<td></td>
<td>0</td>
<td>xuxiaochan.test.airwallex.BankInfoEndpointTest@2a5ca609</td></tr>
<tr>
<td title='xuxiaochan.test.airwallex.BankInfoEndpointTest.bankInfoCollectEndpointRequest()'><b>bankInfoCollectEndpointRequest</b><br>Test class: xuxiaochan.test.airwallex.BankInfoEndpointTest<br>Parameters: length of bsb field validate: 7, payment_method, SWIFT, bank_country_code, AU, account_name, John Smith, account_number, 12345690, swift_code, ICBCAUBJ, bsb, aacrtuw, aba, 11122233A, HTTP/1.1 400 Bad Request, {"error":"Length of 'bsb' should be 6"}</td>
<td></td>
<td>0</td>
<td>xuxiaochan.test.airwallex.BankInfoEndpointTest@2a5ca609</td></tr>
<tr>
<td title='xuxiaochan.test.airwallex.BankInfoEndpointTest.bankInfoCollectEndpointRequest()'><b>bankInfoCollectEndpointRequest</b><br>Test class: xuxiaochan.test.airwallex.BankInfoEndpointTest<br>Parameters: mandatory field of aba validate when bank_country_code is US: pass, payment_method, SWIFT, bank_country_code, US, account_name, John Smith, account_number, 1234567890, swift_code, ICBCUSBJ, bsb, aabuyt, aba, 11122233A, HTTP/1.1 200 OK, {"success":"Bank details saved"}</td>
<td></td>
<td>0</td>
<td>xuxiaochan.test.airwallex.BankInfoEndpointTest@2a5ca609</td></tr>
<tr>
<td title='xuxiaochan.test.airwallex.BankInfoEndpointTest.bankInfoCollectEndpointRequest()'><b>bankInfoCollectEndpointRequest</b><br>Test class: xuxiaochan.test.airwallex.BankInfoEndpointTest<br>Parameters: optional field of aba validate when bank_country_code is AU: pass with aba, payment_method, SWIFT, bank_country_code, AU, account_name, John Smith, account_number, 123456789, swift_code, ICBCAUBJ, bsb, dhjshy, aba, 11122233A, HTTP/1.1 200 OK, {"success":"Bank details saved"}</td>
<td></td>
<td>0</td>
<td>xuxiaochan.test.airwallex.BankInfoEndpointTest@2a5ca609</td></tr>
<tr>
<td title='xuxiaochan.test.airwallex.BankInfoEndpointTest.bankInfoCollectEndpointRequest()'><b>bankInfoCollectEndpointRequest</b><br>Test class: xuxiaochan.test.airwallex.BankInfoEndpointTest<br>Parameters: optional field of abs validate when bank_country_code is AU: pass with invalid_aba, payment_method, SWIFT, bank_country_code, AU, account_name, John Smith, account_number, 123456789, swift_code, ICBCAUBJ, bsb, hsjaha, invalid_aba, 11122233A, HTTP/1.1 200 OK, {"success":"Bank details saved"}</td>
<td></td>
<td>0</td>
<td>xuxiaochan.test.airwallex.BankInfoEndpointTest@2a5ca609</td></tr>
<tr>
<td title='xuxiaochan.test.airwallex.BankInfoEndpointTest.bankInfoCollectEndpointRequest()'><b>bankInfoCollectEndpointRequest</b><br>Test class: xuxiaochan.test.airwallex.BankInfoEndpointTest<br>Parameters: length of abs field validate: 8, payment_method, SWIFT, bank_country_code, US, account_name, John Smith, account_number, 1234567890, swift_code, ICBCUSBJ, bsb, aacrta, aba, 11122233, HTTP/1.1 400 Bad Request, {"error":"Length of 'aba' should be 9"}</td>
<td></td>
<td>0</td>
<td>xuxiaochan.test.airwallex.BankInfoEndpointTest@2a5ca609</td></tr>
<tr>
<td title='xuxiaochan.test.airwallex.BankInfoEndpointTest.bankInfoCollectEndpointRequest()'><b>bankInfoCollectEndpointRequest</b><br>Test class: xuxiaochan.test.airwallex.BankInfoEndpointTest<br>Parameters: length of aba field validate: 10, payment_method, SWIFT, bank_country_code, US, account_name, John Smith, account_number, 1234567890, swift_code, ICBUUSBJ, bsb, aacrtu, aba, 11122233AB, HTTP/1.1 400 Bad Request, {"error":"Length of 'aba' should be 9"}</td>
<td></td>
<td>0</td>
<td>xuxiaochan.test.airwallex.BankInfoEndpointTest@2a5ca609</td></tr>
<tr>
<td title='xuxiaochan.test.airwallex.BankInfoEndpointTest.bankInfoCollectEndpointRequest()'><b>bankInfoCollectEndpointRequest</b><br>Test class: xuxiaochan.test.airwallex.BankInfoEndpointTest<br>Parameters: aba field include special character and Chinese, payment_method, SWIFT, bank_country_code, US, account_name, John Smith, account_number, 1234567890, swift_code, ICBUUSBJ, bsb, aacrtu, aba, 1112.3bB, HTTP/1.1 200 OK, {"success":"Bank details saved"}</td>
<td></td>
<td>0</td>
<td>xuxiaochan.test.airwallex.BankInfoEndpointTest@2a5ca609</td></tr>
<tr>
<td title='xuxiaochan.test.airwallex.BankInfoEndpointTest.bankInfoCollectEndpointRequest()'><b>bankInfoCollectEndpointRequest</b><br>Test class: xuxiaochan.test.airwallex.BankInfoEndpointTest<br>Parameters: bsb field include special character and Chinese, payment_method, SWIFT, bank_country_code, US, account_name, John Smith, account_number, 1234567890, swift_code, ICBUUSBJ, bsb, a1@Tu, aba, 11122233B, HTTP/1.1 200 OK, {"success":"Bank details saved"}</td>
<td></td>
<td>0</td>
<td>xuxiaochan.test.airwallex.BankInfoEndpointTest@2a5ca609</td></tr>
<tr>
<td title='xuxiaochan.test.airwallex.BankInfoEndpointTest.bankInfoCollectEndpointRequest()'><b>bankInfoCollectEndpointRequest</b><br>Test class: xuxiaochan.test.airwallex.BankInfoEndpointTest<br>Parameters: swift_code field include special character and Chinese, payment_method, SWIFT, bank_country_code, US, account_name, John Smith, account_number, 1234567890, swift_code, V!UUS.1, bsb, a1@Tu, aba, 11122233B, HTTP/1.1 200 OK, {"success":"Bank details saved"}</td>
<td></td>
<td>0</td>
<td>xuxiaochan.test.airwallex.BankInfoEndpointTest@2a5ca609</td></tr>
</table><p>
</body>
</html>