<?xml version="1.0" encoding="UTF-8" ?>
<testsuite tests="53" failures="52" name="TestSuite" time="39.628" errors="0" skipped="0">
  <properties>
[...]
</properties>
  <testcase classname="xuxiaochan.test.airwallex.BankInfoEndpointTest" name="(xuxiaochan.test.airwallex.BankInfoEndpointTest)" time="1.266"/>
  <testcase classname="xuxiaochan.test.airwallex.BankInfoEndpointTest" name="(xuxiaochan.test.airwallex.BankInfoEndpointTest)" time="0.812">
    <failure message="expected [{&quot;error&quot;:&quot;&apos;payment_method&apos; field required, the value should be either &apos;LOCAL&apos; or &apos;SWIFT&apos;&quot;}] but found [{&quot;error&quot;:&quot;&apos;bank_country_code&apos; is required, and should be one of &apos;US&apos;, &apos;AU&apos;, or &apos;CN&apos;&quot;}]" type="java.lang.AssertionError">java.lang.AssertionError: expected [{&quot;error&quot;:&quot;&apos;payment_method&apos; field required, the value should be either &apos;LOCAL&apos; or &apos;SWIFT&apos;&quot;}] but found [{&quot;error&quot;:&quot;&apos;bank_country_code&apos; is required, and should be one of &apos;US&apos;, &apos;AU&apos;, or &apos;CN&apos;&quot;}]
	at org.testng.Assert.fail(Assert.java:94)
	at org.testng.Assert.failNotEquals(Assert.java:513)
	at org.testng.Assert.assertEqualsImpl(Assert.java:135)
	at org.testng.Assert.assertEquals(Assert.java:116)
	at org.testng.Assert.assertEquals(Assert.java:190)
	at org.testng.Assert.assertEquals(Assert.java:200)
	at xuxiaochan.test.airwallex.BankInfoEndpointTest.bankInfoCollectEndpointRequest(BankInfoEndpointTest.java:90)
</failure>
    <system-out>mandatory field validate: bank_country_code
HTTP/1.1 400 Bad Request
{&quot;error&quot;:&quot;&apos;bank_country_code&apos; is required, and should be one of &apos;US&apos;, &apos;AU&apos;, or &apos;CN&apos;&quot;}
</system-out>
  </testcase>
  <testcase classname="xuxiaochan.test.airwallex.BankInfoEndpointTest" name="(xuxiaochan.test.airwallex.BankInfoEndpointTest)" time="0.814">
    <failure message="expected [1] but found [{&quot;error&quot;:&quot;&apos;account_name&apos; is required&quot;}]" type="java.lang.AssertionError">java.lang.AssertionError: expected [1] but found [{&quot;error&quot;:&quot;&apos;account_name&apos; is required&quot;}]
	at org.testng.Assert.fail(Assert.java:94)
	at org.testng.Assert.failNotEquals(Assert.java:513)
	at org.testng.Assert.assertEqualsImpl(Assert.java:135)
	at org.testng.Assert.assertEquals(Assert.java:116)
	at org.testng.Assert.assertEquals(Assert.java:190)
	at org.testng.Assert.assertEquals(Assert.java:200)
	at xuxiaochan.test.airwallex.BankInfoEndpointTest.bankInfoCollectEndpointRequest(BankInfoEndpointTest.java:90)
</failure>
    <system-out>mandatory field validate: account_name
HTTP/1.1 400 Bad Request
{&quot;error&quot;:&quot;&apos;account_name&apos; is required&quot;}
</system-out>
  </testcase>
  <testcase classname="xuxiaochan.test.airwallex.BankInfoEndpointTest" name="(xuxiaochan.test.airwallex.BankInfoEndpointTest)" time="0.821">
    <failure message="expected [1] but found [{&quot;error&quot;:&quot;&apos;account_number&apos; is required&quot;}]" type="java.lang.AssertionError">java.lang.AssertionError: expected [1] but found [{&quot;error&quot;:&quot;&apos;account_number&apos; is required&quot;}]
	at org.testng.Assert.fail(Assert.java:94)
	at org.testng.Assert.failNotEquals(Assert.java:513)
	at org.testng.Assert.assertEqualsImpl(Assert.java:135)
	at org.testng.Assert.assertEquals(Assert.java:116)
	at org.testng.Assert.assertEquals(Assert.java:190)
	at org.testng.Assert.assertEquals(Assert.java:200)
	at xuxiaochan.test.airwallex.BankInfoEndpointTest.bankInfoCollectEndpointRequest(BankInfoEndpointTest.java:90)
</failure>
    <system-out>mandatory field validate: account_number
HTTP/1.1 400 Bad Request
{&quot;error&quot;:&quot;&apos;account_number&apos; is required&quot;}
</system-out>
  </testcase>
  <testcase classname="xuxiaochan.test.airwallex.BankInfoEndpointTest" name="(xuxiaochan.test.airwallex.BankInfoEndpointTest)" time="0.818">
    <failure message="expected [1] but found [{&quot;error&quot;:&quot;&apos;account_number&apos; is required&quot;}]" type="java.lang.AssertionError">java.lang.AssertionError: expected [1] but found [{&quot;error&quot;:&quot;&apos;account_number&apos; is required&quot;}]
	at org.testng.Assert.fail(Assert.java:94)
	at org.testng.Assert.failNotEquals(Assert.java:513)
	at org.testng.Assert.assertEqualsImpl(Assert.java:135)
	at org.testng.Assert.assertEquals(Assert.java:116)
	at org.testng.Assert.assertEquals(Assert.java:190)
	at org.testng.Assert.assertEquals(Assert.java:200)
	at xuxiaochan.test.airwallex.BankInfoEndpointTest.bankInfoCollectEndpointRequest(BankInfoEndpointTest.java:90)
</failure>
    <system-out>length of account_number validate when bank_country_code is US: 0
HTTP/1.1 400 Bad Request
{&quot;error&quot;:&quot;&apos;account_number&apos; is required&quot;}
</system-out>
  </testcase>
  <testcase classname="xuxiaochan.test.airwallex.BankInfoEndpointTest" name="(xuxiaochan.test.airwallex.BankInfoEndpointTest)" time="0.716">
    <failure message="expected [true] but found [false]" type="java.lang.AssertionError">java.lang.AssertionError: expected [true] but found [false]
	at org.testng.Assert.fail(Assert.java:94)
	at org.testng.Assert.failNotEquals(Assert.java:513)
	at org.testng.Assert.assertTrue(Assert.java:42)
	at org.testng.Assert.assertTrue(Assert.java:52)
	at xuxiaochan.test.airwallex.BankInfoEndpointTest.bankInfoCollectEndpointRequest(BankInfoEndpointTest.java:89)
</failure>
    <system-out>length of account_number validate when bank_country_code is US: 1
HTTP/1.1 200 OK
{&quot;success&quot;:&quot;Bank details saved&quot;}
</system-out>
  </testcase>
  <testcase classname="xuxiaochan.test.airwallex.BankInfoEndpointTest" name="(xuxiaochan.test.airwallex.BankInfoEndpointTest)" time="0.718">
    <failure message="expected [true] but found [false]" type="java.lang.AssertionError">java.lang.AssertionError: expected [true] but found [false]
	at org.testng.Assert.fail(Assert.java:94)
	at org.testng.Assert.failNotEquals(Assert.java:513)
	at org.testng.Assert.assertTrue(Assert.java:42)
	at org.testng.Assert.assertTrue(Assert.java:52)
	at xuxiaochan.test.airwallex.BankInfoEndpointTest.bankInfoCollectEndpointRequest(BankInfoEndpointTest.java:89)
</failure>
    <system-out>length of account_number validate when bank_country_code is US: 17
HTTP/1.1 200 OK
{&quot;success&quot;:&quot;Bank details saved&quot;}
</system-out>
  </testcase>
  <testcase classname="xuxiaochan.test.airwallex.BankInfoEndpointTest" name="(xuxiaochan.test.airwallex.BankInfoEndpointTest)" time="0.612">
    <failure message="expected [1] but found [{&quot;error&quot;:&quot;Length of account_number should be between 7 and 11 when bank_country_code is &apos;US&apos;&quot;}]" type="java.lang.AssertionError">java.lang.AssertionError: expected [1] but found [{&quot;error&quot;:&quot;Length of account_number should be between 7 and 11 when bank_country_code is &apos;US&apos;&quot;}]
	at org.testng.Assert.fail(Assert.java:94)
	at org.testng.Assert.failNotEquals(Assert.java:513)
	at org.testng.Assert.assertEqualsImpl(Assert.java:135)
	at org.testng.Assert.assertEquals(Assert.java:116)
	at org.testng.Assert.assertEquals(Assert.java:190)
	at org.testng.Assert.assertEquals(Assert.java:200)
	at xuxiaochan.test.airwallex.BankInfoEndpointTest.bankInfoCollectEndpointRequest(BankInfoEndpointTest.java:90)
</failure>
    <system-out>length of account_number validate when bank_country_code is US: 18
HTTP/1.1 400 Bad Request
{&quot;error&quot;:&quot;Length of account_number should be between 7 and 11 when bank_country_code is &apos;US&apos;&quot;}
</system-out>
  </testcase>
  <testcase classname="xuxiaochan.test.airwallex.BankInfoEndpointTest" name="(xuxiaochan.test.airwallex.BankInfoEndpointTest)" time="0.819">
    <failure message="expected [true] but found [false]" type="java.lang.AssertionError">java.lang.AssertionError: expected [true] but found [false]
	at org.testng.Assert.fail(Assert.java:94)
	at org.testng.Assert.failNotEquals(Assert.java:513)
	at org.testng.Assert.assertTrue(Assert.java:42)
	at org.testng.Assert.assertTrue(Assert.java:52)
	at xuxiaochan.test.airwallex.BankInfoEndpointTest.bankInfoCollectEndpointRequest(BankInfoEndpointTest.java:89)
</failure>
    <system-out>account_number include number &amp; letter validate when bank_country_code is US
HTTP/1.1 200 OK
{&quot;success&quot;:&quot;Bank details saved&quot;}
</system-out>
  </testcase>
  <testcase classname="xuxiaochan.test.airwallex.BankInfoEndpointTest" name="(xuxiaochan.test.airwallex.BankInfoEndpointTest)" time="0.646">
    <failure message="expected [1] but found [{&quot;error&quot;:&quot;Length of account_number should be between 7 and 11 when bank_country_code is &apos;US&apos;&quot;}]" type="java.lang.AssertionError">java.lang.AssertionError: expected [1] but found [{&quot;error&quot;:&quot;Length of account_number should be between 7 and 11 when bank_country_code is &apos;US&apos;&quot;}]
	at org.testng.Assert.fail(Assert.java:94)
	at org.testng.Assert.failNotEquals(Assert.java:513)
	at org.testng.Assert.assertEqualsImpl(Assert.java:135)
	at org.testng.Assert.assertEquals(Assert.java:116)
	at org.testng.Assert.assertEquals(Assert.java:190)
	at org.testng.Assert.assertEquals(Assert.java:200)
	at xuxiaochan.test.airwallex.BankInfoEndpointTest.bankInfoCollectEndpointRequest(BankInfoEndpointTest.java:90)
</failure>
    <system-out>length of account_number validate when bank_country_code is AU: 5
HTTP/1.1 400 Bad Request
{&quot;error&quot;:&quot;Length of account_number should be between 7 and 11 when bank_country_code is &apos;US&apos;&quot;}
</system-out>
  </testcase>
  <testcase classname="xuxiaochan.test.airwallex.BankInfoEndpointTest" name="(xuxiaochan.test.airwallex.BankInfoEndpointTest)" time="0.701">
    <failure message="expected [1] but found [{&quot;error&quot;:&quot;Length of account_number should be between 7 and 11 when bank_country_code is &apos;US&apos;&quot;}]" type="java.lang.AssertionError">java.lang.AssertionError: expected [1] but found [{&quot;error&quot;:&quot;Length of account_number should be between 7 and 11 when bank_country_code is &apos;US&apos;&quot;}]
	at org.testng.Assert.fail(Assert.java:94)
	at org.testng.Assert.failNotEquals(Assert.java:513)
	at org.testng.Assert.assertEqualsImpl(Assert.java:135)
	at org.testng.Assert.assertEquals(Assert.java:116)
	at org.testng.Assert.assertEquals(Assert.java:190)
	at org.testng.Assert.assertEquals(Assert.java:200)
	at xuxiaochan.test.airwallex.BankInfoEndpointTest.bankInfoCollectEndpointRequest(BankInfoEndpointTest.java:90)
</failure>
    <system-out>length of account_number validate when bank_country_code is AU: 6
HTTP/1.1 400 Bad Request
{&quot;error&quot;:&quot;Length of account_number should be between 7 and 11 when bank_country_code is &apos;US&apos;&quot;}
</system-out>
  </testcase>
  <testcase classname="xuxiaochan.test.airwallex.BankInfoEndpointTest" name="(xuxiaochan.test.airwallex.BankInfoEndpointTest)" time="0.8">
    <failure message="expected [1] but found [{&quot;error&quot;:&quot;Length of account_number should be between 7 and 11 when bank_country_code is &apos;US&apos;&quot;}]" type="java.lang.AssertionError">java.lang.AssertionError: expected [1] but found [{&quot;error&quot;:&quot;Length of account_number should be between 7 and 11 when bank_country_code is &apos;US&apos;&quot;}]
	at org.testng.Assert.fail(Assert.java:94)
	at org.testng.Assert.failNotEquals(Assert.java:513)
	at org.testng.Assert.assertEqualsImpl(Assert.java:135)
	at org.testng.Assert.assertEquals(Assert.java:116)
	at org.testng.Assert.assertEquals(Assert.java:190)
	at org.testng.Assert.assertEquals(Assert.java:200)
	at xuxiaochan.test.airwallex.BankInfoEndpointTest.bankInfoCollectEndpointRequest(BankInfoEndpointTest.java:90)
</failure>
    <system-out>length of account_number validate when bank_country_code is AU: 9
HTTP/1.1 400 Bad Request
{&quot;error&quot;:&quot;Length of account_number should be between 7 and 11 when bank_country_code is &apos;US&apos;&quot;}
</system-out>
  </testcase>
  <testcase classname="xuxiaochan.test.airwallex.BankInfoEndpointTest" name="(xuxiaochan.test.airwallex.BankInfoEndpointTest)" time="0.733">
    <failure message="expected [1] but found [{&quot;error&quot;:&quot;Length of account_number should be between 7 and 11 when bank_country_code is &apos;US&apos;&quot;}]" type="java.lang.AssertionError">java.lang.AssertionError: expected [1] but found [{&quot;error&quot;:&quot;Length of account_number should be between 7 and 11 when bank_country_code is &apos;US&apos;&quot;}]
	at org.testng.Assert.fail(Assert.java:94)
	at org.testng.Assert.failNotEquals(Assert.java:513)
	at org.testng.Assert.assertEqualsImpl(Assert.java:135)
	at org.testng.Assert.assertEquals(Assert.java:116)
	at org.testng.Assert.assertEquals(Assert.java:190)
	at org.testng.Assert.assertEquals(Assert.java:200)
	at xuxiaochan.test.airwallex.BankInfoEndpointTest.bankInfoCollectEndpointRequest(BankInfoEndpointTest.java:90)
</failure>
    <system-out>length of account_number validate when bank_country_code is AU: 10
HTTP/1.1 400 Bad Request
{&quot;error&quot;:&quot;Length of account_number should be between 7 and 11 when bank_country_code is &apos;US&apos;&quot;}
</system-out>
  </testcase>
  <testcase classname="xuxiaochan.test.airwallex.BankInfoEndpointTest" name="(xuxiaochan.test.airwallex.BankInfoEndpointTest)" time="0.703">
    <failure message="expected [1] but found [{&quot;error&quot;:&quot;Length of account_number should be between 7 and 11 when bank_country_code is &apos;US&apos;&quot;}]" type="java.lang.AssertionError">java.lang.AssertionError: expected [1] but found [{&quot;error&quot;:&quot;Length of account_number should be between 7 and 11 when bank_country_code is &apos;US&apos;&quot;}]
	at org.testng.Assert.fail(Assert.java:94)
	at org.testng.Assert.failNotEquals(Assert.java:513)
	at org.testng.Assert.assertEqualsImpl(Assert.java:135)
	at org.testng.Assert.assertEquals(Assert.java:116)
	at org.testng.Assert.assertEquals(Assert.java:190)
	at org.testng.Assert.assertEquals(Assert.java:200)
	at xuxiaochan.test.airwallex.BankInfoEndpointTest.bankInfoCollectEndpointRequest(BankInfoEndpointTest.java:90)
</failure>
    <system-out>length of account_number validate when bank_country_code is CN: 7
HTTP/1.1 400 Bad Request
{&quot;error&quot;:&quot;Length of account_number should be between 7 and 11 when bank_country_code is &apos;US&apos;&quot;}
</system-out>
  </testcase>
  <testcase classname="xuxiaochan.test.airwallex.BankInfoEndpointTest" name="(xuxiaochan.test.airwallex.BankInfoEndpointTest)" time="0.815">
    <failure message="expected [1] but found [{&quot;error&quot;:&quot;Length of account_number should be between 7 and 11 when bank_country_code is &apos;US&apos;&quot;}]" type="java.lang.AssertionError">java.lang.AssertionError: expected [1] but found [{&quot;error&quot;:&quot;Length of account_number should be between 7 and 11 when bank_country_code is &apos;US&apos;&quot;}]
	at org.testng.Assert.fail(Assert.java:94)
	at org.testng.Assert.failNotEquals(Assert.java:513)
	at org.testng.Assert.assertEqualsImpl(Assert.java:135)
	at org.testng.Assert.assertEquals(Assert.java:116)
	at org.testng.Assert.assertEquals(Assert.java:190)
	at org.testng.Assert.assertEquals(Assert.java:200)
	at xuxiaochan.test.airwallex.BankInfoEndpointTest.bankInfoCollectEndpointRequest(BankInfoEndpointTest.java:90)
</failure>
    <system-out>length of account_number validate when bank_country_code is CN: 8
HTTP/1.1 400 Bad Request
{&quot;error&quot;:&quot;Length of account_number should be between 7 and 11 when bank_country_code is &apos;US&apos;&quot;}
</system-out>
  </testcase>
  <testcase classname="xuxiaochan.test.airwallex.BankInfoEndpointTest" name="(xuxiaochan.test.airwallex.BankInfoEndpointTest)" time="0.819">
    <failure message="expected [1] but found [{&quot;error&quot;:&quot;Length of account_number should be between 7 and 11 when bank_country_code is &apos;US&apos;&quot;}]" type="java.lang.AssertionError">java.lang.AssertionError: expected [1] but found [{&quot;error&quot;:&quot;Length of account_number should be between 7 and 11 when bank_country_code is &apos;US&apos;&quot;}]
	at org.testng.Assert.fail(Assert.java:94)
	at org.testng.Assert.failNotEquals(Assert.java:513)
	at org.testng.Assert.assertEqualsImpl(Assert.java:135)
	at org.testng.Assert.assertEquals(Assert.java:116)
	at org.testng.Assert.assertEquals(Assert.java:190)
	at org.testng.Assert.assertEquals(Assert.java:200)
	at xuxiaochan.test.airwallex.BankInfoEndpointTest.bankInfoCollectEndpointRequest(BankInfoEndpointTest.java:90)
</failure>
    <system-out>length of account_number validate when bank_country_code is CN: 20
HTTP/1.1 400 Bad Request
{&quot;error&quot;:&quot;Length of account_number should be between 7 and 11 when bank_country_code is &apos;US&apos;&quot;}
</system-out>
  </testcase>
  <testcase classname="xuxiaochan.test.airwallex.BankInfoEndpointTest" name="(xuxiaochan.test.airwallex.BankInfoEndpointTest)" time="0.717">
    <failure message="expected [1] but found [{&quot;error&quot;:&quot;Length of account_number should be between 7 and 11 when bank_country_code is &apos;US&apos;&quot;}]" type="java.lang.AssertionError">java.lang.AssertionError: expected [1] but found [{&quot;error&quot;:&quot;Length of account_number should be between 7 and 11 when bank_country_code is &apos;US&apos;&quot;}]
	at org.testng.Assert.fail(Assert.java:94)
	at org.testng.Assert.failNotEquals(Assert.java:513)
	at org.testng.Assert.assertEqualsImpl(Assert.java:135)
	at org.testng.Assert.assertEquals(Assert.java:116)
	at org.testng.Assert.assertEquals(Assert.java:190)
	at org.testng.Assert.assertEquals(Assert.java:200)
	at xuxiaochan.test.airwallex.BankInfoEndpointTest.bankInfoCollectEndpointRequest(BankInfoEndpointTest.java:90)
</failure>
    <system-out>length of account_number validate when bank_country_code is CN: 21
HTTP/1.1 400 Bad Request
{&quot;error&quot;:&quot;Length of account_number should be between 7 and 11 when bank_country_code is &apos;US&apos;&quot;}
</system-out>
  </testcase>
  <testcase classname="xuxiaochan.test.airwallex.BankInfoEndpointTest" name="(xuxiaochan.test.airwallex.BankInfoEndpointTest)" time="0.819">
    <failure message="expected [1] but found [{&quot;error&quot;:&quot;&apos;swift_code&apos; is required when payment method is &apos;SWIFT&apos;&quot;}]" type="java.lang.AssertionError">java.lang.AssertionError: expected [1] but found [{&quot;error&quot;:&quot;&apos;swift_code&apos; is required when payment method is &apos;SWIFT&apos;&quot;}]
	at org.testng.Assert.fail(Assert.java:94)
	at org.testng.Assert.failNotEquals(Assert.java:513)
	at org.testng.Assert.assertEqualsImpl(Assert.java:135)
	at org.testng.Assert.assertEquals(Assert.java:116)
	at org.testng.Assert.assertEquals(Assert.java:190)
	at org.testng.Assert.assertEquals(Assert.java:200)
	at xuxiaochan.test.airwallex.BankInfoEndpointTest.bankInfoCollectEndpointRequest(BankInfoEndpointTest.java:90)
</failure>
    <system-out>mandatory field of swift_code validate when bank_country_code is SWIFT: swift_code
HTTP/1.1 400 Bad Request
{&quot;error&quot;:&quot;&apos;swift_code&apos; is required when payment method is &apos;SWIFT&apos;&quot;}
</system-out>
  </testcase>
  <testcase classname="xuxiaochan.test.airwallex.BankInfoEndpointTest" name="(xuxiaochan.test.airwallex.BankInfoEndpointTest)" time="0.722">
    <failure message="expected [true] but found [false]" type="java.lang.AssertionError">java.lang.AssertionError: expected [true] but found [false]
	at org.testng.Assert.fail(Assert.java:94)
	at org.testng.Assert.failNotEquals(Assert.java:513)
	at org.testng.Assert.assertTrue(Assert.java:42)
	at org.testng.Assert.assertTrue(Assert.java:52)
	at xuxiaochan.test.airwallex.BankInfoEndpointTest.bankInfoCollectEndpointRequest(BankInfoEndpointTest.java:89)
</failure>
    <system-out>optional field of swift_code validate when bank_country_code is LOCAL: swift_code
HTTP/1.1 200 OK
{&quot;success&quot;:&quot;Bank details saved&quot;}
</system-out>
  </testcase>
  <testcase classname="xuxiaochan.test.airwallex.BankInfoEndpointTest" name="(xuxiaochan.test.airwallex.BankInfoEndpointTest)" time="0.814">
    <failure message="expected [true] but found [false]" type="java.lang.AssertionError">java.lang.AssertionError: expected [true] but found [false]
	at org.testng.Assert.fail(Assert.java:94)
	at org.testng.Assert.failNotEquals(Assert.java:513)
	at org.testng.Assert.assertTrue(Assert.java:42)
	at org.testng.Assert.assertTrue(Assert.java:52)
	at xuxiaochan.test.airwallex.BankInfoEndpointTest.bankInfoCollectEndpointRequest(BankInfoEndpointTest.java:89)
</failure>
    <system-out>the 5th and 6th characters of swift_code validate when bank_country_code is US: pass
HTTP/1.1 200 OK
{&quot;success&quot;:&quot;Bank details saved&quot;}
</system-out>
  </testcase>
  <testcase classname="xuxiaochan.test.airwallex.BankInfoEndpointTest" name="(xuxiaochan.test.airwallex.BankInfoEndpointTest)" time="0.614">
    <failure message="expected [1] but found [{&quot;error&quot;:&quot;The swift code is not valid for the given bank country code: US&quot;}]" type="java.lang.AssertionError">java.lang.AssertionError: expected [1] but found [{&quot;error&quot;:&quot;The swift code is not valid for the given bank country code: US&quot;}]
	at org.testng.Assert.fail(Assert.java:94)
	at org.testng.Assert.failNotEquals(Assert.java:513)
	at org.testng.Assert.assertEqualsImpl(Assert.java:135)
	at org.testng.Assert.assertEquals(Assert.java:116)
	at org.testng.Assert.assertEquals(Assert.java:190)
	at org.testng.Assert.assertEquals(Assert.java:200)
	at xuxiaochan.test.airwallex.BankInfoEndpointTest.bankInfoCollectEndpointRequest(BankInfoEndpointTest.java:90)
</failure>
    <system-out>the 5th character of swift_code validate when bank_country_code is US: fail
HTTP/1.1 400 Bad Request
{&quot;error&quot;:&quot;The swift code is not valid for the given bank country code: US&quot;}
</system-out>
  </testcase>
  <testcase classname="xuxiaochan.test.airwallex.BankInfoEndpointTest" name="(xuxiaochan.test.airwallex.BankInfoEndpointTest)" time="0.614">
    <failure message="expected [1] but found [{&quot;error&quot;:&quot;The swift code is not valid for the given bank country code: US&quot;}]" type="java.lang.AssertionError">java.lang.AssertionError: expected [1] but found [{&quot;error&quot;:&quot;The swift code is not valid for the given bank country code: US&quot;}]
	at org.testng.Assert.fail(Assert.java:94)
	at org.testng.Assert.failNotEquals(Assert.java:513)
	at org.testng.Assert.assertEqualsImpl(Assert.java:135)
	at org.testng.Assert.assertEquals(Assert.java:116)
	at org.testng.Assert.assertEquals(Assert.java:190)
	at org.testng.Assert.assertEquals(Assert.java:200)
	at xuxiaochan.test.airwallex.BankInfoEndpointTest.bankInfoCollectEndpointRequest(BankInfoEndpointTest.java:90)
</failure>
    <system-out>the 6th character of swift_code validate when bank_country_code is US: fail
HTTP/1.1 400 Bad Request
{&quot;error&quot;:&quot;The swift code is not valid for the given bank country code: US&quot;}
</system-out>
  </testcase>
  <testcase classname="xuxiaochan.test.airwallex.BankInfoEndpointTest" name="(xuxiaochan.test.airwallex.BankInfoEndpointTest)" time="0.615">
    <failure message="expected [1] but found [{&quot;error&quot;:&quot;Length of account_number should be between 7 and 11 when bank_country_code is &apos;US&apos;&quot;}]" type="java.lang.AssertionError">java.lang.AssertionError: expected [1] but found [{&quot;error&quot;:&quot;Length of account_number should be between 7 and 11 when bank_country_code is &apos;US&apos;&quot;}]
	at org.testng.Assert.fail(Assert.java:94)
	at org.testng.Assert.failNotEquals(Assert.java:513)
	at org.testng.Assert.assertEqualsImpl(Assert.java:135)
	at org.testng.Assert.assertEquals(Assert.java:116)
	at org.testng.Assert.assertEquals(Assert.java:190)
	at org.testng.Assert.assertEquals(Assert.java:200)
	at xuxiaochan.test.airwallex.BankInfoEndpointTest.bankInfoCollectEndpointRequest(BankInfoEndpointTest.java:90)
</failure>
    <system-out>the 5th and 6th characters of swift_code validate when bank_country_code is AU: pass
HTTP/1.1 400 Bad Request
{&quot;error&quot;:&quot;Length of account_number should be between 7 and 11 when bank_country_code is &apos;US&apos;&quot;}
</system-out>
  </testcase>
  <testcase classname="xuxiaochan.test.airwallex.BankInfoEndpointTest" name="(xuxiaochan.test.airwallex.BankInfoEndpointTest)" time="0.815">
    <failure message="expected [1] but found [{&quot;error&quot;:&quot;Length of account_number should be between 7 and 11 when bank_country_code is &apos;US&apos;&quot;}]" type="java.lang.AssertionError">java.lang.AssertionError: expected [1] but found [{&quot;error&quot;:&quot;Length of account_number should be between 7 and 11 when bank_country_code is &apos;US&apos;&quot;}]
	at org.testng.Assert.fail(Assert.java:94)
	at org.testng.Assert.failNotEquals(Assert.java:513)
	at org.testng.Assert.assertEqualsImpl(Assert.java:135)
	at org.testng.Assert.assertEquals(Assert.java:116)
	at org.testng.Assert.assertEquals(Assert.java:190)
	at org.testng.Assert.assertEquals(Assert.java:200)
	at xuxiaochan.test.airwallex.BankInfoEndpointTest.bankInfoCollectEndpointRequest(BankInfoEndpointTest.java:90)
</failure>
    <system-out>the 5th character of swift_code validate when bank_country_code is AU: fail
HTTP/1.1 400 Bad Request
{&quot;error&quot;:&quot;Length of account_number should be between 7 and 11 when bank_country_code is &apos;US&apos;&quot;}
</system-out>
  </testcase>
  <testcase classname="xuxiaochan.test.airwallex.BankInfoEndpointTest" name="(xuxiaochan.test.airwallex.BankInfoEndpointTest)" time="0.819">
    <failure message="expected [1] but found [{&quot;error&quot;:&quot;Length of account_number should be between 7 and 11 when bank_country_code is &apos;US&apos;&quot;}]" type="java.lang.AssertionError">java.lang.AssertionError: expected [1] but found [{&quot;error&quot;:&quot;Length of account_number should be between 7 and 11 when bank_country_code is &apos;US&apos;&quot;}]
	at org.testng.Assert.fail(Assert.java:94)
	at org.testng.Assert.failNotEquals(Assert.java:513)
	at org.testng.Assert.assertEqualsImpl(Assert.java:135)
	at org.testng.Assert.assertEquals(Assert.java:116)
	at org.testng.Assert.assertEquals(Assert.java:190)
	at org.testng.Assert.assertEquals(Assert.java:200)
	at xuxiaochan.test.airwallex.BankInfoEndpointTest.bankInfoCollectEndpointRequest(BankInfoEndpointTest.java:90)
</failure>
    <system-out>the 6th character of swift_code validate when bank_country_code is AU: fail
HTTP/1.1 400 Bad Request
{&quot;error&quot;:&quot;Length of account_number should be between 7 and 11 when bank_country_code is &apos;US&apos;&quot;}
</system-out>
  </testcase>
  <testcase classname="xuxiaochan.test.airwallex.BankInfoEndpointTest" name="(xuxiaochan.test.airwallex.BankInfoEndpointTest)" time="0.818">
    <failure message="expected [1] but found [{&quot;error&quot;:&quot;Length of account_number should be between 7 and 11 when bank_country_code is &apos;US&apos;&quot;}]" type="java.lang.AssertionError">java.lang.AssertionError: expected [1] but found [{&quot;error&quot;:&quot;Length of account_number should be between 7 and 11 when bank_country_code is &apos;US&apos;&quot;}]
	at org.testng.Assert.fail(Assert.java:94)
	at org.testng.Assert.failNotEquals(Assert.java:513)
	at org.testng.Assert.assertEqualsImpl(Assert.java:135)
	at org.testng.Assert.assertEquals(Assert.java:116)
	at org.testng.Assert.assertEquals(Assert.java:190)
	at org.testng.Assert.assertEquals(Assert.java:200)
	at xuxiaochan.test.airwallex.BankInfoEndpointTest.bankInfoCollectEndpointRequest(BankInfoEndpointTest.java:90)
</failure>
    <system-out>the 5th and 6th characters of swift_code validate when bank_country_code is CN: pass
HTTP/1.1 400 Bad Request
{&quot;error&quot;:&quot;Length of account_number should be between 7 and 11 when bank_country_code is &apos;US&apos;&quot;}
</system-out>
  </testcase>
  <testcase classname="xuxiaochan.test.airwallex.BankInfoEndpointTest" name="(xuxiaochan.test.airwallex.BankInfoEndpointTest)" time="0.716">
    <failure message="expected [1] but found [{&quot;error&quot;:&quot;Length of account_number should be between 7 and 11 when bank_country_code is &apos;US&apos;&quot;}]" type="java.lang.AssertionError">java.lang.AssertionError: expected [1] but found [{&quot;error&quot;:&quot;Length of account_number should be between 7 and 11 when bank_country_code is &apos;US&apos;&quot;}]
	at org.testng.Assert.fail(Assert.java:94)
	at org.testng.Assert.failNotEquals(Assert.java:513)
	at org.testng.Assert.assertEqualsImpl(Assert.java:135)
	at org.testng.Assert.assertEquals(Assert.java:116)
	at org.testng.Assert.assertEquals(Assert.java:190)
	at org.testng.Assert.assertEquals(Assert.java:200)
	at xuxiaochan.test.airwallex.BankInfoEndpointTest.bankInfoCollectEndpointRequest(BankInfoEndpointTest.java:90)
</failure>
    <system-out>the 5th character of swift_code validate when bank_country_code is CN: fail
HTTP/1.1 400 Bad Request
{&quot;error&quot;:&quot;Length of account_number should be between 7 and 11 when bank_country_code is &apos;US&apos;&quot;}
</system-out>
  </testcase>
  <testcase classname="xuxiaochan.test.airwallex.BankInfoEndpointTest" name="(xuxiaochan.test.airwallex.BankInfoEndpointTest)" time="0.819">
    <failure message="expected [1] but found [{&quot;error&quot;:&quot;Length of account_number should be between 7 and 11 when bank_country_code is &apos;US&apos;&quot;}]" type="java.lang.AssertionError">java.lang.AssertionError: expected [1] but found [{&quot;error&quot;:&quot;Length of account_number should be between 7 and 11 when bank_country_code is &apos;US&apos;&quot;}]
	at org.testng.Assert.fail(Assert.java:94)
	at org.testng.Assert.failNotEquals(Assert.java:513)
	at org.testng.Assert.assertEqualsImpl(Assert.java:135)
	at org.testng.Assert.assertEquals(Assert.java:116)
	at org.testng.Assert.assertEquals(Assert.java:190)
	at org.testng.Assert.assertEquals(Assert.java:200)
	at xuxiaochan.test.airwallex.BankInfoEndpointTest.bankInfoCollectEndpointRequest(BankInfoEndpointTest.java:90)
</failure>
    <system-out>the 6th character of swift_code validate when bank_country_code is CN: fail
HTTP/1.1 400 Bad Request
{&quot;error&quot;:&quot;Length of account_number should be between 7 and 11 when bank_country_code is &apos;US&apos;&quot;}
</system-out>
  </testcase>
  <testcase classname="xuxiaochan.test.airwallex.BankInfoEndpointTest" name="(xuxiaochan.test.airwallex.BankInfoEndpointTest)" time="0.818">
    <failure message="expected [1] but found [{&quot;error&quot;:&quot;The swift code is not valid for the given bank country code: US&quot;}]" type="java.lang.AssertionError">java.lang.AssertionError: expected [1] but found [{&quot;error&quot;:&quot;The swift code is not valid for the given bank country code: US&quot;}]
	at org.testng.Assert.fail(Assert.java:94)
	at org.testng.Assert.failNotEquals(Assert.java:513)
	at org.testng.Assert.assertEqualsImpl(Assert.java:135)
	at org.testng.Assert.assertEquals(Assert.java:116)
	at org.testng.Assert.assertEquals(Assert.java:190)
	at org.testng.Assert.assertEquals(Assert.java:200)
	at xuxiaochan.test.airwallex.BankInfoEndpointTest.bankInfoCollectEndpointRequest(BankInfoEndpointTest.java:90)
</failure>
    <system-out>the length of swift_code validate: 11
HTTP/1.1 400 Bad Request
{&quot;error&quot;:&quot;The swift code is not valid for the given bank country code: US&quot;}
</system-out>
  </testcase>
  <testcase classname="xuxiaochan.test.airwallex.BankInfoEndpointTest" name="(xuxiaochan.test.airwallex.BankInfoEndpointTest)" time="0.717">
    <failure message="expected [1] but found [{&quot;error&quot;:&quot;Length of &apos;swift_code&apos; should be either 8 or 11&quot;}]" type="java.lang.AssertionError">java.lang.AssertionError: expected [1] but found [{&quot;error&quot;:&quot;Length of &apos;swift_code&apos; should be either 8 or 11&quot;}]
	at org.testng.Assert.fail(Assert.java:94)
	at org.testng.Assert.failNotEquals(Assert.java:513)
	at org.testng.Assert.assertEqualsImpl(Assert.java:135)
	at org.testng.Assert.assertEquals(Assert.java:116)
	at org.testng.Assert.assertEquals(Assert.java:190)
	at org.testng.Assert.assertEquals(Assert.java:200)
	at xuxiaochan.test.airwallex.BankInfoEndpointTest.bankInfoCollectEndpointRequest(BankInfoEndpointTest.java:90)
</failure>
    <system-out>the length of swift_code validate: 7
HTTP/1.1 400 Bad Request
{&quot;error&quot;:&quot;Length of &apos;swift_code&apos; should be either 8 or 11&quot;}
</system-out>
  </testcase>
  <testcase classname="xuxiaochan.test.airwallex.BankInfoEndpointTest" name="(xuxiaochan.test.airwallex.BankInfoEndpointTest)" time="0.819">
    <failure message="expected [1] but found [{&quot;error&quot;:&quot;The swift code is not valid for the given bank country code: US&quot;}]" type="java.lang.AssertionError">java.lang.AssertionError: expected [1] but found [{&quot;error&quot;:&quot;The swift code is not valid for the given bank country code: US&quot;}]
	at org.testng.Assert.fail(Assert.java:94)
	at org.testng.Assert.failNotEquals(Assert.java:513)
	at org.testng.Assert.assertEqualsImpl(Assert.java:135)
	at org.testng.Assert.assertEquals(Assert.java:116)
	at org.testng.Assert.assertEquals(Assert.java:190)
	at org.testng.Assert.assertEquals(Assert.java:200)
	at xuxiaochan.test.airwallex.BankInfoEndpointTest.bankInfoCollectEndpointRequest(BankInfoEndpointTest.java:90)
</failure>
    <system-out>the length of swift_code validate: 9
HTTP/1.1 400 Bad Request
{&quot;error&quot;:&quot;The swift code is not valid for the given bank country code: US&quot;}
</system-out>
  </testcase>
  <testcase classname="xuxiaochan.test.airwallex.BankInfoEndpointTest" name="(xuxiaochan.test.airwallex.BankInfoEndpointTest)" time="0.819">
    <failure message="expected [1] but found [{&quot;error&quot;:&quot;The swift code is not valid for the given bank country code: US&quot;}]" type="java.lang.AssertionError">java.lang.AssertionError: expected [1] but found [{&quot;error&quot;:&quot;The swift code is not valid for the given bank country code: US&quot;}]
	at org.testng.Assert.fail(Assert.java:94)
	at org.testng.Assert.failNotEquals(Assert.java:513)
	at org.testng.Assert.assertEqualsImpl(Assert.java:135)
	at org.testng.Assert.assertEquals(Assert.java:116)
	at org.testng.Assert.assertEquals(Assert.java:190)
	at org.testng.Assert.assertEquals(Assert.java:200)
	at xuxiaochan.test.airwallex.BankInfoEndpointTest.bankInfoCollectEndpointRequest(BankInfoEndpointTest.java:90)
</failure>
    <system-out>the length of swift_code validate: 10
HTTP/1.1 400 Bad Request
{&quot;error&quot;:&quot;The swift code is not valid for the given bank country code: US&quot;}
</system-out>
  </testcase>
  <testcase classname="xuxiaochan.test.airwallex.BankInfoEndpointTest" name="(xuxiaochan.test.airwallex.BankInfoEndpointTest)" time="0.654">
    <failure message="expected [1] but found [{&quot;error&quot;:&quot;Length of &apos;swift_code&apos; should be either 8 or 11&quot;}]" type="java.lang.AssertionError">java.lang.AssertionError: expected [1] but found [{&quot;error&quot;:&quot;Length of &apos;swift_code&apos; should be either 8 or 11&quot;}]
	at org.testng.Assert.fail(Assert.java:94)
	at org.testng.Assert.failNotEquals(Assert.java:513)
	at org.testng.Assert.assertEqualsImpl(Assert.java:135)
	at org.testng.Assert.assertEquals(Assert.java:116)
	at org.testng.Assert.assertEquals(Assert.java:190)
	at org.testng.Assert.assertEquals(Assert.java:200)
	at xuxiaochan.test.airwallex.BankInfoEndpointTest.bankInfoCollectEndpointRequest(BankInfoEndpointTest.java:90)
</failure>
    <system-out>the length of swift_code validate: 12
HTTP/1.1 400 Bad Request
{&quot;error&quot;:&quot;Length of &apos;swift_code&apos; should be either 8 or 11&quot;}
</system-out>
  </testcase>
  <testcase classname="xuxiaochan.test.airwallex.BankInfoEndpointTest" name="(xuxiaochan.test.airwallex.BankInfoEndpointTest)" time="0.777">
    <failure message="expected [1] but found [{&quot;error&quot;:&quot;Length of account_number should be between 7 and 11 when bank_country_code is &apos;US&apos;&quot;}]" type="java.lang.AssertionError">java.lang.AssertionError: expected [1] but found [{&quot;error&quot;:&quot;Length of account_number should be between 7 and 11 when bank_country_code is &apos;US&apos;&quot;}]
	at org.testng.Assert.fail(Assert.java:94)
	at org.testng.Assert.failNotEquals(Assert.java:513)
	at org.testng.Assert.assertEqualsImpl(Assert.java:135)
	at org.testng.Assert.assertEquals(Assert.java:116)
	at org.testng.Assert.assertEquals(Assert.java:190)
	at org.testng.Assert.assertEquals(Assert.java:200)
	at xuxiaochan.test.airwallex.BankInfoEndpointTest.bankInfoCollectEndpointRequest(BankInfoEndpointTest.java:90)
</failure>
    <system-out>mandatory field of bsb validate when bank_country_code is AU: pass
HTTP/1.1 400 Bad Request
{&quot;error&quot;:&quot;Length of account_number should be between 7 and 11 when bank_country_code is &apos;US&apos;&quot;}
</system-out>
  </testcase>
  <testcase classname="xuxiaochan.test.airwallex.BankInfoEndpointTest" name="(xuxiaochan.test.airwallex.BankInfoEndpointTest)" time="0.719">
    <failure message="expected [1] but found [{&quot;error&quot;:&quot;Length of account_number should be between 7 and 11 when bank_country_code is &apos;US&apos;&quot;}]" type="java.lang.AssertionError">java.lang.AssertionError: expected [1] but found [{&quot;error&quot;:&quot;Length of account_number should be between 7 and 11 when bank_country_code is &apos;US&apos;&quot;}]
	at org.testng.Assert.fail(Assert.java:94)
	at org.testng.Assert.failNotEquals(Assert.java:513)
	at org.testng.Assert.assertEqualsImpl(Assert.java:135)
	at org.testng.Assert.assertEquals(Assert.java:116)
	at org.testng.Assert.assertEquals(Assert.java:190)
	at org.testng.Assert.assertEquals(Assert.java:200)
	at xuxiaochan.test.airwallex.BankInfoEndpointTest.bankInfoCollectEndpointRequest(BankInfoEndpointTest.java:90)
</failure>
    <system-out>mandatory field of bsb validate when bank_country_code is AU: fail
HTTP/1.1 400 Bad Request
{&quot;error&quot;:&quot;Length of account_number should be between 7 and 11 when bank_country_code is &apos;US&apos;&quot;}
</system-out>
  </testcase>
  <testcase classname="xuxiaochan.test.airwallex.BankInfoEndpointTest" name="(xuxiaochan.test.airwallex.BankInfoEndpointTest)" time="0.702">
    <failure message="expected [1] but found [{&quot;error&quot;:&quot;&apos;swift_code&apos; is required when payment method is &apos;SWIFT&apos;&quot;}]" type="java.lang.AssertionError">java.lang.AssertionError: expected [1] but found [{&quot;error&quot;:&quot;&apos;swift_code&apos; is required when payment method is &apos;SWIFT&apos;&quot;}]
	at org.testng.Assert.fail(Assert.java:94)
	at org.testng.Assert.failNotEquals(Assert.java:513)
	at org.testng.Assert.assertEqualsImpl(Assert.java:135)
	at org.testng.Assert.assertEquals(Assert.java:116)
	at org.testng.Assert.assertEquals(Assert.java:190)
	at org.testng.Assert.assertEquals(Assert.java:200)
	at xuxiaochan.test.airwallex.BankInfoEndpointTest.bankInfoCollectEndpointRequest(BankInfoEndpointTest.java:90)
</failure>
    <system-out>optional field of bsb validate when bank_country_code is US: pass
HTTP/1.1 400 Bad Request
{&quot;error&quot;:&quot;&apos;swift_code&apos; is required when payment method is &apos;SWIFT&apos;&quot;}
</system-out>
  </testcase>
  <testcase classname="xuxiaochan.test.airwallex.BankInfoEndpointTest" name="(xuxiaochan.test.airwallex.BankInfoEndpointTest)" time="0.606">
    <failure message="expected [1] but found [{&quot;error&quot;:&quot;&apos;swift_code&apos; is required when payment method is &apos;SWIFT&apos;&quot;}]" type="java.lang.AssertionError">java.lang.AssertionError: expected [1] but found [{&quot;error&quot;:&quot;&apos;swift_code&apos; is required when payment method is &apos;SWIFT&apos;&quot;}]
	at org.testng.Assert.fail(Assert.java:94)
	at org.testng.Assert.failNotEquals(Assert.java:513)
	at org.testng.Assert.assertEqualsImpl(Assert.java:135)
	at org.testng.Assert.assertEquals(Assert.java:116)
	at org.testng.Assert.assertEquals(Assert.java:190)
	at org.testng.Assert.assertEquals(Assert.java:200)
	at xuxiaochan.test.airwallex.BankInfoEndpointTest.bankInfoCollectEndpointRequest(BankInfoEndpointTest.java:90)
</failure>
    <system-out>optional field of bsb validate when bank_country_code is US: pass
HTTP/1.1 400 Bad Request
{&quot;error&quot;:&quot;&apos;swift_code&apos; is required when payment method is &apos;SWIFT&apos;&quot;}
</system-out>
  </testcase>
  <testcase classname="xuxiaochan.test.airwallex.BankInfoEndpointTest" name="(xuxiaochan.test.airwallex.BankInfoEndpointTest)" time="0.634">
    <failure message="expected [1] but found [{&quot;error&quot;:&quot;Length of account_number should be between 7 and 11 when bank_country_code is &apos;US&apos;&quot;}]" type="java.lang.AssertionError">java.lang.AssertionError: expected [1] but found [{&quot;error&quot;:&quot;Length of account_number should be between 7 and 11 when bank_country_code is &apos;US&apos;&quot;}]
	at org.testng.Assert.fail(Assert.java:94)
	at org.testng.Assert.failNotEquals(Assert.java:513)
	at org.testng.Assert.assertEqualsImpl(Assert.java:135)
	at org.testng.Assert.assertEquals(Assert.java:116)
	at org.testng.Assert.assertEquals(Assert.java:190)
	at org.testng.Assert.assertEquals(Assert.java:200)
	at xuxiaochan.test.airwallex.BankInfoEndpointTest.bankInfoCollectEndpointRequest(BankInfoEndpointTest.java:90)
</failure>
    <system-out>optional field of bsb validate when bank_country_code is CN: pass
HTTP/1.1 400 Bad Request
{&quot;error&quot;:&quot;Length of account_number should be between 7 and 11 when bank_country_code is &apos;US&apos;&quot;}
</system-out>
  </testcase>
  <testcase classname="xuxiaochan.test.airwallex.BankInfoEndpointTest" name="(xuxiaochan.test.airwallex.BankInfoEndpointTest)" time="0.717">
    <failure message="expected [1] but found [{&quot;error&quot;:&quot;Length of account_number should be between 7 and 11 when bank_country_code is &apos;US&apos;&quot;}]" type="java.lang.AssertionError">java.lang.AssertionError: expected [1] but found [{&quot;error&quot;:&quot;Length of account_number should be between 7 and 11 when bank_country_code is &apos;US&apos;&quot;}]
	at org.testng.Assert.fail(Assert.java:94)
	at org.testng.Assert.failNotEquals(Assert.java:513)
	at org.testng.Assert.assertEqualsImpl(Assert.java:135)
	at org.testng.Assert.assertEquals(Assert.java:116)
	at org.testng.Assert.assertEquals(Assert.java:190)
	at org.testng.Assert.assertEquals(Assert.java:200)
	at xuxiaochan.test.airwallex.BankInfoEndpointTest.bankInfoCollectEndpointRequest(BankInfoEndpointTest.java:90)
</failure>
    <system-out>optional field of bsb validate when bank_country_code is CN: pass
HTTP/1.1 400 Bad Request
{&quot;error&quot;:&quot;Length of account_number should be between 7 and 11 when bank_country_code is &apos;US&apos;&quot;}
</system-out>
  </testcase>
  <testcase classname="xuxiaochan.test.airwallex.BankInfoEndpointTest" name="(xuxiaochan.test.airwallex.BankInfoEndpointTest)" time="0.728">
    <failure message="expected [1] but found [{&quot;error&quot;:&quot;The swift code is not valid for the given bank country code: US&quot;}]" type="java.lang.AssertionError">java.lang.AssertionError: expected [1] but found [{&quot;error&quot;:&quot;The swift code is not valid for the given bank country code: US&quot;}]
	at org.testng.Assert.fail(Assert.java:94)
	at org.testng.Assert.failNotEquals(Assert.java:513)
	at org.testng.Assert.assertEqualsImpl(Assert.java:135)
	at org.testng.Assert.assertEquals(Assert.java:116)
	at org.testng.Assert.assertEquals(Assert.java:190)
	at org.testng.Assert.assertEquals(Assert.java:200)
	at xuxiaochan.test.airwallex.BankInfoEndpointTest.bankInfoCollectEndpointRequest(BankInfoEndpointTest.java:90)
</failure>
    <system-out>length of bsb field validate: 5
HTTP/1.1 400 Bad Request
{&quot;error&quot;:&quot;The swift code is not valid for the given bank country code: US&quot;}
</system-out>
  </testcase>
  <testcase classname="xuxiaochan.test.airwallex.BankInfoEndpointTest" name="(xuxiaochan.test.airwallex.BankInfoEndpointTest)" time="0.806">
    <failure message="expected [1] but found [{&quot;error&quot;:&quot;&apos;swift_code&apos; is required when payment method is &apos;SWIFT&apos;&quot;}]" type="java.lang.AssertionError">java.lang.AssertionError: expected [1] but found [{&quot;error&quot;:&quot;&apos;swift_code&apos; is required when payment method is &apos;SWIFT&apos;&quot;}]
	at org.testng.Assert.fail(Assert.java:94)
	at org.testng.Assert.failNotEquals(Assert.java:513)
	at org.testng.Assert.assertEqualsImpl(Assert.java:135)
	at org.testng.Assert.assertEquals(Assert.java:116)
	at org.testng.Assert.assertEquals(Assert.java:190)
	at org.testng.Assert.assertEquals(Assert.java:200)
	at xuxiaochan.test.airwallex.BankInfoEndpointTest.bankInfoCollectEndpointRequest(BankInfoEndpointTest.java:90)
</failure>
    <system-out>length of bsb field validate: 7
HTTP/1.1 400 Bad Request
{&quot;error&quot;:&quot;&apos;swift_code&apos; is required when payment method is &apos;SWIFT&apos;&quot;}
</system-out>
  </testcase>
  <testcase classname="xuxiaochan.test.airwallex.BankInfoEndpointTest" name="(xuxiaochan.test.airwallex.BankInfoEndpointTest)" time="0.817">
    <failure message="expected [1] but found [{&quot;error&quot;:&quot;Length of account_number should be between 7 and 11 when bank_country_code is &apos;US&apos;&quot;}]" type="java.lang.AssertionError">java.lang.AssertionError: expected [1] but found [{&quot;error&quot;:&quot;Length of account_number should be between 7 and 11 when bank_country_code is &apos;US&apos;&quot;}]
	at org.testng.Assert.fail(Assert.java:94)
	at org.testng.Assert.failNotEquals(Assert.java:513)
	at org.testng.Assert.assertEqualsImpl(Assert.java:135)
	at org.testng.Assert.assertEquals(Assert.java:116)
	at org.testng.Assert.assertEquals(Assert.java:190)
	at org.testng.Assert.assertEquals(Assert.java:200)
	at xuxiaochan.test.airwallex.BankInfoEndpointTest.bankInfoCollectEndpointRequest(BankInfoEndpointTest.java:90)
</failure>
    <system-out>mandatory field of aba validate when bank_country_code is US: pass
HTTP/1.1 400 Bad Request
{&quot;error&quot;:&quot;Length of account_number should be between 7 and 11 when bank_country_code is &apos;US&apos;&quot;}
</system-out>
  </testcase>
  <testcase classname="xuxiaochan.test.airwallex.BankInfoEndpointTest" name="(xuxiaochan.test.airwallex.BankInfoEndpointTest)" time="0.734">
    <failure message="expected [1] but found [{&quot;error&quot;:&quot;Length of account_number should be between 7 and 11 when bank_country_code is &apos;US&apos;&quot;}]" type="java.lang.AssertionError">java.lang.AssertionError: expected [1] but found [{&quot;error&quot;:&quot;Length of account_number should be between 7 and 11 when bank_country_code is &apos;US&apos;&quot;}]
	at org.testng.Assert.fail(Assert.java:94)
	at org.testng.Assert.failNotEquals(Assert.java:513)
	at org.testng.Assert.assertEqualsImpl(Assert.java:135)
	at org.testng.Assert.assertEquals(Assert.java:116)
	at org.testng.Assert.assertEquals(Assert.java:190)
	at org.testng.Assert.assertEquals(Assert.java:200)
	at xuxiaochan.test.airwallex.BankInfoEndpointTest.bankInfoCollectEndpointRequest(BankInfoEndpointTest.java:90)
</failure>
    <system-out>mandatory field of aba validate when bank_country_code is US: fail
HTTP/1.1 400 Bad Request
{&quot;error&quot;:&quot;Length of account_number should be between 7 and 11 when bank_country_code is &apos;US&apos;&quot;}
</system-out>
  </testcase>
  <testcase classname="xuxiaochan.test.airwallex.BankInfoEndpointTest" name="(xuxiaochan.test.airwallex.BankInfoEndpointTest)" time="0.676">
    <failure message="expected [1] but found [{&quot;error&quot;:&quot;&apos;swift_code&apos; is required when payment method is &apos;SWIFT&apos;&quot;}]" type="java.lang.AssertionError">java.lang.AssertionError: expected [1] but found [{&quot;error&quot;:&quot;&apos;swift_code&apos; is required when payment method is &apos;SWIFT&apos;&quot;}]
	at org.testng.Assert.fail(Assert.java:94)
	at org.testng.Assert.failNotEquals(Assert.java:513)
	at org.testng.Assert.assertEqualsImpl(Assert.java:135)
	at org.testng.Assert.assertEquals(Assert.java:116)
	at org.testng.Assert.assertEquals(Assert.java:190)
	at org.testng.Assert.assertEquals(Assert.java:200)
	at xuxiaochan.test.airwallex.BankInfoEndpointTest.bankInfoCollectEndpointRequest(BankInfoEndpointTest.java:90)
</failure>
    <system-out>optional field of aba validate when bank_country_code is AU: pass
HTTP/1.1 400 Bad Request
{&quot;error&quot;:&quot;&apos;swift_code&apos; is required when payment method is &apos;SWIFT&apos;&quot;}
</system-out>
  </testcase>
  <testcase classname="xuxiaochan.test.airwallex.BankInfoEndpointTest" name="(xuxiaochan.test.airwallex.BankInfoEndpointTest)" time="0.615">
    <failure message="expected [1] but found [{&quot;error&quot;:&quot;&apos;swift_code&apos; is required when payment method is &apos;SWIFT&apos;&quot;}]" type="java.lang.AssertionError">java.lang.AssertionError: expected [1] but found [{&quot;error&quot;:&quot;&apos;swift_code&apos; is required when payment method is &apos;SWIFT&apos;&quot;}]
	at org.testng.Assert.fail(Assert.java:94)
	at org.testng.Assert.failNotEquals(Assert.java:513)
	at org.testng.Assert.assertEqualsImpl(Assert.java:135)
	at org.testng.Assert.assertEquals(Assert.java:116)
	at org.testng.Assert.assertEquals(Assert.java:190)
	at org.testng.Assert.assertEquals(Assert.java:200)
	at xuxiaochan.test.airwallex.BankInfoEndpointTest.bankInfoCollectEndpointRequest(BankInfoEndpointTest.java:90)
</failure>
    <system-out>optional field of abs validate when bank_country_code is AU: pass
HTTP/1.1 400 Bad Request
{&quot;error&quot;:&quot;&apos;swift_code&apos; is required when payment method is &apos;SWIFT&apos;&quot;}
</system-out>
  </testcase>
  <testcase classname="xuxiaochan.test.airwallex.BankInfoEndpointTest" name="(xuxiaochan.test.airwallex.BankInfoEndpointTest)" time="0.841">
    <failure message="expected [1] but found [{&quot;error&quot;:&quot;Length of account_number should be between 7 and 11 when bank_country_code is &apos;US&apos;&quot;}]" type="java.lang.AssertionError">java.lang.AssertionError: expected [1] but found [{&quot;error&quot;:&quot;Length of account_number should be between 7 and 11 when bank_country_code is &apos;US&apos;&quot;}]
	at org.testng.Assert.fail(Assert.java:94)
	at org.testng.Assert.failNotEquals(Assert.java:513)
	at org.testng.Assert.assertEqualsImpl(Assert.java:135)
	at org.testng.Assert.assertEquals(Assert.java:116)
	at org.testng.Assert.assertEquals(Assert.java:190)
	at org.testng.Assert.assertEquals(Assert.java:200)
	at xuxiaochan.test.airwallex.BankInfoEndpointTest.bankInfoCollectEndpointRequest(BankInfoEndpointTest.java:90)
</failure>
    <system-out>optional field of bsb validate when bank_country_code is CN: pass
HTTP/1.1 400 Bad Request
{&quot;error&quot;:&quot;Length of account_number should be between 7 and 11 when bank_country_code is &apos;US&apos;&quot;}
</system-out>
  </testcase>
  <testcase classname="xuxiaochan.test.airwallex.BankInfoEndpointTest" name="(xuxiaochan.test.airwallex.BankInfoEndpointTest)" time="0.716">
    <failure message="expected [1] but found [{&quot;error&quot;:&quot;Length of account_number should be between 7 and 11 when bank_country_code is &apos;US&apos;&quot;}]" type="java.lang.AssertionError">java.lang.AssertionError: expected [1] but found [{&quot;error&quot;:&quot;Length of account_number should be between 7 and 11 when bank_country_code is &apos;US&apos;&quot;}]
	at org.testng.Assert.fail(Assert.java:94)
	at org.testng.Assert.failNotEquals(Assert.java:513)
	at org.testng.Assert.assertEqualsImpl(Assert.java:135)
	at org.testng.Assert.assertEquals(Assert.java:116)
	at org.testng.Assert.assertEquals(Assert.java:190)
	at org.testng.Assert.assertEquals(Assert.java:200)
	at xuxiaochan.test.airwallex.BankInfoEndpointTest.bankInfoCollectEndpointRequest(BankInfoEndpointTest.java:90)
</failure>
    <system-out>optional field of bsb validate when bank_country_code is CN: pass
HTTP/1.1 400 Bad Request
{&quot;error&quot;:&quot;Length of account_number should be between 7 and 11 when bank_country_code is &apos;US&apos;&quot;}
</system-out>
  </testcase>
  <testcase classname="xuxiaochan.test.airwallex.BankInfoEndpointTest" name="(xuxiaochan.test.airwallex.BankInfoEndpointTest)" time="0.717">
    <failure message="expected [1] but found [{&quot;error&quot;:&quot;The swift code is not valid for the given bank country code: US&quot;}]" type="java.lang.AssertionError">java.lang.AssertionError: expected [1] but found [{&quot;error&quot;:&quot;The swift code is not valid for the given bank country code: US&quot;}]
	at org.testng.Assert.fail(Assert.java:94)
	at org.testng.Assert.failNotEquals(Assert.java:513)
	at org.testng.Assert.assertEqualsImpl(Assert.java:135)
	at org.testng.Assert.assertEquals(Assert.java:116)
	at org.testng.Assert.assertEquals(Assert.java:190)
	at org.testng.Assert.assertEquals(Assert.java:200)
	at xuxiaochan.test.airwallex.BankInfoEndpointTest.bankInfoCollectEndpointRequest(BankInfoEndpointTest.java:90)
</failure>
    <system-out>length of abs field validate: 8
HTTP/1.1 400 Bad Request
{&quot;error&quot;:&quot;The swift code is not valid for the given bank country code: US&quot;}
</system-out>
  </testcase>
  <testcase classname="xuxiaochan.test.airwallex.BankInfoEndpointTest" name="(xuxiaochan.test.airwallex.BankInfoEndpointTest)" time="0.615">
    <failure message="expected [1] but found [{&quot;error&quot;:&quot;&apos;swift_code&apos; is required when payment method is &apos;SWIFT&apos;&quot;}]" type="java.lang.AssertionError">java.lang.AssertionError: expected [1] but found [{&quot;error&quot;:&quot;&apos;swift_code&apos; is required when payment method is &apos;SWIFT&apos;&quot;}]
	at org.testng.Assert.fail(Assert.java:94)
	at org.testng.Assert.failNotEquals(Assert.java:513)
	at org.testng.Assert.assertEqualsImpl(Assert.java:135)
	at org.testng.Assert.assertEquals(Assert.java:116)
	at org.testng.Assert.assertEquals(Assert.java:190)
	at org.testng.Assert.assertEquals(Assert.java:200)
	at xuxiaochan.test.airwallex.BankInfoEndpointTest.bankInfoCollectEndpointRequest(BankInfoEndpointTest.java:90)
</failure>
    <system-out>length of aba field validate: 10
HTTP/1.1 400 Bad Request
{&quot;error&quot;:&quot;&apos;swift_code&apos; is required when payment method is &apos;SWIFT&apos;&quot;}
</system-out>
  </testcase>
  <testcase classname="xuxiaochan.test.airwallex.BankInfoEndpointTest" name="(xuxiaochan.test.airwallex.BankInfoEndpointTest)" time="0.716">
    <failure message="expected [1] but found [{&quot;error&quot;:&quot;&apos;swift_code&apos; is required when payment method is &apos;SWIFT&apos;&quot;}]" type="java.lang.AssertionError">java.lang.AssertionError: expected [1] but found [{&quot;error&quot;:&quot;&apos;swift_code&apos; is required when payment method is &apos;SWIFT&apos;&quot;}]
	at org.testng.Assert.fail(Assert.java:94)
	at org.testng.Assert.failNotEquals(Assert.java:513)
	at org.testng.Assert.assertEqualsImpl(Assert.java:135)
	at org.testng.Assert.assertEquals(Assert.java:116)
	at org.testng.Assert.assertEquals(Assert.java:190)
	at org.testng.Assert.assertEquals(Assert.java:200)
	at xuxiaochan.test.airwallex.BankInfoEndpointTest.bankInfoCollectEndpointRequest(BankInfoEndpointTest.java:90)
</failure>
    <system-out>mandatory field of swift_code validate when bank_country_code is SWIFT: swift_code
HTTP/1.1 400 Bad Request
{&quot;error&quot;:&quot;&apos;swift_code&apos; is required when payment method is &apos;SWIFT&apos;&quot;}
</system-out>
  </testcase>
  <testcase classname="xuxiaochan.test.airwallex.BankInfoEndpointTest" name="(xuxiaochan.test.airwallex.BankInfoEndpointTest)" time="0.717">
    <failure message="expected [true] but found [false]" type="java.lang.AssertionError">java.lang.AssertionError: expected [true] but found [false]
	at org.testng.Assert.fail(Assert.java:94)
	at org.testng.Assert.failNotEquals(Assert.java:513)
	at org.testng.Assert.assertTrue(Assert.java:42)
	at org.testng.Assert.assertTrue(Assert.java:52)
	at xuxiaochan.test.airwallex.BankInfoEndpointTest.bankInfoCollectEndpointRequest(BankInfoEndpointTest.java:89)
</failure>
    <system-out>optional field of swift_code validate when bank_country_code is LOCAL: swift_code
HTTP/1.1 200 OK
{&quot;success&quot;:&quot;Bank details saved&quot;}
</system-out>
  </testcase>
  <testcase classname="xuxiaochan.test.airwallex.BankInfoEndpointTest" name="(xuxiaochan.test.airwallex.BankInfoEndpointTest)" time="0.717">
    <failure message="expected [true] but found [false]" type="java.lang.AssertionError">java.lang.AssertionError: expected [true] but found [false]
	at org.testng.Assert.fail(Assert.java:94)
	at org.testng.Assert.failNotEquals(Assert.java:513)
	at org.testng.Assert.assertTrue(Assert.java:42)
	at org.testng.Assert.assertTrue(Assert.java:52)
	at xuxiaochan.test.airwallex.BankInfoEndpointTest.bankInfoCollectEndpointRequest(BankInfoEndpointTest.java:89)
</failure>
    <system-out>
HTTP/1.1 200 OK
{&quot;success&quot;:&quot;Bank details saved&quot;}
</system-out>
  </testcase>
  <testcase classname="xuxiaochan.test.airwallex.BankInfoEndpointTest" name="(xuxiaochan.test.airwallex.BankInfoEndpointTest)" time="0.716">
    <failure message="expected [true] but found [false]" type="java.lang.AssertionError">java.lang.AssertionError: expected [true] but found [false]
	at org.testng.Assert.fail(Assert.java:94)
	at org.testng.Assert.failNotEquals(Assert.java:513)
	at org.testng.Assert.assertTrue(Assert.java:42)
	at org.testng.Assert.assertTrue(Assert.java:52)
	at xuxiaochan.test.airwallex.BankInfoEndpointTest.bankInfoCollectEndpointRequest(BankInfoEndpointTest.java:89)
</failure>
    <system-out>
HTTP/1.1 200 OK
{&quot;success&quot;:&quot;Bank details saved&quot;}
</system-out>
  </testcase>
</testsuite>