-------------------------------------------------------------------------------
Test set: TestSuite
-------------------------------------------------------------------------------
Tests run: 64, Failures: 18, Errors: 0, Skipped: 0, Time elapsed: 36.906 sec <<< FAILURE!
bankInfoCollectEndpointRequest(xuxiaochan.test.airwallex.BankInfoEndpointTest)  Time elapsed: 0.373 sec  <<< FAILURE!
java.lang.AssertionError: expected [{"error":"Length of account_number should be between 1 and 17 when bank_country_code is 'US'"}] but found [{"error":"Length of account_number should be between 7 and 11 when bank_country_code is 'US'"}]
	at org.testng.Assert.fail(Assert.java:94)
	at org.testng.Assert.failNotEquals(Assert.java:513)
	at org.testng.Assert.assertEqualsImpl(Assert.java:135)
	at org.testng.Assert.assertEquals(Assert.java:116)
	at org.testng.Assert.assertEquals(Assert.java:190)
	at org.testng.Assert.assertEquals(Assert.java:200)
	at xuxiaochan.test.airwallex.BankInfoEndpointTest.bankInfoCollectEndpointRequest(BankInfoEndpointTest.java:132)

bankInfoCollectEndpointRequest(xuxiaochan.test.airwallex.BankInfoEndpointTest)  Time elapsed: 0.412 sec  <<< FAILURE!
java.lang.AssertionError: expected [{"error":"Length of account_number should be between 6 and 9 when bank_country_code is 'AU'"}] but found [{"error":"Length of account_number should be between 7 and 11 when bank_country_code is 'US'"}]
	at org.testng.Assert.fail(Assert.java:94)
	at org.testng.Assert.failNotEquals(Assert.java:513)
	at org.testng.Assert.assertEqualsImpl(Assert.java:135)
	at org.testng.Assert.assertEquals(Assert.java:116)
	at org.testng.Assert.assertEquals(Assert.java:190)
	at org.testng.Assert.assertEquals(Assert.java:200)
	at xuxiaochan.test.airwallex.BankInfoEndpointTest.bankInfoCollectEndpointRequest(BankInfoEndpointTest.java:132)

bankInfoCollectEndpointRequest(xuxiaochan.test.airwallex.BankInfoEndpointTest)  Time elapsed: 0.409 sec  <<< FAILURE!
java.lang.AssertionError: expected [{"error":"Length of account_number should be between 6 and 9 when bank_country_code is 'AU'"}] but found [{"error":"Length of account_number should be between 7 and 11 when bank_country_code is 'US'"}]
	at org.testng.Assert.fail(Assert.java:94)
	at org.testng.Assert.failNotEquals(Assert.java:513)
	at org.testng.Assert.assertEqualsImpl(Assert.java:135)
	at org.testng.Assert.assertEquals(Assert.java:116)
	at org.testng.Assert.assertEquals(Assert.java:190)
	at org.testng.Assert.assertEquals(Assert.java:200)
	at xuxiaochan.test.airwallex.BankInfoEndpointTest.bankInfoCollectEndpointRequest(BankInfoEndpointTest.java:132)

bankInfoCollectEndpointRequest(xuxiaochan.test.airwallex.BankInfoEndpointTest)  Time elapsed: 0.412 sec  <<< FAILURE!
java.lang.AssertionError: expected [{"error":"Length of account_number should be between 8 and 20 when bank_country_code is 'CN'"}] but found [{"success":"Bank details saved"}]
	at org.testng.Assert.fail(Assert.java:94)
	at org.testng.Assert.failNotEquals(Assert.java:513)
	at org.testng.Assert.assertEqualsImpl(Assert.java:135)
	at org.testng.Assert.assertEquals(Assert.java:116)
	at org.testng.Assert.assertEquals(Assert.java:190)
	at org.testng.Assert.assertEquals(Assert.java:200)
	at xuxiaochan.test.airwallex.BankInfoEndpointTest.bankInfoCollectEndpointRequest(BankInfoEndpointTest.java:132)

bankInfoCollectEndpointRequest(xuxiaochan.test.airwallex.BankInfoEndpointTest)  Time elapsed: 0.411 sec  <<< FAILURE!
java.lang.AssertionError: expected [{"success":"Bank details saved"}] but found [{"error":"Length of account_number should be between 7 and 11 when bank_country_code is 'US'"}]
	at org.testng.Assert.fail(Assert.java:94)
	at org.testng.Assert.failNotEquals(Assert.java:513)
	at org.testng.Assert.assertEqualsImpl(Assert.java:135)
	at org.testng.Assert.assertEquals(Assert.java:116)
	at org.testng.Assert.assertEquals(Assert.java:190)
	at org.testng.Assert.assertEquals(Assert.java:200)
	at xuxiaochan.test.airwallex.BankInfoEndpointTest.bankInfoCollectEndpointRequest(BankInfoEndpointTest.java:132)

bankInfoCollectEndpointRequest(xuxiaochan.test.airwallex.BankInfoEndpointTest)  Time elapsed: 0.407 sec  <<< FAILURE!
java.lang.AssertionError: expected [{"success":"Bank details saved"}] but found [{"error":"Length of account_number should be between 7 and 11 when bank_country_code is 'US'"}]
	at org.testng.Assert.fail(Assert.java:94)
	at org.testng.Assert.failNotEquals(Assert.java:513)
	at org.testng.Assert.assertEqualsImpl(Assert.java:135)
	at org.testng.Assert.assertEquals(Assert.java:116)
	at org.testng.Assert.assertEquals(Assert.java:190)
	at org.testng.Assert.assertEquals(Assert.java:200)
	at xuxiaochan.test.airwallex.BankInfoEndpointTest.bankInfoCollectEndpointRequest(BankInfoEndpointTest.java:132)

bankInfoCollectEndpointRequest(xuxiaochan.test.airwallex.BankInfoEndpointTest)  Time elapsed: 0.411 sec  <<< FAILURE!
java.lang.AssertionError: expected [{"error":"Length of account_number should be between 8 and 20 when bank_country_code is 'CN'"}] but found [{"error":"Length of account_number should be between 7 and 11 when bank_country_code is 'US'"}]
	at org.testng.Assert.fail(Assert.java:94)
	at org.testng.Assert.failNotEquals(Assert.java:513)
	at org.testng.Assert.assertEqualsImpl(Assert.java:135)
	at org.testng.Assert.assertEquals(Assert.java:116)
	at org.testng.Assert.assertEquals(Assert.java:190)
	at org.testng.Assert.assertEquals(Assert.java:200)
	at xuxiaochan.test.airwallex.BankInfoEndpointTest.bankInfoCollectEndpointRequest(BankInfoEndpointTest.java:132)

bankInfoCollectEndpointRequest(xuxiaochan.test.airwallex.BankInfoEndpointTest)  Time elapsed: 0.412 sec  <<< FAILURE!
java.lang.AssertionError: expected [{"success":"Bank details saved"}] but found [{"error":"Length of account_number should be between 7 and 11 when bank_country_code is 'US'"}]
	at org.testng.Assert.fail(Assert.java:94)
	at org.testng.Assert.failNotEquals(Assert.java:513)
	at org.testng.Assert.assertEqualsImpl(Assert.java:135)
	at org.testng.Assert.assertEquals(Assert.java:116)
	at org.testng.Assert.assertEquals(Assert.java:190)
	at org.testng.Assert.assertEquals(Assert.java:200)
	at xuxiaochan.test.airwallex.BankInfoEndpointTest.bankInfoCollectEndpointRequest(BankInfoEndpointTest.java:132)

bankInfoCollectEndpointRequest(xuxiaochan.test.airwallex.BankInfoEndpointTest)  Time elapsed: 0.408 sec  <<< FAILURE!
java.lang.AssertionError: expected [{"error":"The swift code is not valid for the given bank country code: CN"}] but found [{"error":"Length of account_number should be between 7 and 11 when bank_country_code is 'US'"}]
	at org.testng.Assert.fail(Assert.java:94)
	at org.testng.Assert.failNotEquals(Assert.java:513)
	at org.testng.Assert.assertEqualsImpl(Assert.java:135)
	at org.testng.Assert.assertEquals(Assert.java:116)
	at org.testng.Assert.assertEquals(Assert.java:190)
	at org.testng.Assert.assertEquals(Assert.java:200)
	at xuxiaochan.test.airwallex.BankInfoEndpointTest.bankInfoCollectEndpointRequest(BankInfoEndpointTest.java:132)

bankInfoCollectEndpointRequest(xuxiaochan.test.airwallex.BankInfoEndpointTest)  Time elapsed: 0.413 sec  <<< FAILURE!
java.lang.AssertionError: expected [{"error":"The swift code is not valid for the given bank country code: CN"}] but found [{"error":"Length of account_number should be between 7 and 11 when bank_country_code is 'US'"}]
	at org.testng.Assert.fail(Assert.java:94)
	at org.testng.Assert.failNotEquals(Assert.java:513)
	at org.testng.Assert.assertEqualsImpl(Assert.java:135)
	at org.testng.Assert.assertEquals(Assert.java:116)
	at org.testng.Assert.assertEquals(Assert.java:190)
	at org.testng.Assert.assertEquals(Assert.java:200)
	at xuxiaochan.test.airwallex.BankInfoEndpointTest.bankInfoCollectEndpointRequest(BankInfoEndpointTest.java:132)

bankInfoCollectEndpointRequest(xuxiaochan.test.airwallex.BankInfoEndpointTest)  Time elapsed: 0.412 sec  <<< FAILURE!
java.lang.AssertionError: expected [{"error":"Length of 'swift_code' should be either 8 or 11"}] but found [{"success":"Bank details saved"}]
	at org.testng.Assert.fail(Assert.java:94)
	at org.testng.Assert.failNotEquals(Assert.java:513)
	at org.testng.Assert.assertEqualsImpl(Assert.java:135)
	at org.testng.Assert.assertEquals(Assert.java:116)
	at org.testng.Assert.assertEquals(Assert.java:190)
	at org.testng.Assert.assertEquals(Assert.java:200)
	at xuxiaochan.test.airwallex.BankInfoEndpointTest.bankInfoCollectEndpointRequest(BankInfoEndpointTest.java:132)

bankInfoCollectEndpointRequest(xuxiaochan.test.airwallex.BankInfoEndpointTest)  Time elapsed: 0.407 sec  <<< FAILURE!
java.lang.AssertionError: expected [{"error":"Length of 'swift_code' should be either 8 or 11"}] but found [{"success":"Bank details saved"}]
	at org.testng.Assert.fail(Assert.java:94)
	at org.testng.Assert.failNotEquals(Assert.java:513)
	at org.testng.Assert.assertEqualsImpl(Assert.java:135)
	at org.testng.Assert.assertEquals(Assert.java:116)
	at org.testng.Assert.assertEquals(Assert.java:190)
	at org.testng.Assert.assertEquals(Assert.java:200)
	at xuxiaochan.test.airwallex.BankInfoEndpointTest.bankInfoCollectEndpointRequest(BankInfoEndpointTest.java:132)

bankInfoCollectEndpointRequest(xuxiaochan.test.airwallex.BankInfoEndpointTest)  Time elapsed: 0.343 sec  <<< FAILURE!
java.lang.AssertionError: expected [{"success":"Bank details saved"}] but found [{"error":"Length of account_number should be between 7 and 11 when bank_country_code is 'US'"}]
	at org.testng.Assert.fail(Assert.java:94)
	at org.testng.Assert.failNotEquals(Assert.java:513)
	at org.testng.Assert.assertEqualsImpl(Assert.java:135)
	at org.testng.Assert.assertEquals(Assert.java:116)
	at org.testng.Assert.assertEquals(Assert.java:190)
	at org.testng.Assert.assertEquals(Assert.java:200)
	at xuxiaochan.test.airwallex.BankInfoEndpointTest.bankInfoCollectEndpointRequest(BankInfoEndpointTest.java:132)

bankInfoCollectEndpointRequest(xuxiaochan.test.airwallex.BankInfoEndpointTest)  Time elapsed: 0.384 sec  <<< FAILURE!
java.lang.AssertionError: expected [{"success":"Bank details saved"}] but found [{"error":"Length of account_number should be between 7 and 11 when bank_country_code is 'US'"}]
	at org.testng.Assert.fail(Assert.java:94)
	at org.testng.Assert.failNotEquals(Assert.java:513)
	at org.testng.Assert.assertEqualsImpl(Assert.java:135)
	at org.testng.Assert.assertEquals(Assert.java:116)
	at org.testng.Assert.assertEquals(Assert.java:190)
	at org.testng.Assert.assertEquals(Assert.java:200)
	at xuxiaochan.test.airwallex.BankInfoEndpointTest.bankInfoCollectEndpointRequest(BankInfoEndpointTest.java:132)

bankInfoCollectEndpointRequest(xuxiaochan.test.airwallex.BankInfoEndpointTest)  Time elapsed: 0.34 sec  <<< FAILURE!
java.lang.AssertionError: expected [{"error":"'aba' is required when bank country code is US"}] but found [{"success":"Bank details saved"}]
	at org.testng.Assert.fail(Assert.java:94)
	at org.testng.Assert.failNotEquals(Assert.java:513)
	at org.testng.Assert.assertEqualsImpl(Assert.java:135)
	at org.testng.Assert.assertEquals(Assert.java:116)
	at org.testng.Assert.assertEquals(Assert.java:190)
	at org.testng.Assert.assertEquals(Assert.java:200)
	at xuxiaochan.test.airwallex.BankInfoEndpointTest.bankInfoCollectEndpointRequest(BankInfoEndpointTest.java:132)

bankInfoCollectEndpointRequest(xuxiaochan.test.airwallex.BankInfoEndpointTest)  Time elapsed: 0.341 sec  <<< FAILURE!
java.lang.AssertionError: expected [{"success":"Bank details saved"}] but found [{"error":"Length of account_number should be between 7 and 11 when bank_country_code is 'US'"}]
	at org.testng.Assert.fail(Assert.java:94)
	at org.testng.Assert.failNotEquals(Assert.java:513)
	at org.testng.Assert.assertEqualsImpl(Assert.java:135)
	at org.testng.Assert.assertEquals(Assert.java:116)
	at org.testng.Assert.assertEquals(Assert.java:190)
	at org.testng.Assert.assertEquals(Assert.java:200)
	at xuxiaochan.test.airwallex.BankInfoEndpointTest.bankInfoCollectEndpointRequest(BankInfoEndpointTest.java:132)

bankInfoCollectEndpointRequest(xuxiaochan.test.airwallex.BankInfoEndpointTest)  Time elapsed: 0.41 sec  <<< FAILURE!
java.lang.AssertionError: expected [{"success":"Bank details saved"}] but found [{"error":"Length of account_number should be between 7 and 11 when bank_country_code is 'US'"}]
	at org.testng.Assert.fail(Assert.java:94)
	at org.testng.Assert.failNotEquals(Assert.java:513)
	at org.testng.Assert.assertEqualsImpl(Assert.java:135)
	at org.testng.Assert.assertEquals(Assert.java:116)
	at org.testng.Assert.assertEquals(Assert.java:190)
	at org.testng.Assert.assertEquals(Assert.java:200)
	at xuxiaochan.test.airwallex.BankInfoEndpointTest.bankInfoCollectEndpointRequest(BankInfoEndpointTest.java:132)

bankInfoCollectEndpointRequest(xuxiaochan.test.airwallex.BankInfoEndpointTest)  Time elapsed: 0.384 sec  <<< FAILURE!
java.lang.AssertionError: expected [{"success":"Bank details saved"}] but found [{"error":"Length of account_number should be between 7 and 11 when bank_country_code is 'US'"}]
	at org.testng.Assert.fail(Assert.java:94)
	at org.testng.Assert.failNotEquals(Assert.java:513)
	at org.testng.Assert.assertEqualsImpl(Assert.java:135)
	at org.testng.Assert.assertEquals(Assert.java:116)
	at org.testng.Assert.assertEquals(Assert.java:190)
	at org.testng.Assert.assertEquals(Assert.java:200)
	at xuxiaochan.test.airwallex.BankInfoEndpointTest.bankInfoCollectEndpointRequest(BankInfoEndpointTest.java:132)

