<!DOCTYPE html PUBLIC "-//W3C//DTD XHTML 1.1//EN" "http://www.w3.org/TR/xhtml11/DTD/xhtml11.dtd">
<html xmlns="http://www.w3.org/1999/xhtml"><head><title>TestNG Report</title><style type="text/css">table {margin-bottom:10px;border-collapse:collapse;empty-cells:show}th,td {border:1px solid #009;padding:.25em .5em}th {vertical-align:bottom}td {vertical-align:top}table a {font-weight:bold}.stripe td {background-color: #E6EBF9}.num {text-align:right}.passedodd td {background-color: #3F3}.passedeven td {background-color: #0A0}.skippedodd td {background-color: #DDD}.skippedeven td {background-color: #CCC}.failedodd td,.attn {background-color: #F33}.failedeven td,.stripe .attn {background-color: #D00}.stacktrace {white-space:pre;font-family:monospace}.totop {font-size:85%;text-align:center;border-bottom:2px solid #000}</style></head><body><table><tr><th>Test</th><th># Passed</th><th># Skipped</th><th># Failed</th><th>Time (ms)</th><th>Included Groups</th><th>Excluded Groups</th></tr><tr><th colspan="7">Default suite</th></tr><tr><td><a href="#t0">Default test</a></td><td class="num">54</td><td class="num">0</td><td class="num attn">19</td><td class="num">31,822</td><td></td><td></td></tr></table><table><thead><tr><th>Class</th><th>Method</th><th>Start</th><th>Time (ms)</th></tr></thead><tbody><tr><th colspan="4">Default suite</th></tr></tbody><tbody id="t0"><tr><th colspan="4">Default test &#8212; failed</th></tr><tr class="failedeven"><td rowspan="19">xuxiaochan.test.airwallex.BankInfoEndpointTest</td><td><a href="#m0">bankInfoCollectEndpointRequest</a></td><td rowspan="19">1563965242643</td><td rowspan="19">409</td></tr><tr class="failedeven"><td><a href="#m1">bankInfoCollectEndpointRequest</a></td></tr><tr class="failedeven"><td><a href="#m2">bankInfoCollectEndpointRequest</a></td></tr><tr class="failedeven"><td><a href="#m3">bankInfoCollectEndpointRequest</a></td></tr><tr class="failedeven"><td><a href="#m4">bankInfoCollectEndpointRequest</a></td></tr><tr class="failedeven"><td><a href="#m5">bankInfoCollectEndpointRequest</a></td></tr><tr class="failedeven"><td><a href="#m6">bankInfoCollectEndpointRequest</a></td></tr><tr class="failedeven"><td><a href="#m7">bankInfoCollectEndpointRequest</a></td></tr><tr class="failedeven"><td><a href="#m8">bankInfoCollectEndpointRequest</a></td></tr><tr class="failedeven"><td><a href="#m9">bankInfoCollectEndpointRequest</a></td></tr><tr class="failedeven"><td><a href="#m10">bankInfoCollectEndpointRequest</a></td></tr><tr class="failedeven"><td><a href="#m11">bankInfoCollectEndpointRequest</a></td></tr><tr class="failedeven"><td><a href="#m12">bankInfoCollectEndpointRequest</a></td></tr><tr class="failedeven"><td><a href="#m13">bankInfoCollectEndpointRequest</a></td></tr><tr class="failedeven"><td><a href="#m14">bankInfoCollectEndpointRequest</a></td></tr><tr class="failedeven"><td><a href="#m15">bankInfoCollectEndpointRequest</a></td></tr><tr class="failedeven"><td><a href="#m16">bankInfoCollectEndpointRequest</a></td></tr><tr class="failedeven"><td><a href="#m17">bankInfoCollectEndpointRequest</a></td></tr><tr class="failedeven"><td><a href="#m18">bankInfoCollectEndpointRequest</a></td></tr><tr><th colspan="4">Default test &#8212; passed</th></tr><tr class="passedeven"><td rowspan="54">xuxiaochan.test.airwallex.BankInfoEndpointTest</td><td><a href="#m19">bankInfoCollectEndpointRequest</a></td><td rowspan="54">1563965241414</td><td rowspan="54">409</td></tr><tr class="passedeven"><td><a href="#m20">bankInfoCollectEndpointRequest</a></td></tr><tr class="passedeven"><td><a href="#m21">bankInfoCollectEndpointRequest</a></td></tr><tr class="passedeven"><td><a href="#m22">bankInfoCollectEndpointRequest</a></td></tr><tr class="passedeven"><td><a href="#m23">bankInfoCollectEndpointRequest</a></td></tr><tr class="passedeven"><td><a href="#m24">bankInfoCollectEndpointRequest</a></td></tr><tr class="passedeven"><td><a href="#m25">bankInfoCollectEndpointRequest</a></td></tr><tr class="passedeven"><td><a href="#m26">bankInfoCollectEndpointRequest</a></td></tr><tr class="passedeven"><td><a href="#m27">bankInfoCollectEndpointRequest</a></td></tr><tr class="passedeven"><td><a href="#m28">bankInfoCollectEndpointRequest</a></td></tr><tr class="passedeven"><td><a href="#m29">bankInfoCollectEndpointRequest</a></td></tr><tr class="passedeven"><td><a href="#m30">bankInfoCollectEndpointRequest</a></td></tr><tr class="passedeven"><td><a href="#m31">bankInfoCollectEndpointRequest</a></td></tr><tr class="passedeven"><td><a href="#m32">bankInfoCollectEndpointRequest</a></td></tr><tr class="passedeven"><td><a href="#m33">bankInfoCollectEndpointRequest</a></td></tr><tr class="passedeven"><td><a href="#m34">bankInfoCollectEndpointRequest</a></td></tr><tr class="passedeven"><td><a href="#m35">bankInfoCollectEndpointRequest</a></td></tr><tr class="passedeven"><td><a href="#m36">bankInfoCollectEndpointRequest</a></td></tr><tr class="passedeven"><td><a href="#m37">bankInfoCollectEndpointRequest</a></td></tr><tr class="passedeven"><td><a href="#m38">bankInfoCollectEndpointRequest</a></td></tr><tr class="passedeven"><td><a href="#m39">bankInfoCollectEndpointRequest</a></td></tr><tr class="passedeven"><td><a href="#m40">bankInfoCollectEndpointRequest</a></td></tr><tr class="passedeven"><td><a href="#m41">bankInfoCollectEndpointRequest</a></td></tr><tr class="passedeven"><td><a href="#m42">bankInfoCollectEndpointRequest</a></td></tr><tr class="passedeven"><td><a href="#m43">bankInfoCollectEndpointRequest</a></td></tr><tr class="passedeven"><td><a href="#m44">bankInfoCollectEndpointRequest</a></td></tr><tr class="passedeven"><td><a href="#m45">bankInfoCollectEndpointRequest</a></td></tr><tr class="passedeven"><td><a href="#m46">bankInfoCollectEndpointRequest</a></td></tr><tr class="passedeven"><td><a href="#m47">bankInfoCollectEndpointRequest</a></td></tr><tr class="passedeven"><td><a href="#m48">bankInfoCollectEndpointRequest</a></td></tr><tr class="passedeven"><td><a href="#m49">bankInfoCollectEndpointRequest</a></td></tr><tr class="passedeven"><td><a href="#m50">bankInfoCollectEndpointRequest</a></td></tr><tr class="passedeven"><td><a href="#m51">bankInfoCollectEndpointRequest</a></td></tr><tr class="passedeven"><td><a href="#m52">bankInfoCollectEndpointRequest</a></td></tr><tr class="passedeven"><td><a href="#m53">bankInfoCollectEndpointRequest</a></td></tr><tr class="passedeven"><td><a href="#m54">bankInfoCollectEndpointRequest</a></td></tr><tr class="passedeven"><td><a href="#m55">bankInfoCollectEndpointRequest</a></td></tr><tr class="passedeven"><td><a href="#m56">bankInfoCollectEndpointRequest</a></td></tr><tr class="passedeven"><td><a href="#m57">bankInfoCollectEndpointRequest</a></td></tr><tr class="passedeven"><td><a href="#m58">bankInfoCollectEndpointRequest</a></td></tr><tr class="passedeven"><td><a href="#m59">bankInfoCollectEndpointRequest</a></td></tr><tr class="passedeven"><td><a href="#m60">bankInfoCollectEndpointRequest</a></td></tr><tr class="passedeven"><td><a href="#m61">bankInfoCollectEndpointRequest</a></td></tr><tr class="passedeven"><td><a href="#m62">bankInfoCollectEndpointRequest</a></td></tr><tr class="passedeven"><td><a href="#m63">bankInfoCollectEndpointRequest</a></td></tr><tr class="passedeven"><td><a href="#m64">bankInfoCollectEndpointRequest</a></td></tr><tr class="passedeven"><td><a href="#m65">bankInfoCollectEndpointRequest</a></td></tr><tr class="passedeven"><td><a href="#m66">bankInfoCollectEndpointRequest</a></td></tr><tr class="passedeven"><td><a href="#m67">bankInfoCollectEndpointRequest</a></td></tr><tr class="passedeven"><td><a href="#m68">bankInfoCollectEndpointRequest</a></td></tr><tr class="passedeven"><td><a href="#m69">bankInfoCollectEndpointRequest</a></td></tr><tr class="passedeven"><td><a href="#m70">bankInfoCollectEndpointRequest</a></td></tr><tr class="passedeven"><td><a href="#m71">bankInfoCollectEndpointRequest</a></td></tr><tr class="passedeven"><td><a href="#m72">bankInfoCollectEndpointRequest</a></td></tr></tbody></table><h2>Default test</h2><h3 id="m0">xuxiaochan.test.airwallex.BankInfoEndpointTest#bankInfoCollectEndpointRequest</h3><table class="result"><tr class="param"><th>Parameter #1</th><th>Parameter #2</th><th>Parameter #3</th><th>Parameter #4</th><th>Parameter #5</th><th>Parameter #6</th><th>Parameter #7</th><th>Parameter #8</th><th>Parameter #9</th><th>Parameter #10</th><th>Parameter #11</th><th>Parameter #12</th><th>Parameter #13</th><th>Parameter #14</th><th>Parameter #15</th><th>Parameter #16</th><th>Parameter #17</th></tr><tr class="param stripe"><td>42 the length of swift_code validate: 9</td><td>payment_method</td><td>SWIFT</td><td>bank_country_code</td><td>US</td><td>account_name</td><td>John Smith</td><td>account_number</td><td>1234567890</td><td>swift_code</td><td>ICBCUSBUD</td><td>invalid_bsb</td><td></td><td>aba</td><td>11122233A</td><td>HTTP/1.1 400 Bad Request</td><td>{&quot;error&quot;:&quot;Length of &apos;swift_code&apos; should be either 8 or 11&quot;}</td></tr><tr><th colspan="17">Exception</th></tr><tr><td colspan="17"><div class="stacktrace">java.lang.AssertionError: expected [{&quot;error&quot;:&quot;Length of &apos;swift_code&apos; should be either 8 or 11&quot;}] but found [{&quot;success&quot;:&quot;Bank details saved&quot;}]
	at org.testng.Assert.fail(Assert.java:94)
	at org.testng.Assert.failNotEquals(Assert.java:513)
	at org.testng.Assert.assertEqualsImpl(Assert.java:135)
	at org.testng.Assert.assertEquals(Assert.java:116)
	at org.testng.Assert.assertEquals(Assert.java:190)
	at org.testng.Assert.assertEquals(Assert.java:200)
	at xuxiaochan.test.airwallex.BankInfoEndpointTest.bankInfoCollectEndpointRequest(BankInfoEndpointTest.java:140)
	at sun.reflect.GeneratedMethodAccessor1.invoke(Unknown Source)
	at sun.reflect.DelegatingMethodAccessorImpl.invoke(DelegatingMethodAccessorImpl.java:43)
	at java.lang.reflect.Method.invoke(Method.java:498)
	at org.testng.internal.MethodInvocationHelper.invokeMethod(MethodInvocationHelper.java:104)
	at org.testng.internal.Invoker.invokeMethod(Invoker.java:645)
	at org.testng.internal.Invoker.invokeTestMethod(Invoker.java:851)
	at org.testng.internal.Invoker.invokeTestMethods(Invoker.java:1177)
	at org.testng.internal.TestMethodWorker.invokeTestMethods(TestMethodWorker.java:129)
	at org.testng.internal.TestMethodWorker.run(TestMethodWorker.java:112)
	at org.testng.TestRunner.privateRun(TestRunner.java:756)
	at org.testng.TestRunner.run(TestRunner.java:610)
	at org.testng.SuiteRunner.runTest(SuiteRunner.java:387)
	at org.testng.SuiteRunner.runSequentially(SuiteRunner.java:382)
	at org.testng.SuiteRunner.privateRun(SuiteRunner.java:340)
	at org.testng.SuiteRunner.run(SuiteRunner.java:289)
	at org.testng.SuiteRunnerWorker.runSuite(SuiteRunnerWorker.java:52)
	at org.testng.SuiteRunnerWorker.run(SuiteRunnerWorker.java:86)
	at org.testng.TestNG.runSuitesSequentially(TestNG.java:1293)
	at org.testng.TestNG.runSuitesLocally(TestNG.java:1218)
	at org.testng.TestNG.runSuites(TestNG.java:1133)
	at org.testng.TestNG.run(TestNG.java:1104)
	at org.testng.TestNG.privateMain(TestNG.java:1434)
	at org.testng.TestNG.main(TestNG.java:1403)
</div></td></tr></table><p class="totop"><a href="#summary">back to summary</a></p><h3 id="m1">xuxiaochan.test.airwallex.BankInfoEndpointTest#bankInfoCollectEndpointRequest</h3><table class="result"><tr class="param"><th>Parameter #1</th><th>Parameter #2</th><th>Parameter #3</th><th>Parameter #4</th><th>Parameter #5</th><th>Parameter #6</th><th>Parameter #7</th><th>Parameter #8</th><th>Parameter #9</th><th>Parameter #10</th><th>Parameter #11</th><th>Parameter #12</th><th>Parameter #13</th><th>Parameter #14</th><th>Parameter #15</th><th>Parameter #16</th><th>Parameter #17</th></tr><tr class="param stripe"><td>23 length of account_number validate when bank_country_code is AU: 10</td><td>payment_method</td><td>SWIFT</td><td>bank_country_code</td><td>AU</td><td>account_name</td><td>John Smith</td><td>account_number</td><td>1232345678</td><td>swift_code</td><td>ICBCAUBJ</td><td>bsb</td><td>zxzasa</td><td>aba</td><td>11122233A</td><td>HTTP/1.1 400 Bad Request</td><td>{&quot;error&quot;:&quot;Length of account_number should be between 6 and 9 when bank_country_code is &apos;AU&apos;&quot;}</td></tr><tr><th colspan="17">Exception</th></tr><tr><td colspan="17"><div class="stacktrace">java.lang.AssertionError: expected [{&quot;error&quot;:&quot;Length of account_number should be between 6 and 9 when bank_country_code is &apos;AU&apos;&quot;}] but found [{&quot;error&quot;:&quot;Length of account_number should be between 7 and 11 when bank_country_code is &apos;US&apos;&quot;}]
	at org.testng.Assert.fail(Assert.java:94)
	at org.testng.Assert.failNotEquals(Assert.java:513)
	at org.testng.Assert.assertEqualsImpl(Assert.java:135)
	at org.testng.Assert.assertEquals(Assert.java:116)
	at org.testng.Assert.assertEquals(Assert.java:190)
	at org.testng.Assert.assertEquals(Assert.java:200)
	at xuxiaochan.test.airwallex.BankInfoEndpointTest.bankInfoCollectEndpointRequest(BankInfoEndpointTest.java:140)
	at sun.reflect.GeneratedMethodAccessor1.invoke(Unknown Source)
	at sun.reflect.DelegatingMethodAccessorImpl.invoke(DelegatingMethodAccessorImpl.java:43)
	at java.lang.reflect.Method.invoke(Method.java:498)
	at org.testng.internal.MethodInvocationHelper.invokeMethod(MethodInvocationHelper.java:104)
	at org.testng.internal.Invoker.invokeMethod(Invoker.java:645)
	at org.testng.internal.Invoker.invokeTestMethod(Invoker.java:851)
	at org.testng.internal.Invoker.invokeTestMethods(Invoker.java:1177)
	at org.testng.internal.TestMethodWorker.invokeTestMethods(TestMethodWorker.java:129)
	at org.testng.internal.TestMethodWorker.run(TestMethodWorker.java:112)
	at org.testng.TestRunner.privateRun(TestRunner.java:756)
	at org.testng.TestRunner.run(TestRunner.java:610)
	at org.testng.SuiteRunner.runTest(SuiteRunner.java:387)
	at org.testng.SuiteRunner.runSequentially(SuiteRunner.java:382)
	at org.testng.SuiteRunner.privateRun(SuiteRunner.java:340)
	at org.testng.SuiteRunner.run(SuiteRunner.java:289)
	at org.testng.SuiteRunnerWorker.runSuite(SuiteRunnerWorker.java:52)
	at org.testng.SuiteRunnerWorker.run(SuiteRunnerWorker.java:86)
	at org.testng.TestNG.runSuitesSequentially(TestNG.java:1293)
	at org.testng.TestNG.runSuitesLocally(TestNG.java:1218)
	at org.testng.TestNG.runSuites(TestNG.java:1133)
	at org.testng.TestNG.run(TestNG.java:1104)
	at org.testng.TestNG.privateMain(TestNG.java:1434)
	at org.testng.TestNG.main(TestNG.java:1403)
</div></td></tr></table><p class="totop"><a href="#summary">back to summary</a></p><h3 id="m2">xuxiaochan.test.airwallex.BankInfoEndpointTest#bankInfoCollectEndpointRequest</h3><table class="result"><tr class="param"><th>Parameter #1</th><th>Parameter #2</th><th>Parameter #3</th><th>Parameter #4</th><th>Parameter #5</th><th>Parameter #6</th><th>Parameter #7</th><th>Parameter #8</th><th>Parameter #9</th><th>Parameter #10</th><th>Parameter #11</th><th>Parameter #12</th><th>Parameter #13</th><th>Parameter #14</th><th>Parameter #15</th><th>Parameter #16</th><th>Parameter #17</th></tr><tr class="param stripe"><td>50 optional field of bsb validate when bank_country_code is CN: pass whith bsb</td><td>payment_method</td><td>SWIFT</td><td>bank_country_code</td><td>CN</td><td>account_name</td><td>John Smith</td><td>account_number</td><td>1234567890</td><td>swift_code</td><td>ICBCCNBJ</td><td>bsb</td><td>sjanaj</td><td>aba</td><td>11122233A</td><td>HTTP/1.1 200 OK</td><td>{&quot;success&quot;:&quot;Bank details saved&quot;}</td></tr><tr><th colspan="17">Exception</th></tr><tr><td colspan="17"><div class="stacktrace">java.lang.AssertionError: expected [{&quot;success&quot;:&quot;Bank details saved&quot;}] but found [{&quot;error&quot;:&quot;Length of account_number should be between 7 and 11 when bank_country_code is &apos;US&apos;&quot;}]
	at org.testng.Assert.fail(Assert.java:94)
	at org.testng.Assert.failNotEquals(Assert.java:513)
	at org.testng.Assert.assertEqualsImpl(Assert.java:135)
	at org.testng.Assert.assertEquals(Assert.java:116)
	at org.testng.Assert.assertEquals(Assert.java:190)
	at org.testng.Assert.assertEquals(Assert.java:200)
	at xuxiaochan.test.airwallex.BankInfoEndpointTest.bankInfoCollectEndpointRequest(BankInfoEndpointTest.java:140)
	at sun.reflect.GeneratedMethodAccessor1.invoke(Unknown Source)
	at sun.reflect.DelegatingMethodAccessorImpl.invoke(DelegatingMethodAccessorImpl.java:43)
	at java.lang.reflect.Method.invoke(Method.java:498)
	at org.testng.internal.MethodInvocationHelper.invokeMethod(MethodInvocationHelper.java:104)
	at org.testng.internal.Invoker.invokeMethod(Invoker.java:645)
	at org.testng.internal.Invoker.invokeTestMethod(Invoker.java:851)
	at org.testng.internal.Invoker.invokeTestMethods(Invoker.java:1177)
	at org.testng.internal.TestMethodWorker.invokeTestMethods(TestMethodWorker.java:129)
	at org.testng.internal.TestMethodWorker.run(TestMethodWorker.java:112)
	at org.testng.TestRunner.privateRun(TestRunner.java:756)
	at org.testng.TestRunner.run(TestRunner.java:610)
	at org.testng.SuiteRunner.runTest(SuiteRunner.java:387)
	at org.testng.SuiteRunner.runSequentially(SuiteRunner.java:382)
	at org.testng.SuiteRunner.privateRun(SuiteRunner.java:340)
	at org.testng.SuiteRunner.run(SuiteRunner.java:289)
	at org.testng.SuiteRunnerWorker.runSuite(SuiteRunnerWorker.java:52)
	at org.testng.SuiteRunnerWorker.run(SuiteRunnerWorker.java:86)
	at org.testng.TestNG.runSuitesSequentially(TestNG.java:1293)
	at org.testng.TestNG.runSuitesLocally(TestNG.java:1218)
	at org.testng.TestNG.runSuites(TestNG.java:1133)
	at org.testng.TestNG.run(TestNG.java:1104)
	at org.testng.TestNG.privateMain(TestNG.java:1434)
	at org.testng.TestNG.main(TestNG.java:1403)
</div></td></tr></table><p class="totop"><a href="#summary">back to summary</a></p><h3 id="m3">xuxiaochan.test.airwallex.BankInfoEndpointTest#bankInfoCollectEndpointRequest</h3><table class="result"><tr class="param"><th>Parameter #1</th><th>Parameter #2</th><th>Parameter #3</th><th>Parameter #4</th><th>Parameter #5</th><th>Parameter #6</th><th>Parameter #7</th><th>Parameter #8</th><th>Parameter #9</th><th>Parameter #10</th><th>Parameter #11</th><th>Parameter #12</th><th>Parameter #13</th><th>Parameter #14</th><th>Parameter #15</th><th>Parameter #16</th><th>Parameter #17</th></tr><tr class="param stripe"><td>64 payment_method is LOCAL and bank_country_code is CN with 20 account_number length</td><td>payment_method</td><td>LOCAL</td><td>bank_country_code</td><td>CN</td><td>account_name</td><td>John Smith</td><td>account_number</td><td>12345678901234567890</td><td>swift_code</td><td>ICBUCNBJ</td><td>bsb</td><td>a1@ä¸­Tu</td><td>aba</td><td>11122233B</td><td>HTTP/1.1 200 OK</td><td>{&quot;success&quot;:&quot;Bank details saved&quot;}</td></tr><tr><th colspan="17">Exception</th></tr><tr><td colspan="17"><div class="stacktrace">java.lang.AssertionError: expected [{&quot;success&quot;:&quot;Bank details saved&quot;}] but found [{&quot;error&quot;:&quot;Length of account_number should be between 7 and 11 when bank_country_code is &apos;US&apos;&quot;}]
	at org.testng.Assert.fail(Assert.java:94)
	at org.testng.Assert.failNotEquals(Assert.java:513)
	at org.testng.Assert.assertEqualsImpl(Assert.java:135)
	at org.testng.Assert.assertEquals(Assert.java:116)
	at org.testng.Assert.assertEquals(Assert.java:190)
	at org.testng.Assert.assertEquals(Assert.java:200)
	at xuxiaochan.test.airwallex.BankInfoEndpointTest.bankInfoCollectEndpointRequest(BankInfoEndpointTest.java:140)
	at sun.reflect.GeneratedMethodAccessor1.invoke(Unknown Source)
	at sun.reflect.DelegatingMethodAccessorImpl.invoke(DelegatingMethodAccessorImpl.java:43)
	at java.lang.reflect.Method.invoke(Method.java:498)
	at org.testng.internal.MethodInvocationHelper.invokeMethod(MethodInvocationHelper.java:104)
	at org.testng.internal.Invoker.invokeMethod(Invoker.java:645)
	at org.testng.internal.Invoker.invokeTestMethod(Invoker.java:851)
	at org.testng.internal.Invoker.invokeTestMethods(Invoker.java:1177)
	at org.testng.internal.TestMethodWorker.invokeTestMethods(TestMethodWorker.java:129)
	at org.testng.internal.TestMethodWorker.run(TestMethodWorker.java:112)
	at org.testng.TestRunner.privateRun(TestRunner.java:756)
	at org.testng.TestRunner.run(TestRunner.java:610)
	at org.testng.SuiteRunner.runTest(SuiteRunner.java:387)
	at org.testng.SuiteRunner.runSequentially(SuiteRunner.java:382)
	at org.testng.SuiteRunner.privateRun(SuiteRunner.java:340)
	at org.testng.SuiteRunner.run(SuiteRunner.java:289)
	at org.testng.SuiteRunnerWorker.runSuite(SuiteRunnerWorker.java:52)
	at org.testng.SuiteRunnerWorker.run(SuiteRunnerWorker.java:86)
	at org.testng.TestNG.runSuitesSequentially(TestNG.java:1293)
	at org.testng.TestNG.runSuitesLocally(TestNG.java:1218)
	at org.testng.TestNG.runSuites(TestNG.java:1133)
	at org.testng.TestNG.run(TestNG.java:1104)
	at org.testng.TestNG.privateMain(TestNG.java:1434)
	at org.testng.TestNG.main(TestNG.java:1403)
</div></td></tr></table><p class="totop"><a href="#summary">back to summary</a></p><h3 id="m4">xuxiaochan.test.airwallex.BankInfoEndpointTest#bankInfoCollectEndpointRequest</h3><table class="result"><tr class="param"><th>Parameter #1</th><th>Parameter #2</th><th>Parameter #3</th><th>Parameter #4</th><th>Parameter #5</th><th>Parameter #6</th><th>Parameter #7</th><th>Parameter #8</th><th>Parameter #9</th><th>Parameter #10</th><th>Parameter #11</th><th>Parameter #12</th><th>Parameter #13</th><th>Parameter #14</th><th>Parameter #15</th><th>Parameter #16</th><th>Parameter #17</th></tr><tr class="param stripe"><td>24.1 length of account_number validate when bank_country_code is CN: 6</td><td>payment_method</td><td>SWIFT</td><td>bank_country_code</td><td>CN</td><td>account_name</td><td>John Smith</td><td>account_number</td><td>121212</td><td>swift_code</td><td>ICBCCNBJ</td><td>invalid_bsb</td><td></td><td>aba</td><td>11122233A</td><td>HTTP/1.1 400 Bad Request</td><td>{&quot;error&quot;:&quot;Length of account_number should be between 8 and 20 when bank_country_code is &apos;CN&apos;&quot;}</td></tr><tr><th colspan="17">Exception</th></tr><tr><td colspan="17"><div class="stacktrace">java.lang.AssertionError: expected [{&quot;error&quot;:&quot;Length of account_number should be between 8 and 20 when bank_country_code is &apos;CN&apos;&quot;}] but found [{&quot;success&quot;:&quot;Bank details saved&quot;}]
	at org.testng.Assert.fail(Assert.java:94)
	at org.testng.Assert.failNotEquals(Assert.java:513)
	at org.testng.Assert.assertEqualsImpl(Assert.java:135)
	at org.testng.Assert.assertEquals(Assert.java:116)
	at org.testng.Assert.assertEquals(Assert.java:190)
	at org.testng.Assert.assertEquals(Assert.java:200)
	at xuxiaochan.test.airwallex.BankInfoEndpointTest.bankInfoCollectEndpointRequest(BankInfoEndpointTest.java:140)
	at sun.reflect.GeneratedMethodAccessor1.invoke(Unknown Source)
	at sun.reflect.DelegatingMethodAccessorImpl.invoke(DelegatingMethodAccessorImpl.java:43)
	at java.lang.reflect.Method.invoke(Method.java:498)
	at org.testng.internal.MethodInvocationHelper.invokeMethod(MethodInvocationHelper.java:104)
	at org.testng.internal.Invoker.invokeMethod(Invoker.java:645)
	at org.testng.internal.Invoker.invokeTestMethod(Invoker.java:851)
	at org.testng.internal.Invoker.invokeTestMethods(Invoker.java:1177)
	at org.testng.internal.TestMethodWorker.invokeTestMethods(TestMethodWorker.java:129)
	at org.testng.internal.TestMethodWorker.run(TestMethodWorker.java:112)
	at org.testng.TestRunner.privateRun(TestRunner.java:756)
	at org.testng.TestRunner.run(TestRunner.java:610)
	at org.testng.SuiteRunner.runTest(SuiteRunner.java:387)
	at org.testng.SuiteRunner.runSequentially(SuiteRunner.java:382)
	at org.testng.SuiteRunner.privateRun(SuiteRunner.java:340)
	at org.testng.SuiteRunner.run(SuiteRunner.java:289)
	at org.testng.SuiteRunnerWorker.runSuite(SuiteRunnerWorker.java:52)
	at org.testng.SuiteRunnerWorker.run(SuiteRunnerWorker.java:86)
	at org.testng.TestNG.runSuitesSequentially(TestNG.java:1293)
	at org.testng.TestNG.runSuitesLocally(TestNG.java:1218)
	at org.testng.TestNG.runSuites(TestNG.java:1133)
	at org.testng.TestNG.run(TestNG.java:1104)
	at org.testng.TestNG.privateMain(TestNG.java:1434)
	at org.testng.TestNG.main(TestNG.java:1403)
</div></td></tr></table><p class="totop"><a href="#summary">back to summary</a></p><h3 id="m5">xuxiaochan.test.airwallex.BankInfoEndpointTest#bankInfoCollectEndpointRequest</h3><table class="result"><tr class="param"><th>Parameter #1</th><th>Parameter #2</th><th>Parameter #3</th><th>Parameter #4</th><th>Parameter #5</th><th>Parameter #6</th><th>Parameter #7</th><th>Parameter #8</th><th>Parameter #9</th><th>Parameter #10</th><th>Parameter #11</th><th>Parameter #12</th><th>Parameter #13</th><th>Parameter #14</th><th>Parameter #15</th><th>Parameter #16</th><th>Parameter #17</th></tr><tr class="param stripe"><td>28 length of account_number validate when bank_country_code is CN: 21</td><td>payment_method</td><td>SWIFT</td><td>bank_country_code</td><td>CN</td><td>account_name</td><td>John Smith</td><td>account_number</td><td>123456789012345678901</td><td>swift_code</td><td>ICBCCNBJ</td><td>invalid_bsb</td><td></td><td>aba</td><td>11122233A</td><td>HTTP/1.1 400 Bad Request</td><td>{&quot;error&quot;:&quot;Length of account_number should be between 8 and 20 when bank_country_code is &apos;CN&apos;&quot;}</td></tr><tr><th colspan="17">Exception</th></tr><tr><td colspan="17"><div class="stacktrace">java.lang.AssertionError: expected [{&quot;error&quot;:&quot;Length of account_number should be between 8 and 20 when bank_country_code is &apos;CN&apos;&quot;}] but found [{&quot;error&quot;:&quot;Length of account_number should be between 7 and 11 when bank_country_code is &apos;US&apos;&quot;}]
	at org.testng.Assert.fail(Assert.java:94)
	at org.testng.Assert.failNotEquals(Assert.java:513)
	at org.testng.Assert.assertEqualsImpl(Assert.java:135)
	at org.testng.Assert.assertEquals(Assert.java:116)
	at org.testng.Assert.assertEquals(Assert.java:190)
	at org.testng.Assert.assertEquals(Assert.java:200)
	at xuxiaochan.test.airwallex.BankInfoEndpointTest.bankInfoCollectEndpointRequest(BankInfoEndpointTest.java:140)
	at sun.reflect.GeneratedMethodAccessor1.invoke(Unknown Source)
	at sun.reflect.DelegatingMethodAccessorImpl.invoke(DelegatingMethodAccessorImpl.java:43)
	at java.lang.reflect.Method.invoke(Method.java:498)
	at org.testng.internal.MethodInvocationHelper.invokeMethod(MethodInvocationHelper.java:104)
	at org.testng.internal.Invoker.invokeMethod(Invoker.java:645)
	at org.testng.internal.Invoker.invokeTestMethod(Invoker.java:851)
	at org.testng.internal.Invoker.invokeTestMethods(Invoker.java:1177)
	at org.testng.internal.TestMethodWorker.invokeTestMethods(TestMethodWorker.java:129)
	at org.testng.internal.TestMethodWorker.run(TestMethodWorker.java:112)
	at org.testng.TestRunner.privateRun(TestRunner.java:756)
	at org.testng.TestRunner.run(TestRunner.java:610)
	at org.testng.SuiteRunner.runTest(SuiteRunner.java:387)
	at org.testng.SuiteRunner.runSequentially(SuiteRunner.java:382)
	at org.testng.SuiteRunner.privateRun(SuiteRunner.java:340)
	at org.testng.SuiteRunner.run(SuiteRunner.java:289)
	at org.testng.SuiteRunnerWorker.runSuite(SuiteRunnerWorker.java:52)
	at org.testng.SuiteRunnerWorker.run(SuiteRunnerWorker.java:86)
	at org.testng.TestNG.runSuitesSequentially(TestNG.java:1293)
	at org.testng.TestNG.runSuitesLocally(TestNG.java:1218)
	at org.testng.TestNG.runSuites(TestNG.java:1133)
	at org.testng.TestNG.run(TestNG.java:1104)
	at org.testng.TestNG.privateMain(TestNG.java:1434)
	at org.testng.TestNG.main(TestNG.java:1403)
</div></td></tr></table><p class="totop"><a href="#summary">back to summary</a></p><h3 id="m6">xuxiaochan.test.airwallex.BankInfoEndpointTest#bankInfoCollectEndpointRequest</h3><table class="result"><tr class="param"><th>Parameter #1</th><th>Parameter #2</th><th>Parameter #3</th><th>Parameter #4</th><th>Parameter #5</th><th>Parameter #6</th><th>Parameter #7</th><th>Parameter #8</th><th>Parameter #9</th><th>Parameter #10</th><th>Parameter #11</th><th>Parameter #12</th><th>Parameter #13</th><th>Parameter #14</th><th>Parameter #15</th><th>Parameter #16</th><th>Parameter #17</th></tr><tr class="param stripe"><td>37 the 5th and 6th characters of swift_code validate when bank_country_code is CN: pass</td><td>payment_method</td><td>SWIFT</td><td>bank_country_code</td><td>CN</td><td>account_name</td><td>John Smith</td><td>account_number</td><td>1234567890</td><td>swift_code</td><td>ICBCCNBJ</td><td>invalid_bsb</td><td></td><td>aba</td><td>11122233A</td><td>HTTP/1.1 200 OK</td><td>{&quot;success&quot;:&quot;Bank details saved&quot;}</td></tr><tr><th colspan="17">Exception</th></tr><tr><td colspan="17"><div class="stacktrace">java.lang.AssertionError: expected [{&quot;success&quot;:&quot;Bank details saved&quot;}] but found [{&quot;error&quot;:&quot;Length of account_number should be between 7 and 11 when bank_country_code is &apos;US&apos;&quot;}]
	at org.testng.Assert.fail(Assert.java:94)
	at org.testng.Assert.failNotEquals(Assert.java:513)
	at org.testng.Assert.assertEqualsImpl(Assert.java:135)
	at org.testng.Assert.assertEquals(Assert.java:116)
	at org.testng.Assert.assertEquals(Assert.java:190)
	at org.testng.Assert.assertEquals(Assert.java:200)
	at xuxiaochan.test.airwallex.BankInfoEndpointTest.bankInfoCollectEndpointRequest(BankInfoEndpointTest.java:140)
	at sun.reflect.GeneratedMethodAccessor1.invoke(Unknown Source)
	at sun.reflect.DelegatingMethodAccessorImpl.invoke(DelegatingMethodAccessorImpl.java:43)
	at java.lang.reflect.Method.invoke(Method.java:498)
	at org.testng.internal.MethodInvocationHelper.invokeMethod(MethodInvocationHelper.java:104)
	at org.testng.internal.Invoker.invokeMethod(Invoker.java:645)
	at org.testng.internal.Invoker.invokeTestMethod(Invoker.java:851)
	at org.testng.internal.Invoker.invokeTestMethods(Invoker.java:1177)
	at org.testng.internal.TestMethodWorker.invokeTestMethods(TestMethodWorker.java:129)
	at org.testng.internal.TestMethodWorker.run(TestMethodWorker.java:112)
	at org.testng.TestRunner.privateRun(TestRunner.java:756)
	at org.testng.TestRunner.run(TestRunner.java:610)
	at org.testng.SuiteRunner.runTest(SuiteRunner.java:387)
	at org.testng.SuiteRunner.runSequentially(SuiteRunner.java:382)
	at org.testng.SuiteRunner.privateRun(SuiteRunner.java:340)
	at org.testng.SuiteRunner.run(SuiteRunner.java:289)
	at org.testng.SuiteRunnerWorker.runSuite(SuiteRunnerWorker.java:52)
	at org.testng.SuiteRunnerWorker.run(SuiteRunnerWorker.java:86)
	at org.testng.TestNG.runSuitesSequentially(TestNG.java:1293)
	at org.testng.TestNG.runSuitesLocally(TestNG.java:1218)
	at org.testng.TestNG.runSuites(TestNG.java:1133)
	at org.testng.TestNG.run(TestNG.java:1104)
	at org.testng.TestNG.privateMain(TestNG.java:1434)
	at org.testng.TestNG.main(TestNG.java:1403)
</div></td></tr></table><p class="totop"><a href="#summary">back to summary</a></p><h3 id="m7">xuxiaochan.test.airwallex.BankInfoEndpointTest#bankInfoCollectEndpointRequest</h3><table class="result"><tr class="param"><th>Parameter #1</th><th>Parameter #2</th><th>Parameter #3</th><th>Parameter #4</th><th>Parameter #5</th><th>Parameter #6</th><th>Parameter #7</th><th>Parameter #8</th><th>Parameter #9</th><th>Parameter #10</th><th>Parameter #11</th><th>Parameter #12</th><th>Parameter #13</th><th>Parameter #14</th><th>Parameter #15</th><th>Parameter #16</th><th>Parameter #17</th></tr><tr class="param stripe"><td>24 length of account_number validate when bank_country_code is CN: 7</td><td>payment_method</td><td>SWIFT</td><td>bank_country_code</td><td>CN</td><td>account_name</td><td>John Smith</td><td>account_number</td><td>1212123</td><td>swift_code</td><td>ICBCCNBJ</td><td>invalid_bsb</td><td></td><td>aba</td><td>11122233A</td><td>HTTP/1.1 400 Bad Request</td><td>{&quot;error&quot;:&quot;Length of account_number should be between 8 and 20 when bank_country_code is &apos;CN&apos;&quot;}</td></tr><tr><th colspan="17">Exception</th></tr><tr><td colspan="17"><div class="stacktrace">java.lang.AssertionError: expected [{&quot;error&quot;:&quot;Length of account_number should be between 8 and 20 when bank_country_code is &apos;CN&apos;&quot;}] but found [{&quot;success&quot;:&quot;Bank details saved&quot;}]
	at org.testng.Assert.fail(Assert.java:94)
	at org.testng.Assert.failNotEquals(Assert.java:513)
	at org.testng.Assert.assertEqualsImpl(Assert.java:135)
	at org.testng.Assert.assertEquals(Assert.java:116)
	at org.testng.Assert.assertEquals(Assert.java:190)
	at org.testng.Assert.assertEquals(Assert.java:200)
	at xuxiaochan.test.airwallex.BankInfoEndpointTest.bankInfoCollectEndpointRequest(BankInfoEndpointTest.java:140)
	at sun.reflect.GeneratedMethodAccessor1.invoke(Unknown Source)
	at sun.reflect.DelegatingMethodAccessorImpl.invoke(DelegatingMethodAccessorImpl.java:43)
	at java.lang.reflect.Method.invoke(Method.java:498)
	at org.testng.internal.MethodInvocationHelper.invokeMethod(MethodInvocationHelper.java:104)
	at org.testng.internal.Invoker.invokeMethod(Invoker.java:645)
	at org.testng.internal.Invoker.invokeTestMethod(Invoker.java:851)
	at org.testng.internal.Invoker.invokeTestMethods(Invoker.java:1177)
	at org.testng.internal.TestMethodWorker.invokeTestMethods(TestMethodWorker.java:129)
	at org.testng.internal.TestMethodWorker.run(TestMethodWorker.java:112)
	at org.testng.TestRunner.privateRun(TestRunner.java:756)
	at org.testng.TestRunner.run(TestRunner.java:610)
	at org.testng.SuiteRunner.runTest(SuiteRunner.java:387)
	at org.testng.SuiteRunner.runSequentially(SuiteRunner.java:382)
	at org.testng.SuiteRunner.privateRun(SuiteRunner.java:340)
	at org.testng.SuiteRunner.run(SuiteRunner.java:289)
	at org.testng.SuiteRunnerWorker.runSuite(SuiteRunnerWorker.java:52)
	at org.testng.SuiteRunnerWorker.run(SuiteRunnerWorker.java:86)
	at org.testng.TestNG.runSuitesSequentially(TestNG.java:1293)
	at org.testng.TestNG.runSuitesLocally(TestNG.java:1218)
	at org.testng.TestNG.runSuites(TestNG.java:1133)
	at org.testng.TestNG.run(TestNG.java:1104)
	at org.testng.TestNG.privateMain(TestNG.java:1434)
	at org.testng.TestNG.main(TestNG.java:1403)
</div></td></tr></table><p class="totop"><a href="#summary">back to summary</a></p><h3 id="m8">xuxiaochan.test.airwallex.BankInfoEndpointTest#bankInfoCollectEndpointRequest</h3><table class="result"><tr class="param"><th>Parameter #1</th><th>Parameter #2</th><th>Parameter #3</th><th>Parameter #4</th><th>Parameter #5</th><th>Parameter #6</th><th>Parameter #7</th><th>Parameter #8</th><th>Parameter #9</th><th>Parameter #10</th><th>Parameter #11</th><th>Parameter #12</th><th>Parameter #13</th><th>Parameter #14</th><th>Parameter #15</th><th>Parameter #16</th><th>Parameter #17</th></tr><tr class="param stripe"><td>27 length of account_number validate when bank_country_code is CN: 20</td><td>payment_method</td><td>SWIFT</td><td>bank_country_code</td><td>CN</td><td>account_name</td><td>John Smith</td><td>account_number</td><td>12321234567890987654</td><td>swift_code</td><td>ICBCCNBJ</td><td>invalid_bsb</td><td></td><td>aba</td><td>11122233A</td><td>HTTP/1.1 200 OK</td><td>{&quot;success&quot;:&quot;Bank details saved&quot;}</td></tr><tr><th colspan="17">Exception</th></tr><tr><td colspan="17"><div class="stacktrace">java.lang.AssertionError: expected [{&quot;success&quot;:&quot;Bank details saved&quot;}] but found [{&quot;error&quot;:&quot;Length of account_number should be between 7 and 11 when bank_country_code is &apos;US&apos;&quot;}]
	at org.testng.Assert.fail(Assert.java:94)
	at org.testng.Assert.failNotEquals(Assert.java:513)
	at org.testng.Assert.assertEqualsImpl(Assert.java:135)
	at org.testng.Assert.assertEquals(Assert.java:116)
	at org.testng.Assert.assertEquals(Assert.java:190)
	at org.testng.Assert.assertEquals(Assert.java:200)
	at xuxiaochan.test.airwallex.BankInfoEndpointTest.bankInfoCollectEndpointRequest(BankInfoEndpointTest.java:140)
	at sun.reflect.GeneratedMethodAccessor1.invoke(Unknown Source)
	at sun.reflect.DelegatingMethodAccessorImpl.invoke(DelegatingMethodAccessorImpl.java:43)
	at java.lang.reflect.Method.invoke(Method.java:498)
	at org.testng.internal.MethodInvocationHelper.invokeMethod(MethodInvocationHelper.java:104)
	at org.testng.internal.Invoker.invokeMethod(Invoker.java:645)
	at org.testng.internal.Invoker.invokeTestMethod(Invoker.java:851)
	at org.testng.internal.Invoker.invokeTestMethods(Invoker.java:1177)
	at org.testng.internal.TestMethodWorker.invokeTestMethods(TestMethodWorker.java:129)
	at org.testng.internal.TestMethodWorker.run(TestMethodWorker.java:112)
	at org.testng.TestRunner.privateRun(TestRunner.java:756)
	at org.testng.TestRunner.run(TestRunner.java:610)
	at org.testng.SuiteRunner.runTest(SuiteRunner.java:387)
	at org.testng.SuiteRunner.runSequentially(SuiteRunner.java:382)
	at org.testng.SuiteRunner.privateRun(SuiteRunner.java:340)
	at org.testng.SuiteRunner.run(SuiteRunner.java:289)
	at org.testng.SuiteRunnerWorker.runSuite(SuiteRunnerWorker.java:52)
	at org.testng.SuiteRunnerWorker.run(SuiteRunnerWorker.java:86)
	at org.testng.TestNG.runSuitesSequentially(TestNG.java:1293)
	at org.testng.TestNG.runSuitesLocally(TestNG.java:1218)
	at org.testng.TestNG.runSuites(TestNG.java:1133)
	at org.testng.TestNG.run(TestNG.java:1104)
	at org.testng.TestNG.privateMain(TestNG.java:1434)
	at org.testng.TestNG.main(TestNG.java:1403)
</div></td></tr></table><p class="totop"><a href="#summary">back to summary</a></p><h3 id="m9">xuxiaochan.test.airwallex.BankInfoEndpointTest#bankInfoCollectEndpointRequest</h3><table class="result"><tr class="param"><th>Parameter #1</th><th>Parameter #2</th><th>Parameter #3</th><th>Parameter #4</th><th>Parameter #5</th><th>Parameter #6</th><th>Parameter #7</th><th>Parameter #8</th><th>Parameter #9</th><th>Parameter #10</th><th>Parameter #11</th><th>Parameter #12</th><th>Parameter #13</th><th>Parameter #14</th><th>Parameter #15</th><th>Parameter #16</th><th>Parameter #17</th></tr><tr class="param stripe"><td>58 optional field of bsb validate when bank_country_code is CN: pass</td><td>payment_method</td><td>SWIFT</td><td>bank_country_code</td><td>CN</td><td>account_name</td><td>John Smith</td><td>account_number</td><td>1234567890</td><td>swift_code</td><td>ICBCCNBJ</td><td>bsb</td><td>sjanaj</td><td>invalid_aba</td><td>11122233A</td><td>HTTP/1.1 200 OK</td><td>{&quot;success&quot;:&quot;Bank details saved&quot;}</td></tr><tr><th colspan="17">Exception</th></tr><tr><td colspan="17"><div class="stacktrace">java.lang.AssertionError: expected [{&quot;success&quot;:&quot;Bank details saved&quot;}] but found [{&quot;error&quot;:&quot;Length of account_number should be between 7 and 11 when bank_country_code is &apos;US&apos;&quot;}]
	at org.testng.Assert.fail(Assert.java:94)
	at org.testng.Assert.failNotEquals(Assert.java:513)
	at org.testng.Assert.assertEqualsImpl(Assert.java:135)
	at org.testng.Assert.assertEquals(Assert.java:116)
	at org.testng.Assert.assertEquals(Assert.java:190)
	at org.testng.Assert.assertEquals(Assert.java:200)
	at xuxiaochan.test.airwallex.BankInfoEndpointTest.bankInfoCollectEndpointRequest(BankInfoEndpointTest.java:140)
	at sun.reflect.GeneratedMethodAccessor1.invoke(Unknown Source)
	at sun.reflect.DelegatingMethodAccessorImpl.invoke(DelegatingMethodAccessorImpl.java:43)
	at java.lang.reflect.Method.invoke(Method.java:498)
	at org.testng.internal.MethodInvocationHelper.invokeMethod(MethodInvocationHelper.java:104)
	at org.testng.internal.Invoker.invokeMethod(Invoker.java:645)
	at org.testng.internal.Invoker.invokeTestMethod(Invoker.java:851)
	at org.testng.internal.Invoker.invokeTestMethods(Invoker.java:1177)
	at org.testng.internal.TestMethodWorker.invokeTestMethods(TestMethodWorker.java:129)
	at org.testng.internal.TestMethodWorker.run(TestMethodWorker.java:112)
	at org.testng.TestRunner.privateRun(TestRunner.java:756)
	at org.testng.TestRunner.run(TestRunner.java:610)
	at org.testng.SuiteRunner.runTest(SuiteRunner.java:387)
	at org.testng.SuiteRunner.runSequentially(SuiteRunner.java:382)
	at org.testng.SuiteRunner.privateRun(SuiteRunner.java:340)
	at org.testng.SuiteRunner.run(SuiteRunner.java:289)
	at org.testng.SuiteRunnerWorker.runSuite(SuiteRunnerWorker.java:52)
	at org.testng.SuiteRunnerWorker.run(SuiteRunnerWorker.java:86)
	at org.testng.TestNG.runSuitesSequentially(TestNG.java:1293)
	at org.testng.TestNG.runSuitesLocally(TestNG.java:1218)
	at org.testng.TestNG.runSuites(TestNG.java:1133)
	at org.testng.TestNG.run(TestNG.java:1104)
	at org.testng.TestNG.privateMain(TestNG.java:1434)
	at org.testng.TestNG.main(TestNG.java:1403)
</div></td></tr></table><p class="totop"><a href="#summary">back to summary</a></p><h3 id="m10">xuxiaochan.test.airwallex.BankInfoEndpointTest#bankInfoCollectEndpointRequest</h3><table class="result"><tr class="param"><th>Parameter #1</th><th>Parameter #2</th><th>Parameter #3</th><th>Parameter #4</th><th>Parameter #5</th><th>Parameter #6</th><th>Parameter #7</th><th>Parameter #8</th><th>Parameter #9</th><th>Parameter #10</th><th>Parameter #11</th><th>Parameter #12</th><th>Parameter #13</th><th>Parameter #14</th><th>Parameter #15</th><th>Parameter #16</th><th>Parameter #17</th></tr><tr class="param stripe"><td>38 the 5th character of swift_code validate when bank_country_code is CN: fail</td><td>payment_method</td><td>SWIFT</td><td>bank_country_code</td><td>CN</td><td>account_name</td><td>John Smith</td><td>account_number</td><td>1234567890</td><td>swift_code</td><td>ICBCBNBJ</td><td>invalid_bsb</td><td></td><td>aba</td><td>11122233A</td><td>HTTP/1.1 400 Bad Request</td><td>{&quot;error&quot;:&quot;The swift code is not valid for the given bank country code: CN&quot;}</td></tr><tr><th colspan="17">Exception</th></tr><tr><td colspan="17"><div class="stacktrace">java.lang.AssertionError: expected [{&quot;error&quot;:&quot;The swift code is not valid for the given bank country code: CN&quot;}] but found [{&quot;error&quot;:&quot;Length of account_number should be between 7 and 11 when bank_country_code is &apos;US&apos;&quot;}]
	at org.testng.Assert.fail(Assert.java:94)
	at org.testng.Assert.failNotEquals(Assert.java:513)
	at org.testng.Assert.assertEqualsImpl(Assert.java:135)
	at org.testng.Assert.assertEquals(Assert.java:116)
	at org.testng.Assert.assertEquals(Assert.java:190)
	at org.testng.Assert.assertEquals(Assert.java:200)
	at xuxiaochan.test.airwallex.BankInfoEndpointTest.bankInfoCollectEndpointRequest(BankInfoEndpointTest.java:140)
	at sun.reflect.GeneratedMethodAccessor1.invoke(Unknown Source)
	at sun.reflect.DelegatingMethodAccessorImpl.invoke(DelegatingMethodAccessorImpl.java:43)
	at java.lang.reflect.Method.invoke(Method.java:498)
	at org.testng.internal.MethodInvocationHelper.invokeMethod(MethodInvocationHelper.java:104)
	at org.testng.internal.Invoker.invokeMethod(Invoker.java:645)
	at org.testng.internal.Invoker.invokeTestMethod(Invoker.java:851)
	at org.testng.internal.Invoker.invokeTestMethods(Invoker.java:1177)
	at org.testng.internal.TestMethodWorker.invokeTestMethods(TestMethodWorker.java:129)
	at org.testng.internal.TestMethodWorker.run(TestMethodWorker.java:112)
	at org.testng.TestRunner.privateRun(TestRunner.java:756)
	at org.testng.TestRunner.run(TestRunner.java:610)
	at org.testng.SuiteRunner.runTest(SuiteRunner.java:387)
	at org.testng.SuiteRunner.runSequentially(SuiteRunner.java:382)
	at org.testng.SuiteRunner.privateRun(SuiteRunner.java:340)
	at org.testng.SuiteRunner.run(SuiteRunner.java:289)
	at org.testng.SuiteRunnerWorker.runSuite(SuiteRunnerWorker.java:52)
	at org.testng.SuiteRunnerWorker.run(SuiteRunnerWorker.java:86)
	at org.testng.TestNG.runSuitesSequentially(TestNG.java:1293)
	at org.testng.TestNG.runSuitesLocally(TestNG.java:1218)
	at org.testng.TestNG.runSuites(TestNG.java:1133)
	at org.testng.TestNG.run(TestNG.java:1104)
	at org.testng.TestNG.privateMain(TestNG.java:1434)
	at org.testng.TestNG.main(TestNG.java:1403)
</div></td></tr></table><p class="totop"><a href="#summary">back to summary</a></p><h3 id="m11">xuxiaochan.test.airwallex.BankInfoEndpointTest#bankInfoCollectEndpointRequest</h3><table class="result"><tr class="param"><th>Parameter #1</th><th>Parameter #2</th><th>Parameter #3</th><th>Parameter #4</th><th>Parameter #5</th><th>Parameter #6</th><th>Parameter #7</th><th>Parameter #8</th><th>Parameter #9</th><th>Parameter #10</th><th>Parameter #11</th><th>Parameter #12</th><th>Parameter #13</th><th>Parameter #14</th><th>Parameter #15</th><th>Parameter #16</th><th>Parameter #17</th></tr><tr class="param stripe"><td>26 length of account_number validate when bank_country_code is CN: 20 with invalid_abs</td><td>payment_method</td><td>SWIFT</td><td>bank_country_code</td><td>CN</td><td>account_name</td><td>John Smith</td><td>account_number</td><td>12321234567890987654</td><td>swift_code</td><td>ICBCCNBJ</td><td>invalid_bsb</td><td></td><td>invalid_aba</td><td>11122233A</td><td>HTTP/1.1 200 OK</td><td>{&quot;success&quot;:&quot;Bank details saved&quot;}</td></tr><tr><th colspan="17">Exception</th></tr><tr><td colspan="17"><div class="stacktrace">java.lang.AssertionError: expected [{&quot;success&quot;:&quot;Bank details saved&quot;}] but found [{&quot;error&quot;:&quot;Length of account_number should be between 7 and 11 when bank_country_code is &apos;US&apos;&quot;}]
	at org.testng.Assert.fail(Assert.java:94)
	at org.testng.Assert.failNotEquals(Assert.java:513)
	at org.testng.Assert.assertEqualsImpl(Assert.java:135)
	at org.testng.Assert.assertEquals(Assert.java:116)
	at org.testng.Assert.assertEquals(Assert.java:190)
	at org.testng.Assert.assertEquals(Assert.java:200)
	at xuxiaochan.test.airwallex.BankInfoEndpointTest.bankInfoCollectEndpointRequest(BankInfoEndpointTest.java:140)
	at sun.reflect.GeneratedMethodAccessor1.invoke(Unknown Source)
	at sun.reflect.DelegatingMethodAccessorImpl.invoke(DelegatingMethodAccessorImpl.java:43)
	at java.lang.reflect.Method.invoke(Method.java:498)
	at org.testng.internal.MethodInvocationHelper.invokeMethod(MethodInvocationHelper.java:104)
	at org.testng.internal.Invoker.invokeMethod(Invoker.java:645)
	at org.testng.internal.Invoker.invokeTestMethod(Invoker.java:851)
	at org.testng.internal.Invoker.invokeTestMethods(Invoker.java:1177)
	at org.testng.internal.TestMethodWorker.invokeTestMethods(TestMethodWorker.java:129)
	at org.testng.internal.TestMethodWorker.run(TestMethodWorker.java:112)
	at org.testng.TestRunner.privateRun(TestRunner.java:756)
	at org.testng.TestRunner.run(TestRunner.java:610)
	at org.testng.SuiteRunner.runTest(SuiteRunner.java:387)
	at org.testng.SuiteRunner.runSequentially(SuiteRunner.java:382)
	at org.testng.SuiteRunner.privateRun(SuiteRunner.java:340)
	at org.testng.SuiteRunner.run(SuiteRunner.java:289)
	at org.testng.SuiteRunnerWorker.runSuite(SuiteRunnerWorker.java:52)
	at org.testng.SuiteRunnerWorker.run(SuiteRunnerWorker.java:86)
	at org.testng.TestNG.runSuitesSequentially(TestNG.java:1293)
	at org.testng.TestNG.runSuitesLocally(TestNG.java:1218)
	at org.testng.TestNG.runSuites(TestNG.java:1133)
	at org.testng.TestNG.run(TestNG.java:1104)
	at org.testng.TestNG.privateMain(TestNG.java:1434)
	at org.testng.TestNG.main(TestNG.java:1403)
</div></td></tr></table><p class="totop"><a href="#summary">back to summary</a></p><h3 id="m12">xuxiaochan.test.airwallex.BankInfoEndpointTest#bankInfoCollectEndpointRequest</h3><table class="result"><tr class="param"><th>Parameter #1</th><th>Parameter #2</th><th>Parameter #3</th><th>Parameter #4</th><th>Parameter #5</th><th>Parameter #6</th><th>Parameter #7</th><th>Parameter #8</th><th>Parameter #9</th><th>Parameter #10</th><th>Parameter #11</th><th>Parameter #12</th><th>Parameter #13</th><th>Parameter #14</th><th>Parameter #15</th><th>Parameter #16</th><th>Parameter #17</th></tr><tr class="param stripe"><td>49 optional field of bsb validate when bank_country_code is CN: pass with invalid_bsb</td><td>payment_method</td><td>SWIFT</td><td>bank_country_code</td><td>CN</td><td>account_name</td><td>John Smith</td><td>account_number</td><td>1234567890</td><td>swift_code</td><td>ICBCCNBJ</td><td>invalid_bsb</td><td></td><td>aba</td><td>11122233A</td><td>HTTP/1.1 200 OK</td><td>{&quot;success&quot;:&quot;Bank details saved&quot;}</td></tr><tr><th colspan="17">Exception</th></tr><tr><td colspan="17"><div class="stacktrace">java.lang.AssertionError: expected [{&quot;success&quot;:&quot;Bank details saved&quot;}] but found [{&quot;error&quot;:&quot;Length of account_number should be between 7 and 11 when bank_country_code is &apos;US&apos;&quot;}]
	at org.testng.Assert.fail(Assert.java:94)
	at org.testng.Assert.failNotEquals(Assert.java:513)
	at org.testng.Assert.assertEqualsImpl(Assert.java:135)
	at org.testng.Assert.assertEquals(Assert.java:116)
	at org.testng.Assert.assertEquals(Assert.java:190)
	at org.testng.Assert.assertEquals(Assert.java:200)
	at xuxiaochan.test.airwallex.BankInfoEndpointTest.bankInfoCollectEndpointRequest(BankInfoEndpointTest.java:140)
	at sun.reflect.GeneratedMethodAccessor1.invoke(Unknown Source)
	at sun.reflect.DelegatingMethodAccessorImpl.invoke(DelegatingMethodAccessorImpl.java:43)
	at java.lang.reflect.Method.invoke(Method.java:498)
	at org.testng.internal.MethodInvocationHelper.invokeMethod(MethodInvocationHelper.java:104)
	at org.testng.internal.Invoker.invokeMethod(Invoker.java:645)
	at org.testng.internal.Invoker.invokeTestMethod(Invoker.java:851)
	at org.testng.internal.Invoker.invokeTestMethods(Invoker.java:1177)
	at org.testng.internal.TestMethodWorker.invokeTestMethods(TestMethodWorker.java:129)
	at org.testng.internal.TestMethodWorker.run(TestMethodWorker.java:112)
	at org.testng.TestRunner.privateRun(TestRunner.java:756)
	at org.testng.TestRunner.run(TestRunner.java:610)
	at org.testng.SuiteRunner.runTest(SuiteRunner.java:387)
	at org.testng.SuiteRunner.runSequentially(SuiteRunner.java:382)
	at org.testng.SuiteRunner.privateRun(SuiteRunner.java:340)
	at org.testng.SuiteRunner.run(SuiteRunner.java:289)
	at org.testng.SuiteRunnerWorker.runSuite(SuiteRunnerWorker.java:52)
	at org.testng.SuiteRunnerWorker.run(SuiteRunnerWorker.java:86)
	at org.testng.TestNG.runSuitesSequentially(TestNG.java:1293)
	at org.testng.TestNG.runSuitesLocally(TestNG.java:1218)
	at org.testng.TestNG.runSuites(TestNG.java:1133)
	at org.testng.TestNG.run(TestNG.java:1104)
	at org.testng.TestNG.privateMain(TestNG.java:1434)
	at org.testng.TestNG.main(TestNG.java:1403)
</div></td></tr></table><p class="totop"><a href="#summary">back to summary</a></p><h3 id="m13">xuxiaochan.test.airwallex.BankInfoEndpointTest#bankInfoCollectEndpointRequest</h3><table class="result"><tr class="param"><th>Parameter #1</th><th>Parameter #2</th><th>Parameter #3</th><th>Parameter #4</th><th>Parameter #5</th><th>Parameter #6</th><th>Parameter #7</th><th>Parameter #8</th><th>Parameter #9</th><th>Parameter #10</th><th>Parameter #11</th><th>Parameter #12</th><th>Parameter #13</th><th>Parameter #14</th><th>Parameter #15</th><th>Parameter #16</th><th>Parameter #17</th></tr><tr class="param stripe"><td>43 the length of swift_code validate: 10</td><td>payment_method</td><td>SWIFT</td><td>bank_country_code</td><td>US</td><td>account_name</td><td>John Smith</td><td>account_number</td><td>1234567890</td><td>swift_code</td><td>ICBCUSBUDA</td><td>invalid_bsb</td><td></td><td>aba</td><td>11122233A</td><td>HTTP/1.1 400 Bad Request</td><td>{&quot;error&quot;:&quot;Length of &apos;swift_code&apos; should be either 8 or 11&quot;}</td></tr><tr><th colspan="17">Exception</th></tr><tr><td colspan="17"><div class="stacktrace">java.lang.AssertionError: expected [{&quot;error&quot;:&quot;Length of &apos;swift_code&apos; should be either 8 or 11&quot;}] but found [{&quot;success&quot;:&quot;Bank details saved&quot;}]
	at org.testng.Assert.fail(Assert.java:94)
	at org.testng.Assert.failNotEquals(Assert.java:513)
	at org.testng.Assert.assertEqualsImpl(Assert.java:135)
	at org.testng.Assert.assertEquals(Assert.java:116)
	at org.testng.Assert.assertEquals(Assert.java:190)
	at org.testng.Assert.assertEquals(Assert.java:200)
	at xuxiaochan.test.airwallex.BankInfoEndpointTest.bankInfoCollectEndpointRequest(BankInfoEndpointTest.java:140)
	at sun.reflect.GeneratedMethodAccessor1.invoke(Unknown Source)
	at sun.reflect.DelegatingMethodAccessorImpl.invoke(DelegatingMethodAccessorImpl.java:43)
	at java.lang.reflect.Method.invoke(Method.java:498)
	at org.testng.internal.MethodInvocationHelper.invokeMethod(MethodInvocationHelper.java:104)
	at org.testng.internal.Invoker.invokeMethod(Invoker.java:645)
	at org.testng.internal.Invoker.invokeTestMethod(Invoker.java:851)
	at org.testng.internal.Invoker.invokeTestMethods(Invoker.java:1177)
	at org.testng.internal.TestMethodWorker.invokeTestMethods(TestMethodWorker.java:129)
	at org.testng.internal.TestMethodWorker.run(TestMethodWorker.java:112)
	at org.testng.TestRunner.privateRun(TestRunner.java:756)
	at org.testng.TestRunner.run(TestRunner.java:610)
	at org.testng.SuiteRunner.runTest(SuiteRunner.java:387)
	at org.testng.SuiteRunner.runSequentially(SuiteRunner.java:382)
	at org.testng.SuiteRunner.privateRun(SuiteRunner.java:340)
	at org.testng.SuiteRunner.run(SuiteRunner.java:289)
	at org.testng.SuiteRunnerWorker.runSuite(SuiteRunnerWorker.java:52)
	at org.testng.SuiteRunnerWorker.run(SuiteRunnerWorker.java:86)
	at org.testng.TestNG.runSuitesSequentially(TestNG.java:1293)
	at org.testng.TestNG.runSuitesLocally(TestNG.java:1218)
	at org.testng.TestNG.runSuites(TestNG.java:1133)
	at org.testng.TestNG.run(TestNG.java:1104)
	at org.testng.TestNG.privateMain(TestNG.java:1434)
	at org.testng.TestNG.main(TestNG.java:1403)
</div></td></tr></table><p class="totop"><a href="#summary">back to summary</a></p><h3 id="m14">xuxiaochan.test.airwallex.BankInfoEndpointTest#bankInfoCollectEndpointRequest</h3><table class="result"><tr class="param"><th>Parameter #1</th><th>Parameter #2</th><th>Parameter #3</th><th>Parameter #4</th><th>Parameter #5</th><th>Parameter #6</th><th>Parameter #7</th><th>Parameter #8</th><th>Parameter #9</th><th>Parameter #10</th><th>Parameter #11</th><th>Parameter #12</th><th>Parameter #13</th><th>Parameter #14</th><th>Parameter #15</th><th>Parameter #16</th><th>Parameter #17</th></tr><tr class="param stripe"><td>54 mandatory field of aba validate when bank_country_code is US with invalid_aba: fail</td><td>payment_method</td><td>SWIFT</td><td>bank_country_code</td><td>US</td><td>account_name</td><td>John Smith</td><td>account_number</td><td>1234567890</td><td>swift_code</td><td>ICBCUSBJ</td><td>invalid_bsb</td><td>aacrtu</td><td>invalid_aba</td><td>11122233A</td><td>HTTP/1.1 400 Bad Request</td><td>{&quot;error&quot;:&quot;&apos;aba&apos; is required when bank country code is US&quot;}</td></tr><tr><th colspan="17">Exception</th></tr><tr><td colspan="17"><div class="stacktrace">java.lang.AssertionError: expected [{&quot;error&quot;:&quot;&apos;aba&apos; is required when bank country code is US&quot;}] but found [{&quot;success&quot;:&quot;Bank details saved&quot;}]
	at org.testng.Assert.fail(Assert.java:94)
	at org.testng.Assert.failNotEquals(Assert.java:513)
	at org.testng.Assert.assertEqualsImpl(Assert.java:135)
	at org.testng.Assert.assertEquals(Assert.java:116)
	at org.testng.Assert.assertEquals(Assert.java:190)
	at org.testng.Assert.assertEquals(Assert.java:200)
	at xuxiaochan.test.airwallex.BankInfoEndpointTest.bankInfoCollectEndpointRequest(BankInfoEndpointTest.java:140)
	at sun.reflect.GeneratedMethodAccessor1.invoke(Unknown Source)
	at sun.reflect.DelegatingMethodAccessorImpl.invoke(DelegatingMethodAccessorImpl.java:43)
	at java.lang.reflect.Method.invoke(Method.java:498)
	at org.testng.internal.MethodInvocationHelper.invokeMethod(MethodInvocationHelper.java:104)
	at org.testng.internal.Invoker.invokeMethod(Invoker.java:645)
	at org.testng.internal.Invoker.invokeTestMethod(Invoker.java:851)
	at org.testng.internal.Invoker.invokeTestMethods(Invoker.java:1177)
	at org.testng.internal.TestMethodWorker.invokeTestMethods(TestMethodWorker.java:129)
	at org.testng.internal.TestMethodWorker.run(TestMethodWorker.java:112)
	at org.testng.TestRunner.privateRun(TestRunner.java:756)
	at org.testng.TestRunner.run(TestRunner.java:610)
	at org.testng.SuiteRunner.runTest(SuiteRunner.java:387)
	at org.testng.SuiteRunner.runSequentially(SuiteRunner.java:382)
	at org.testng.SuiteRunner.privateRun(SuiteRunner.java:340)
	at org.testng.SuiteRunner.run(SuiteRunner.java:289)
	at org.testng.SuiteRunnerWorker.runSuite(SuiteRunnerWorker.java:52)
	at org.testng.SuiteRunnerWorker.run(SuiteRunnerWorker.java:86)
	at org.testng.TestNG.runSuitesSequentially(TestNG.java:1293)
	at org.testng.TestNG.runSuitesLocally(TestNG.java:1218)
	at org.testng.TestNG.runSuites(TestNG.java:1133)
	at org.testng.TestNG.run(TestNG.java:1104)
	at org.testng.TestNG.privateMain(TestNG.java:1434)
	at org.testng.TestNG.main(TestNG.java:1403)
</div></td></tr></table><p class="totop"><a href="#summary">back to summary</a></p><h3 id="m15">xuxiaochan.test.airwallex.BankInfoEndpointTest#bankInfoCollectEndpointRequest</h3><table class="result"><tr class="param"><th>Parameter #1</th><th>Parameter #2</th><th>Parameter #3</th><th>Parameter #4</th><th>Parameter #5</th><th>Parameter #6</th><th>Parameter #7</th><th>Parameter #8</th><th>Parameter #9</th><th>Parameter #10</th><th>Parameter #11</th><th>Parameter #12</th><th>Parameter #13</th><th>Parameter #14</th><th>Parameter #15</th><th>Parameter #16</th><th>Parameter #17</th></tr><tr class="param stripe"><td>57 optional field of bsb validate when bank_country_code is CN: pass wtih aba</td><td>payment_method</td><td>SWIFT</td><td>bank_country_code</td><td>CN</td><td>account_name</td><td>John Smith</td><td>account_number</td><td>1234567890</td><td>swift_code</td><td>ICBCCNBJ</td><td>invalid_bsb</td><td></td><td>aba</td><td>11122233A</td><td>HTTP/1.1 200 OK</td><td>{&quot;success&quot;:&quot;Bank details saved&quot;}</td></tr><tr><th colspan="17">Exception</th></tr><tr><td colspan="17"><div class="stacktrace">java.lang.AssertionError: expected [{&quot;success&quot;:&quot;Bank details saved&quot;}] but found [{&quot;error&quot;:&quot;Length of account_number should be between 7 and 11 when bank_country_code is &apos;US&apos;&quot;}]
	at org.testng.Assert.fail(Assert.java:94)
	at org.testng.Assert.failNotEquals(Assert.java:513)
	at org.testng.Assert.assertEqualsImpl(Assert.java:135)
	at org.testng.Assert.assertEquals(Assert.java:116)
	at org.testng.Assert.assertEquals(Assert.java:190)
	at org.testng.Assert.assertEquals(Assert.java:200)
	at xuxiaochan.test.airwallex.BankInfoEndpointTest.bankInfoCollectEndpointRequest(BankInfoEndpointTest.java:140)
	at sun.reflect.GeneratedMethodAccessor1.invoke(Unknown Source)
	at sun.reflect.DelegatingMethodAccessorImpl.invoke(DelegatingMethodAccessorImpl.java:43)
	at java.lang.reflect.Method.invoke(Method.java:498)
	at org.testng.internal.MethodInvocationHelper.invokeMethod(MethodInvocationHelper.java:104)
	at org.testng.internal.Invoker.invokeMethod(Invoker.java:645)
	at org.testng.internal.Invoker.invokeTestMethod(Invoker.java:851)
	at org.testng.internal.Invoker.invokeTestMethods(Invoker.java:1177)
	at org.testng.internal.TestMethodWorker.invokeTestMethods(TestMethodWorker.java:129)
	at org.testng.internal.TestMethodWorker.run(TestMethodWorker.java:112)
	at org.testng.TestRunner.privateRun(TestRunner.java:756)
	at org.testng.TestRunner.run(TestRunner.java:610)
	at org.testng.SuiteRunner.runTest(SuiteRunner.java:387)
	at org.testng.SuiteRunner.runSequentially(SuiteRunner.java:382)
	at org.testng.SuiteRunner.privateRun(SuiteRunner.java:340)
	at org.testng.SuiteRunner.run(SuiteRunner.java:289)
	at org.testng.SuiteRunnerWorker.runSuite(SuiteRunnerWorker.java:52)
	at org.testng.SuiteRunnerWorker.run(SuiteRunnerWorker.java:86)
	at org.testng.TestNG.runSuitesSequentially(TestNG.java:1293)
	at org.testng.TestNG.runSuitesLocally(TestNG.java:1218)
	at org.testng.TestNG.runSuites(TestNG.java:1133)
	at org.testng.TestNG.run(TestNG.java:1104)
	at org.testng.TestNG.privateMain(TestNG.java:1434)
	at org.testng.TestNG.main(TestNG.java:1403)
</div></td></tr></table><p class="totop"><a href="#summary">back to summary</a></p><h3 id="m16">xuxiaochan.test.airwallex.BankInfoEndpointTest#bankInfoCollectEndpointRequest</h3><table class="result"><tr class="param"><th>Parameter #1</th><th>Parameter #2</th><th>Parameter #3</th><th>Parameter #4</th><th>Parameter #5</th><th>Parameter #6</th><th>Parameter #7</th><th>Parameter #8</th><th>Parameter #9</th><th>Parameter #10</th><th>Parameter #11</th><th>Parameter #12</th><th>Parameter #13</th><th>Parameter #14</th><th>Parameter #15</th><th>Parameter #16</th><th>Parameter #17</th></tr><tr class="param stripe"><td>20 length of account_number validate when bank_country_code is AU: 5</td><td>payment_method</td><td>SWIFT</td><td>bank_country_code</td><td>AU</td><td>account_name</td><td>John Smith</td><td>account_number</td><td>12312</td><td>swift_code</td><td>ICBCAUBJ</td><td>bsb</td><td>zxzasa</td><td>aba</td><td>11122233A</td><td>HTTP/1.1 400 Bad Request</td><td>{&quot;error&quot;:&quot;Length of account_number should be between 6 and 9 when bank_country_code is &apos;AU&apos;&quot;}</td></tr><tr><th colspan="17">Exception</th></tr><tr><td colspan="17"><div class="stacktrace">java.lang.AssertionError: expected [{&quot;error&quot;:&quot;Length of account_number should be between 6 and 9 when bank_country_code is &apos;AU&apos;&quot;}] but found [{&quot;error&quot;:&quot;Length of account_number should be between 7 and 11 when bank_country_code is &apos;US&apos;&quot;}]
	at org.testng.Assert.fail(Assert.java:94)
	at org.testng.Assert.failNotEquals(Assert.java:513)
	at org.testng.Assert.assertEqualsImpl(Assert.java:135)
	at org.testng.Assert.assertEquals(Assert.java:116)
	at org.testng.Assert.assertEquals(Assert.java:190)
	at org.testng.Assert.assertEquals(Assert.java:200)
	at xuxiaochan.test.airwallex.BankInfoEndpointTest.bankInfoCollectEndpointRequest(BankInfoEndpointTest.java:140)
	at sun.reflect.GeneratedMethodAccessor1.invoke(Unknown Source)
	at sun.reflect.DelegatingMethodAccessorImpl.invoke(DelegatingMethodAccessorImpl.java:43)
	at java.lang.reflect.Method.invoke(Method.java:498)
	at org.testng.internal.MethodInvocationHelper.invokeMethod(MethodInvocationHelper.java:104)
	at org.testng.internal.Invoker.invokeMethod(Invoker.java:645)
	at org.testng.internal.Invoker.invokeTestMethod(Invoker.java:851)
	at org.testng.internal.Invoker.invokeTestMethods(Invoker.java:1177)
	at org.testng.internal.TestMethodWorker.invokeTestMethods(TestMethodWorker.java:129)
	at org.testng.internal.TestMethodWorker.run(TestMethodWorker.java:112)
	at org.testng.TestRunner.privateRun(TestRunner.java:756)
	at org.testng.TestRunner.run(TestRunner.java:610)
	at org.testng.SuiteRunner.runTest(SuiteRunner.java:387)
	at org.testng.SuiteRunner.runSequentially(SuiteRunner.java:382)
	at org.testng.SuiteRunner.privateRun(SuiteRunner.java:340)
	at org.testng.SuiteRunner.run(SuiteRunner.java:289)
	at org.testng.SuiteRunnerWorker.runSuite(SuiteRunnerWorker.java:52)
	at org.testng.SuiteRunnerWorker.run(SuiteRunnerWorker.java:86)
	at org.testng.TestNG.runSuitesSequentially(TestNG.java:1293)
	at org.testng.TestNG.runSuitesLocally(TestNG.java:1218)
	at org.testng.TestNG.runSuites(TestNG.java:1133)
	at org.testng.TestNG.run(TestNG.java:1104)
	at org.testng.TestNG.privateMain(TestNG.java:1434)
	at org.testng.TestNG.main(TestNG.java:1403)
</div></td></tr></table><p class="totop"><a href="#summary">back to summary</a></p><h3 id="m17">xuxiaochan.test.airwallex.BankInfoEndpointTest#bankInfoCollectEndpointRequest</h3><table class="result"><tr class="param"><th>Parameter #1</th><th>Parameter #2</th><th>Parameter #3</th><th>Parameter #4</th><th>Parameter #5</th><th>Parameter #6</th><th>Parameter #7</th><th>Parameter #8</th><th>Parameter #9</th><th>Parameter #10</th><th>Parameter #11</th><th>Parameter #12</th><th>Parameter #13</th><th>Parameter #14</th><th>Parameter #15</th><th>Parameter #16</th><th>Parameter #17</th></tr><tr class="param stripe"><td>39 the 6th character of swift_code validate when bank_country_code is CN: fail</td><td>payment_method</td><td>SWIFT</td><td>bank_country_code</td><td>CN</td><td>account_name</td><td>John Smith</td><td>account_number</td><td>1234567890</td><td>swift_code</td><td>ICBCCABJ</td><td>invalid_bsb</td><td></td><td>aba</td><td>11122233A</td><td>HTTP/1.1 400 Bad Request</td><td>{&quot;error&quot;:&quot;The swift code is not valid for the given bank country code: CN&quot;}</td></tr><tr><th colspan="17">Exception</th></tr><tr><td colspan="17"><div class="stacktrace">java.lang.AssertionError: expected [{&quot;error&quot;:&quot;The swift code is not valid for the given bank country code: CN&quot;}] but found [{&quot;error&quot;:&quot;Length of account_number should be between 7 and 11 when bank_country_code is &apos;US&apos;&quot;}]
	at org.testng.Assert.fail(Assert.java:94)
	at org.testng.Assert.failNotEquals(Assert.java:513)
	at org.testng.Assert.assertEqualsImpl(Assert.java:135)
	at org.testng.Assert.assertEquals(Assert.java:116)
	at org.testng.Assert.assertEquals(Assert.java:190)
	at org.testng.Assert.assertEquals(Assert.java:200)
	at xuxiaochan.test.airwallex.BankInfoEndpointTest.bankInfoCollectEndpointRequest(BankInfoEndpointTest.java:140)
	at sun.reflect.GeneratedMethodAccessor1.invoke(Unknown Source)
	at sun.reflect.DelegatingMethodAccessorImpl.invoke(DelegatingMethodAccessorImpl.java:43)
	at java.lang.reflect.Method.invoke(Method.java:498)
	at org.testng.internal.MethodInvocationHelper.invokeMethod(MethodInvocationHelper.java:104)
	at org.testng.internal.Invoker.invokeMethod(Invoker.java:645)
	at org.testng.internal.Invoker.invokeTestMethod(Invoker.java:851)
	at org.testng.internal.Invoker.invokeTestMethods(Invoker.java:1177)
	at org.testng.internal.TestMethodWorker.invokeTestMethods(TestMethodWorker.java:129)
	at org.testng.internal.TestMethodWorker.run(TestMethodWorker.java:112)
	at org.testng.TestRunner.privateRun(TestRunner.java:756)
	at org.testng.TestRunner.run(TestRunner.java:610)
	at org.testng.SuiteRunner.runTest(SuiteRunner.java:387)
	at org.testng.SuiteRunner.runSequentially(SuiteRunner.java:382)
	at org.testng.SuiteRunner.privateRun(SuiteRunner.java:340)
	at org.testng.SuiteRunner.run(SuiteRunner.java:289)
	at org.testng.SuiteRunnerWorker.runSuite(SuiteRunnerWorker.java:52)
	at org.testng.SuiteRunnerWorker.run(SuiteRunnerWorker.java:86)
	at org.testng.TestNG.runSuitesSequentially(TestNG.java:1293)
	at org.testng.TestNG.runSuitesLocally(TestNG.java:1218)
	at org.testng.TestNG.runSuites(TestNG.java:1133)
	at org.testng.TestNG.run(TestNG.java:1104)
	at org.testng.TestNG.privateMain(TestNG.java:1434)
	at org.testng.TestNG.main(TestNG.java:1403)
</div></td></tr></table><p class="totop"><a href="#summary">back to summary</a></p><h3 id="m18">xuxiaochan.test.airwallex.BankInfoEndpointTest#bankInfoCollectEndpointRequest</h3><table class="result"><tr class="param"><th>Parameter #1</th><th>Parameter #2</th><th>Parameter #3</th><th>Parameter #4</th><th>Parameter #5</th><th>Parameter #6</th><th>Parameter #7</th><th>Parameter #8</th><th>Parameter #9</th><th>Parameter #10</th><th>Parameter #11</th><th>Parameter #12</th><th>Parameter #13</th><th>Parameter #14</th><th>Parameter #15</th><th>Parameter #16</th><th>Parameter #17</th></tr><tr class="param stripe"><td>16 length of account_number validate when bank_country_code is US: 18</td><td>payment_method</td><td>SWIFT</td><td>bank_country_code</td><td>US</td><td>account_name</td><td>John Smith</td><td>account_number</td><td>123456989112345678</td><td>swift_code</td><td>ICBCUSBJ</td><td>invalid_bsb</td><td></td><td>aba</td><td>11122233A</td><td>HTTP/1.1 400 Bad Request</td><td>{&quot;error&quot;:&quot;Length of account_number should be between 1 and 17 when bank_country_code is &apos;US&apos;&quot;}</td></tr><tr><th colspan="17">Exception</th></tr><tr><td colspan="17"><div class="stacktrace">java.lang.AssertionError: expected [{&quot;error&quot;:&quot;Length of account_number should be between 1 and 17 when bank_country_code is &apos;US&apos;&quot;}] but found [{&quot;error&quot;:&quot;Length of account_number should be between 7 and 11 when bank_country_code is &apos;US&apos;&quot;}]
	at org.testng.Assert.fail(Assert.java:94)
	at org.testng.Assert.failNotEquals(Assert.java:513)
	at org.testng.Assert.assertEqualsImpl(Assert.java:135)
	at org.testng.Assert.assertEquals(Assert.java:116)
	at org.testng.Assert.assertEquals(Assert.java:190)
	at org.testng.Assert.assertEquals(Assert.java:200)
	at xuxiaochan.test.airwallex.BankInfoEndpointTest.bankInfoCollectEndpointRequest(BankInfoEndpointTest.java:140)
	at sun.reflect.NativeMethodAccessorImpl.invoke0(Native Method)
	at sun.reflect.NativeMethodAccessorImpl.invoke(NativeMethodAccessorImpl.java:62)
	at sun.reflect.DelegatingMethodAccessorImpl.invoke(DelegatingMethodAccessorImpl.java:43)
	at java.lang.reflect.Method.invoke(Method.java:498)
	at org.testng.internal.MethodInvocationHelper.invokeMethod(MethodInvocationHelper.java:104)
	at org.testng.internal.Invoker.invokeMethod(Invoker.java:645)
	at org.testng.internal.Invoker.invokeTestMethod(Invoker.java:851)
	at org.testng.internal.Invoker.invokeTestMethods(Invoker.java:1177)
	at org.testng.internal.TestMethodWorker.invokeTestMethods(TestMethodWorker.java:129)
	at org.testng.internal.TestMethodWorker.run(TestMethodWorker.java:112)
	at org.testng.TestRunner.privateRun(TestRunner.java:756)
	at org.testng.TestRunner.run(TestRunner.java:610)
	at org.testng.SuiteRunner.runTest(SuiteRunner.java:387)
	at org.testng.SuiteRunner.runSequentially(SuiteRunner.java:382)
	at org.testng.SuiteRunner.privateRun(SuiteRunner.java:340)
	at org.testng.SuiteRunner.run(SuiteRunner.java:289)
	at org.testng.SuiteRunnerWorker.runSuite(SuiteRunnerWorker.java:52)
	at org.testng.SuiteRunnerWorker.run(SuiteRunnerWorker.java:86)
	at org.testng.TestNG.runSuitesSequentially(TestNG.java:1293)
	at org.testng.TestNG.runSuitesLocally(TestNG.java:1218)
	at org.testng.TestNG.runSuites(TestNG.java:1133)
	at org.testng.TestNG.run(TestNG.java:1104)
	at org.testng.TestNG.privateMain(TestNG.java:1434)
	at org.testng.TestNG.main(TestNG.java:1403)
</div></td></tr></table><p class="totop"><a href="#summary">back to summary</a></p><h3 id="m19">xuxiaochan.test.airwallex.BankInfoEndpointTest#bankInfoCollectEndpointRequest</h3><table class="result"><tr class="param"><th>Parameter #1</th><th>Parameter #2</th><th>Parameter #3</th><th>Parameter #4</th><th>Parameter #5</th><th>Parameter #6</th><th>Parameter #7</th><th>Parameter #8</th><th>Parameter #9</th><th>Parameter #10</th><th>Parameter #11</th><th>Parameter #12</th><th>Parameter #13</th><th>Parameter #14</th><th>Parameter #15</th><th>Parameter #16</th><th>Parameter #17</th></tr><tr class="param stripe"><td>39.1 the 6th character of swift_code validate when bank_country_code is CN: fail</td><td>payment_method</td><td>SWIFT</td><td>bank_country_code</td><td>CN</td><td>account_name</td><td>John Smith</td><td>account_number</td><td>1234567</td><td>swift_code</td><td>ICBCCABJ</td><td>invalid_bsb</td><td></td><td>aba</td><td>11122233A</td><td>HTTP/1.1 400 Bad Request</td><td>{&quot;error&quot;:&quot;The swift code is not valid for the given bank country code: CN&quot;}</td></tr></table><p class="totop"><a href="#summary">back to summary</a></p><h3 id="m20">xuxiaochan.test.airwallex.BankInfoEndpointTest#bankInfoCollectEndpointRequest</h3><table class="result"><tr class="param"><th>Parameter #1</th><th>Parameter #2</th><th>Parameter #3</th><th>Parameter #4</th><th>Parameter #5</th><th>Parameter #6</th><th>Parameter #7</th><th>Parameter #8</th><th>Parameter #9</th><th>Parameter #10</th><th>Parameter #11</th><th>Parameter #12</th><th>Parameter #13</th><th>Parameter #14</th><th>Parameter #15</th><th>Parameter #16</th><th>Parameter #17</th></tr><tr class="param stripe"><td>5 mandatory field validate: account_name</td><td>payment_method</td><td>SWIFT</td><td>bank_country_code</td><td>US</td><td>invalid_account_name</td><td>John Smith</td><td>account_number</td><td>123</td><td>swift_code</td><td>ICBCUSBJ</td><td>invalid_bsb</td><td></td><td>aba</td><td>11122233A</td><td>HTTP/1.1 400 Bad Request</td><td>{&quot;error&quot;:&quot;&apos;account_name&apos; is required&quot;}</td></tr></table><p class="totop"><a href="#summary">back to summary</a></p><h3 id="m21">xuxiaochan.test.airwallex.BankInfoEndpointTest#bankInfoCollectEndpointRequest</h3><table class="result"><tr class="param"><th>Parameter #1</th><th>Parameter #2</th><th>Parameter #3</th><th>Parameter #4</th><th>Parameter #5</th><th>Parameter #6</th><th>Parameter #7</th><th>Parameter #8</th><th>Parameter #9</th><th>Parameter #10</th><th>Parameter #11</th><th>Parameter #12</th><th>Parameter #13</th><th>Parameter #14</th><th>Parameter #15</th><th>Parameter #16</th><th>Parameter #17</th></tr><tr class="param stripe"><td>25.2 length of account_number validate when bank_country_code is CN: 10</td><td>payment_method</td><td>SWIFT</td><td>bank_country_code</td><td>CN</td><td>account_name</td><td>John Smith</td><td>account_number</td><td>11234523</td><td>swift_code</td><td>ICBCCNBJ</td><td>invalid_bsb</td><td></td><td>aba</td><td>11122233A</td><td>HTTP/1.1 200 OK</td><td>{&quot;success&quot;:&quot;Bank details saved&quot;}</td></tr></table><p class="totop"><a href="#summary">back to summary</a></p><h3 id="m22">xuxiaochan.test.airwallex.BankInfoEndpointTest#bankInfoCollectEndpointRequest</h3><table class="result"><tr class="param"><th>Parameter #1</th><th>Parameter #2</th><th>Parameter #3</th><th>Parameter #4</th><th>Parameter #5</th><th>Parameter #6</th><th>Parameter #7</th><th>Parameter #8</th><th>Parameter #9</th><th>Parameter #10</th><th>Parameter #11</th><th>Parameter #12</th><th>Parameter #13</th><th>Parameter #14</th><th>Parameter #15</th><th>Parameter #16</th><th>Parameter #17</th></tr><tr class="param stripe"><td>17 account_number include number &amp; letter validate when bank_country_code is US</td><td>payment_method</td><td>SWIFT</td><td>bank_country_code</td><td>US</td><td>account_name</td><td>John Smith</td><td>account_number</td><td>1234569891123asff</td><td>swift_code</td><td>ICBCUSBJ</td><td>invalid_bsb</td><td></td><td>aba</td><td>11122233A</td><td>HTTP/1.1 200 OK</td><td>{&quot;success&quot;:&quot;Bank details saved&quot;}</td></tr></table><p class="totop"><a href="#summary">back to summary</a></p><h3 id="m23">xuxiaochan.test.airwallex.BankInfoEndpointTest#bankInfoCollectEndpointRequest</h3><table class="result"><tr class="param"><th>Parameter #1</th><th>Parameter #2</th><th>Parameter #3</th><th>Parameter #4</th><th>Parameter #5</th><th>Parameter #6</th><th>Parameter #7</th><th>Parameter #8</th><th>Parameter #9</th><th>Parameter #10</th><th>Parameter #11</th><th>Parameter #12</th><th>Parameter #13</th><th>Parameter #14</th><th>Parameter #15</th><th>Parameter #16</th><th>Parameter #17</th></tr><tr class="param stripe"><td>10 account_name includes every kind of characters</td><td>payment_method</td><td>SWIFT</td><td>bank_country_code</td><td>US</td><td>account_name</td><td>1@*Jo ä¸­.</td><td>account_number</td><td>123</td><td>swift_code</td><td>ICBCUSBJ</td><td>invalid_bsb</td><td></td><td>aba</td><td>11122233A</td><td>HTTP/1.1 200 OK</td><td>{&quot;success&quot;:&quot;Bank details saved&quot;}</td></tr></table><p class="totop"><a href="#summary">back to summary</a></p><h3 id="m24">xuxiaochan.test.airwallex.BankInfoEndpointTest#bankInfoCollectEndpointRequest</h3><table class="result"><tr class="param"><th>Parameter #1</th><th>Parameter #2</th><th>Parameter #3</th><th>Parameter #4</th><th>Parameter #5</th><th>Parameter #6</th><th>Parameter #7</th><th>Parameter #8</th><th>Parameter #9</th><th>Parameter #10</th><th>Parameter #11</th><th>Parameter #12</th><th>Parameter #13</th><th>Parameter #14</th><th>Parameter #15</th><th>Parameter #16</th><th>Parameter #17</th></tr><tr class="param stripe"><td>52 length of bsb field validate: 7</td><td>payment_method</td><td>SWIFT</td><td>bank_country_code</td><td>AU</td><td>account_name</td><td>John Smith</td><td>account_number</td><td>12345690</td><td>swift_code</td><td>ICBCAUBJ</td><td>bsb</td><td>aacrtuw</td><td>aba</td><td>11122233A</td><td>HTTP/1.1 400 Bad Request</td><td>{&quot;error&quot;:&quot;Length of &apos;bsb&apos; should be 6&quot;}</td></tr></table><p class="totop"><a href="#summary">back to summary</a></p><h3 id="m25">xuxiaochan.test.airwallex.BankInfoEndpointTest#bankInfoCollectEndpointRequest</h3><table class="result"><tr class="param"><th>Parameter #1</th><th>Parameter #2</th><th>Parameter #3</th><th>Parameter #4</th><th>Parameter #5</th><th>Parameter #6</th><th>Parameter #7</th><th>Parameter #8</th><th>Parameter #9</th><th>Parameter #10</th><th>Parameter #11</th><th>Parameter #12</th><th>Parameter #13</th><th>Parameter #14</th><th>Parameter #15</th><th>Parameter #16</th><th>Parameter #17</th></tr><tr class="param stripe"><td>25.4 length of account_number validate when bank_country_code is CN: 12</td><td>payment_method</td><td>SWIFT</td><td>bank_country_code</td><td>CN</td><td>account_name</td><td>John Smith</td><td>account_number</td><td>11234523</td><td>swift_code</td><td>ICBCCNBJ</td><td>invalid_bsb</td><td></td><td>aba</td><td>11122233A</td><td>HTTP/1.1 200 OK</td><td>{&quot;success&quot;:&quot;Bank details saved&quot;}</td></tr></table><p class="totop"><a href="#summary">back to summary</a></p><h3 id="m26">xuxiaochan.test.airwallex.BankInfoEndpointTest#bankInfoCollectEndpointRequest</h3><table class="result"><tr class="param"><th>Parameter #1</th><th>Parameter #2</th><th>Parameter #3</th><th>Parameter #4</th><th>Parameter #5</th><th>Parameter #6</th><th>Parameter #7</th><th>Parameter #8</th><th>Parameter #9</th><th>Parameter #10</th><th>Parameter #11</th><th>Parameter #12</th><th>Parameter #13</th><th>Parameter #14</th><th>Parameter #15</th><th>Parameter #16</th><th>Parameter #17</th></tr><tr class="param stripe"><td>61 aba field include special character and Chinese</td><td>payment_method</td><td>SWIFT</td><td>bank_country_code</td><td>US</td><td>account_name</td><td>John Smith</td><td>account_number</td><td>1234567890</td><td>swift_code</td><td>ICBUUSBJ</td><td>bsb</td><td>aacrtu</td><td>aba</td><td>1112ä¸­.3bB</td><td>HTTP/1.1 200 OK</td><td>{&quot;success&quot;:&quot;Bank details saved&quot;}</td></tr></table><p class="totop"><a href="#summary">back to summary</a></p><h3 id="m27">xuxiaochan.test.airwallex.BankInfoEndpointTest#bankInfoCollectEndpointRequest</h3><table class="result"><tr class="param"><th>Parameter #1</th><th>Parameter #2</th><th>Parameter #3</th><th>Parameter #4</th><th>Parameter #5</th><th>Parameter #6</th><th>Parameter #7</th><th>Parameter #8</th><th>Parameter #9</th><th>Parameter #10</th><th>Parameter #11</th><th>Parameter #12</th><th>Parameter #13</th><th>Parameter #14</th><th>Parameter #15</th><th>Parameter #16</th><th>Parameter #17</th></tr><tr class="param stripe"><td>30 optional field of swift_code validate when bank_country_code is LOCAL: swift_code</td><td>payment_method</td><td>LOCAL</td><td>bank_country_code</td><td>US</td><td>account_name</td><td>John Smith</td><td>account_number</td><td>123</td><td>invalid_swift_code</td><td>ICBCUSBJ</td><td>invalid_bsb</td><td></td><td>aba</td><td>11122233A</td><td>HTTP/1.1 200 OK</td><td>{&quot;success&quot;:&quot;Bank details saved&quot;}</td></tr></table><p class="totop"><a href="#summary">back to summary</a></p><h3 id="m28">xuxiaochan.test.airwallex.BankInfoEndpointTest#bankInfoCollectEndpointRequest</h3><table class="result"><tr class="param"><th>Parameter #1</th><th>Parameter #2</th><th>Parameter #3</th><th>Parameter #4</th><th>Parameter #5</th><th>Parameter #6</th><th>Parameter #7</th><th>Parameter #8</th><th>Parameter #9</th><th>Parameter #10</th><th>Parameter #11</th><th>Parameter #12</th><th>Parameter #13</th><th>Parameter #14</th><th>Parameter #15</th><th>Parameter #16</th><th>Parameter #17</th></tr><tr class="param stripe"><td>19 account_number include number,letter, special characters &amp; Chinese validate when bank_country_code is US</td><td>payment_method</td><td>SWIFT</td><td>bank_country_code</td><td>US</td><td>account_name</td><td>John Smith</td><td>account_number</td><td>1ï¼@#Â¥â¦â¦&amp;ä¸­ï¼+2f</td><td>swift_code</td><td>ICBCUSBJ</td><td>invalid_bsb</td><td></td><td>aba</td><td>11122233A</td><td>HTTP/1.1 200 OK</td><td>{&quot;success&quot;:&quot;Bank details saved&quot;}</td></tr></table><p class="totop"><a href="#summary">back to summary</a></p><h3 id="m29">xuxiaochan.test.airwallex.BankInfoEndpointTest#bankInfoCollectEndpointRequest</h3><table class="result"><tr class="param"><th>Parameter #1</th><th>Parameter #2</th><th>Parameter #3</th><th>Parameter #4</th><th>Parameter #5</th><th>Parameter #6</th><th>Parameter #7</th><th>Parameter #8</th><th>Parameter #9</th><th>Parameter #10</th><th>Parameter #11</th><th>Parameter #12</th><th>Parameter #13</th><th>Parameter #14</th><th>Parameter #15</th><th>Parameter #16</th><th>Parameter #17</th></tr><tr class="param stripe"><td>34 the 5th and 6th characters of swift_code validate when bank_country_code is AU: pass</td><td>payment_method</td><td>SWIFT</td><td>bank_country_code</td><td>AU</td><td>account_name</td><td>John Smith</td><td>account_number</td><td>121233</td><td>swift_code</td><td>ICBCAUBJ</td><td>bsb</td><td>sjajsj</td><td>aba</td><td>11122233A</td><td>HTTP/1.1 200 OK</td><td>{&quot;success&quot;:&quot;Bank details saved&quot;}</td></tr></table><p class="totop"><a href="#summary">back to summary</a></p><h3 id="m30">xuxiaochan.test.airwallex.BankInfoEndpointTest#bankInfoCollectEndpointRequest</h3><table class="result"><tr class="param"><th>Parameter #1</th><th>Parameter #2</th><th>Parameter #3</th><th>Parameter #4</th><th>Parameter #5</th><th>Parameter #6</th><th>Parameter #7</th><th>Parameter #8</th><th>Parameter #9</th><th>Parameter #10</th><th>Parameter #11</th><th>Parameter #12</th><th>Parameter #13</th><th>Parameter #14</th><th>Parameter #15</th><th>Parameter #16</th><th>Parameter #17</th></tr><tr class="param stripe"><td>59 length of abs field validate: 8</td><td>payment_method</td><td>SWIFT</td><td>bank_country_code</td><td>US</td><td>account_name</td><td>John Smith</td><td>account_number</td><td>1234567890</td><td>swift_code</td><td>ICBCUSBJ</td><td>bsb</td><td>aacrta</td><td>aba</td><td>11122233</td><td>HTTP/1.1 400 Bad Request</td><td>{&quot;error&quot;:&quot;Length of &apos;aba&apos; should be 9&quot;}</td></tr></table><p class="totop"><a href="#summary">back to summary</a></p><h3 id="m31">xuxiaochan.test.airwallex.BankInfoEndpointTest#bankInfoCollectEndpointRequest</h3><table class="result"><tr class="param"><th>Parameter #1</th><th>Parameter #2</th><th>Parameter #3</th><th>Parameter #4</th><th>Parameter #5</th><th>Parameter #6</th><th>Parameter #7</th><th>Parameter #8</th><th>Parameter #9</th><th>Parameter #10</th><th>Parameter #11</th><th>Parameter #12</th><th>Parameter #13</th><th>Parameter #14</th><th>Parameter #15</th><th>Parameter #16</th><th>Parameter #17</th></tr><tr class="param stripe"><td>3 mandatory field validate: bank_country_code</td><td>payment_method</td><td>SWIFT</td><td>invalid_bank_country_code</td><td>US</td><td>account_name</td><td>John Smith</td><td>account_number</td><td>123</td><td>swift_code</td><td>ICBCUSBJ</td><td>invalid_bsb</td><td></td><td>aba</td><td>11122233A</td><td>HTTP/1.1 400 Bad Request</td><td>{&quot;error&quot;:&quot;&apos;bank_country_code&apos; is required, and should be one of &apos;US&apos;, &apos;AU&apos;, or &apos;CN&apos;&quot;}</td></tr></table><p class="totop"><a href="#summary">back to summary</a></p><h3 id="m32">xuxiaochan.test.airwallex.BankInfoEndpointTest#bankInfoCollectEndpointRequest</h3><table class="result"><tr class="param"><th>Parameter #1</th><th>Parameter #2</th><th>Parameter #3</th><th>Parameter #4</th><th>Parameter #5</th><th>Parameter #6</th><th>Parameter #7</th><th>Parameter #8</th><th>Parameter #9</th><th>Parameter #10</th><th>Parameter #11</th><th>Parameter #12</th><th>Parameter #13</th><th>Parameter #14</th><th>Parameter #15</th><th>Parameter #16</th><th>Parameter #17</th></tr><tr class="param stripe"><td>51 length of bsb field validate: 5</td><td>payment_method</td><td>SWIFT</td><td>bank_country_code</td><td>AU</td><td>account_name</td><td>John Smith</td><td>account_number</td><td>123456789</td><td>swift_code</td><td>ICBCAUBJ</td><td>bsb</td><td>aacrt</td><td>aba</td><td>11122233A</td><td>HTTP/1.1 400 Bad Request</td><td>{&quot;error&quot;:&quot;Length of &apos;bsb&apos; should be 6&quot;}</td></tr></table><p class="totop"><a href="#summary">back to summary</a></p><h3 id="m33">xuxiaochan.test.airwallex.BankInfoEndpointTest#bankInfoCollectEndpointRequest</h3><table class="result"><tr class="param"><th>Parameter #1</th><th>Parameter #2</th><th>Parameter #3</th><th>Parameter #4</th><th>Parameter #5</th><th>Parameter #6</th><th>Parameter #7</th><th>Parameter #8</th><th>Parameter #9</th><th>Parameter #10</th><th>Parameter #11</th><th>Parameter #12</th><th>Parameter #13</th><th>Parameter #14</th><th>Parameter #15</th><th>Parameter #16</th><th>Parameter #17</th></tr><tr class="param stripe"><td>12 account_number include every kinds of characters</td><td>payment_method</td><td>SWIFT</td><td>bank_country_code</td><td>US</td><td>account_name</td><td>John Smith</td><td>account_number</td><td>%!@ .5YNnä¸­è±</td><td>swift_code</td><td>ICBCUSBJ</td><td>invalid_bsb</td><td></td><td>aba</td><td>11122233A</td><td>HTTP/1.1 200 OK</td><td>{&quot;success&quot;:&quot;Bank details saved&quot;}</td></tr></table><p class="totop"><a href="#summary">back to summary</a></p><h3 id="m34">xuxiaochan.test.airwallex.BankInfoEndpointTest#bankInfoCollectEndpointRequest</h3><table class="result"><tr class="param"><th>Parameter #1</th><th>Parameter #2</th><th>Parameter #3</th><th>Parameter #4</th><th>Parameter #5</th><th>Parameter #6</th><th>Parameter #7</th><th>Parameter #8</th><th>Parameter #9</th><th>Parameter #10</th><th>Parameter #11</th><th>Parameter #12</th><th>Parameter #13</th><th>Parameter #14</th><th>Parameter #15</th><th>Parameter #16</th><th>Parameter #17</th></tr><tr class="param stripe"><td>53 mandatory field of aba validate when bank_country_code is US with aba: pass</td><td>payment_method</td><td>SWIFT</td><td>bank_country_code</td><td>US</td><td>account_name</td><td>John Smith</td><td>account_number</td><td>1234567890</td><td>swift_code</td><td>ICBCUSBJ</td><td>bsb</td><td>aabuyt</td><td>aba</td><td>11122233A</td><td>HTTP/1.1 200 OK</td><td>{&quot;success&quot;:&quot;Bank details saved&quot;}</td></tr></table><p class="totop"><a href="#summary">back to summary</a></p><h3 id="m35">xuxiaochan.test.airwallex.BankInfoEndpointTest#bankInfoCollectEndpointRequest</h3><table class="result"><tr class="param"><th>Parameter #1</th><th>Parameter #2</th><th>Parameter #3</th><th>Parameter #4</th><th>Parameter #5</th><th>Parameter #6</th><th>Parameter #7</th><th>Parameter #8</th><th>Parameter #9</th><th>Parameter #10</th><th>Parameter #11</th><th>Parameter #12</th><th>Parameter #13</th><th>Parameter #14</th><th>Parameter #15</th><th>Parameter #16</th><th>Parameter #17</th></tr><tr class="param stripe"><td>13 length of account_number validate when bank_country_code is US: 0</td><td>payment_method</td><td>SWIFT</td><td>bank_country_code</td><td>US</td><td>account_name</td><td>John Smith</td><td>account_number</td><td></td><td>swift_code</td><td>ICBCUSBJ</td><td>invalid_bsb</td><td></td><td>aba</td><td>11122233A</td><td>HTTP/1.1 400 Bad Request</td><td>{&quot;error&quot;:&quot;&apos;account_number&apos; is required&quot;}</td></tr></table><p class="totop"><a href="#summary">back to summary</a></p><h3 id="m36">xuxiaochan.test.airwallex.BankInfoEndpointTest#bankInfoCollectEndpointRequest</h3><table class="result"><tr class="param"><th>Parameter #1</th><th>Parameter #2</th><th>Parameter #3</th><th>Parameter #4</th><th>Parameter #5</th><th>Parameter #6</th><th>Parameter #7</th><th>Parameter #8</th><th>Parameter #9</th><th>Parameter #10</th><th>Parameter #11</th><th>Parameter #12</th><th>Parameter #13</th><th>Parameter #14</th><th>Parameter #15</th><th>Parameter #16</th><th>Parameter #17</th></tr><tr class="param stripe"><td>31 the 5th and 6th characters of swift_code validate when bank_country_code is US: pass</td><td>payment_method</td><td>SWIFT</td><td>bank_country_code</td><td>US</td><td>account_name</td><td>John Smith</td><td>account_number</td><td>123</td><td>swift_code</td><td>ICBCUSBJ</td><td>invalid_bsb</td><td></td><td>aba</td><td>11122233A</td><td>HTTP/1.1 200 OK</td><td>{&quot;success&quot;:&quot;Bank details saved&quot;}</td></tr></table><p class="totop"><a href="#summary">back to summary</a></p><h3 id="m37">xuxiaochan.test.airwallex.BankInfoEndpointTest#bankInfoCollectEndpointRequest</h3><table class="result"><tr class="param"><th>Parameter #1</th><th>Parameter #2</th><th>Parameter #3</th><th>Parameter #4</th><th>Parameter #5</th><th>Parameter #6</th><th>Parameter #7</th><th>Parameter #8</th><th>Parameter #9</th><th>Parameter #10</th><th>Parameter #11</th><th>Parameter #12</th><th>Parameter #13</th><th>Parameter #14</th><th>Parameter #15</th><th>Parameter #16</th><th>Parameter #17</th></tr><tr class="param stripe"><td>9 length of account_name validation: 11</td><td>payment_method</td><td>SWIFT</td><td>bank_country_code</td><td>US</td><td>account_name</td><td>JohnSmithab</td><td>account_number</td><td>123</td><td>swift_code</td><td>ICBCUSBJ</td><td>invalid_bsb</td><td></td><td>aba</td><td>11122233A</td><td>HTTP/1.1 400 Bad Request</td><td>{&quot;error&quot;:&quot;Length of account_name should be between 2 and 10&quot;}</td></tr></table><p class="totop"><a href="#summary">back to summary</a></p><h3 id="m38">xuxiaochan.test.airwallex.BankInfoEndpointTest#bankInfoCollectEndpointRequest</h3><table class="result"><tr class="param"><th>Parameter #1</th><th>Parameter #2</th><th>Parameter #3</th><th>Parameter #4</th><th>Parameter #5</th><th>Parameter #6</th><th>Parameter #7</th><th>Parameter #8</th><th>Parameter #9</th><th>Parameter #10</th><th>Parameter #11</th><th>Parameter #12</th><th>Parameter #13</th><th>Parameter #14</th><th>Parameter #15</th><th>Parameter #16</th><th>Parameter #17</th></tr><tr class="param stripe"><td>11 mandatory field validate: account_number</td><td>payment_method</td><td>SWIFT</td><td>bank_country_code</td><td>US</td><td>account_name</td><td>John Smith</td><td>invalid_account_number</td><td>123</td><td>swift_code</td><td>ICBCUSBJ</td><td>invalid_bsb</td><td></td><td>aba</td><td>11122233A</td><td>HTTP/1.1 400 Bad Request</td><td>{&quot;error&quot;:&quot;&apos;account_number&apos; is required&quot;}</td></tr></table><p class="totop"><a href="#summary">back to summary</a></p><h3 id="m39">xuxiaochan.test.airwallex.BankInfoEndpointTest#bankInfoCollectEndpointRequest</h3><table class="result"><tr class="param"><th>Parameter #1</th><th>Parameter #2</th><th>Parameter #3</th><th>Parameter #4</th><th>Parameter #5</th><th>Parameter #6</th><th>Parameter #7</th><th>Parameter #8</th><th>Parameter #9</th><th>Parameter #10</th><th>Parameter #11</th><th>Parameter #12</th><th>Parameter #13</th><th>Parameter #14</th><th>Parameter #15</th><th>Parameter #16</th><th>Parameter #17</th></tr><tr class="param stripe"><td>55 optional field of aba validate when bank_country_code is AU: pass with aba</td><td>payment_method</td><td>SWIFT</td><td>bank_country_code</td><td>AU</td><td>account_name</td><td>John Smith</td><td>account_number</td><td>123456789</td><td>swift_code</td><td>ICBCAUBJ</td><td>bsb</td><td>dhjshy</td><td>aba</td><td>11122233A</td><td>HTTP/1.1 200 OK</td><td>{&quot;success&quot;:&quot;Bank details saved&quot;}</td></tr></table><p class="totop"><a href="#summary">back to summary</a></p><h3 id="m40">xuxiaochan.test.airwallex.BankInfoEndpointTest#bankInfoCollectEndpointRequest</h3><table class="result"><tr class="param"><th>Parameter #1</th><th>Parameter #2</th><th>Parameter #3</th><th>Parameter #4</th><th>Parameter #5</th><th>Parameter #6</th><th>Parameter #7</th><th>Parameter #8</th><th>Parameter #9</th><th>Parameter #10</th><th>Parameter #11</th><th>Parameter #12</th><th>Parameter #13</th><th>Parameter #14</th><th>Parameter #15</th><th>Parameter #16</th><th>Parameter #17</th></tr><tr class="param stripe"><td>14 length of account_number validate when bank_country_code is US: 1</td><td>payment_method</td><td>SWIFT</td><td>bank_country_code</td><td>US</td><td>account_name</td><td>John Smith</td><td>account_number</td><td>1</td><td>swift_code</td><td>ICBCUSBJ</td><td>invalid_bsb</td><td></td><td>aba</td><td>11122233A</td><td>HTTP/1.1 200 OK</td><td>{&quot;success&quot;:&quot;Bank details saved&quot;}</td></tr></table><p class="totop"><a href="#summary">back to summary</a></p><h3 id="m41">xuxiaochan.test.airwallex.BankInfoEndpointTest#bankInfoCollectEndpointRequest</h3><table class="result"><tr class="param"><th>Parameter #1</th><th>Parameter #2</th><th>Parameter #3</th><th>Parameter #4</th><th>Parameter #5</th><th>Parameter #6</th><th>Parameter #7</th><th>Parameter #8</th><th>Parameter #9</th><th>Parameter #10</th><th>Parameter #11</th><th>Parameter #12</th><th>Parameter #13</th><th>Parameter #14</th><th>Parameter #15</th><th>Parameter #16</th><th>Parameter #17</th></tr><tr class="param stripe"><td>25.1 length of account_number validate when bank_country_code is CN: 9</td><td>payment_method</td><td>SWIFT</td><td>bank_country_code</td><td>CN</td><td>account_name</td><td>John Smith</td><td>account_number</td><td>11234523</td><td>swift_code</td><td>ICBCCNBJ</td><td>invalid_bsb</td><td></td><td>aba</td><td>11122233A</td><td>HTTP/1.1 200 OK</td><td>{&quot;success&quot;:&quot;Bank details saved&quot;}</td></tr></table><p class="totop"><a href="#summary">back to summary</a></p><h3 id="m42">xuxiaochan.test.airwallex.BankInfoEndpointTest#bankInfoCollectEndpointRequest</h3><table class="result"><tr class="param"><th>Parameter #1</th><th>Parameter #2</th><th>Parameter #3</th><th>Parameter #4</th><th>Parameter #5</th><th>Parameter #6</th><th>Parameter #7</th><th>Parameter #8</th><th>Parameter #9</th><th>Parameter #10</th><th>Parameter #11</th><th>Parameter #12</th><th>Parameter #13</th><th>Parameter #14</th><th>Parameter #15</th><th>Parameter #16</th><th>Parameter #17</th></tr><tr class="param stripe"><td>8 length of account_name validation: 10</td><td>payment_method</td><td>SWIFT</td><td>bank_country_code</td><td>US</td><td>account_name</td><td>JohnSmithj</td><td>account_number</td><td>123</td><td>swift_code</td><td>ICBCUSBJ</td><td>invalid_bsb</td><td></td><td>aba</td><td>11122233A</td><td>HTTP/1.1 200 OK</td><td>{&quot;success&quot;:&quot;Bank details saved&quot;}</td></tr></table><p class="totop"><a href="#summary">back to summary</a></p><h3 id="m43">xuxiaochan.test.airwallex.BankInfoEndpointTest#bankInfoCollectEndpointRequest</h3><table class="result"><tr class="param"><th>Parameter #1</th><th>Parameter #2</th><th>Parameter #3</th><th>Parameter #4</th><th>Parameter #5</th><th>Parameter #6</th><th>Parameter #7</th><th>Parameter #8</th><th>Parameter #9</th><th>Parameter #10</th><th>Parameter #11</th><th>Parameter #12</th><th>Parameter #13</th><th>Parameter #14</th><th>Parameter #15</th><th>Parameter #16</th><th>Parameter #17</th></tr><tr class="param stripe"><td>46 mandatory field of bsb validate when bank_country_code is AU: fail</td><td>payment_method</td><td>SWIFT</td><td>bank_country_code</td><td>AU</td><td>account_name</td><td>John Smith</td><td>account_number</td><td>12345678</td><td>swift_code</td><td>ICBCAUBJ</td><td>invalid_bsb</td><td>aacrtu</td><td>aba</td><td>11122233A</td><td>HTTP/1.1 400 Bad Request</td><td>{&quot;error&quot;:&quot;&apos;bsb&apos; is required when bank country code is &apos;AU&apos;&quot;}</td></tr></table><p class="totop"><a href="#summary">back to summary</a></p><h3 id="m44">xuxiaochan.test.airwallex.BankInfoEndpointTest#bankInfoCollectEndpointRequest</h3><table class="result"><tr class="param"><th>Parameter #1</th><th>Parameter #2</th><th>Parameter #3</th><th>Parameter #4</th><th>Parameter #5</th><th>Parameter #6</th><th>Parameter #7</th><th>Parameter #8</th><th>Parameter #9</th><th>Parameter #10</th><th>Parameter #11</th><th>Parameter #12</th><th>Parameter #13</th><th>Parameter #14</th><th>Parameter #15</th><th>Parameter #16</th><th>Parameter #17</th></tr><tr class="param stripe"><td>7 length of account_name validation:2</td><td>payment_method</td><td>SWIFT</td><td>bank_country_code</td><td>US</td><td>account_name</td><td>Jo</td><td>account_number</td><td>123</td><td>swift_code</td><td>ICBCUSBJ</td><td>invalid_bsb</td><td></td><td>aba</td><td>11122233A</td><td>HTTP/1.1 200 OK</td><td>{&quot;success&quot;:&quot;Bank details saved&quot;}</td></tr></table><p class="totop"><a href="#summary">back to summary</a></p><h3 id="m45">xuxiaochan.test.airwallex.BankInfoEndpointTest#bankInfoCollectEndpointRequest</h3><table class="result"><tr class="param"><th>Parameter #1</th><th>Parameter #2</th><th>Parameter #3</th><th>Parameter #4</th><th>Parameter #5</th><th>Parameter #6</th><th>Parameter #7</th><th>Parameter #8</th><th>Parameter #9</th><th>Parameter #10</th><th>Parameter #11</th><th>Parameter #12</th><th>Parameter #13</th><th>Parameter #14</th><th>Parameter #15</th><th>Parameter #16</th><th>Parameter #17</th></tr><tr class="param stripe"><td>33 the 6th character of swift_code validate when bank_country_code is US: fail</td><td>payment_method</td><td>SWIFT</td><td>bank_country_code</td><td>US</td><td>account_name</td><td>John Smith</td><td>account_number</td><td>123</td><td>swift_code</td><td>ICBCUYBJ</td><td>invalid_bsb</td><td></td><td>aba</td><td>11122233A</td><td>HTTP/1.1 400 Bad Request</td><td>{&quot;error&quot;:&quot;The swift code is not valid for the given bank country code: US&quot;}</td></tr></table><p class="totop"><a href="#summary">back to summary</a></p><h3 id="m46">xuxiaochan.test.airwallex.BankInfoEndpointTest#bankInfoCollectEndpointRequest</h3><table class="result"><tr class="param"><th>Parameter #1</th><th>Parameter #2</th><th>Parameter #3</th><th>Parameter #4</th><th>Parameter #5</th><th>Parameter #6</th><th>Parameter #7</th><th>Parameter #8</th><th>Parameter #9</th><th>Parameter #10</th><th>Parameter #11</th><th>Parameter #12</th><th>Parameter #13</th><th>Parameter #14</th><th>Parameter #15</th><th>Parameter #16</th><th>Parameter #17</th></tr><tr class="param stripe"><td>22 length of account_number validate when bank_country_code is AU: 9</td><td>payment_method</td><td>SWIFT</td><td>bank_country_code</td><td>AU</td><td>account_name</td><td>John Smith</td><td>account_number</td><td>123123456</td><td>swift_code</td><td>ICBCAUBJ</td><td>bsb</td><td>zxzasa</td><td>aba</td><td>11122233A</td><td>HTTP/1.1 200 OK</td><td>{&quot;success&quot;:&quot;Bank details saved&quot;}</td></tr></table><p class="totop"><a href="#summary">back to summary</a></p><h3 id="m47">xuxiaochan.test.airwallex.BankInfoEndpointTest#bankInfoCollectEndpointRequest</h3><table class="result"><tr class="param"><th>Parameter #1</th><th>Parameter #2</th><th>Parameter #3</th><th>Parameter #4</th><th>Parameter #5</th><th>Parameter #6</th><th>Parameter #7</th><th>Parameter #8</th><th>Parameter #9</th><th>Parameter #10</th><th>Parameter #11</th><th>Parameter #12</th><th>Parameter #13</th><th>Parameter #14</th><th>Parameter #15</th><th>Parameter #16</th><th>Parameter #17</th></tr><tr class="param stripe"><td>60 length of aba field validate: 10</td><td>payment_method</td><td>SWIFT</td><td>bank_country_code</td><td>US</td><td>account_name</td><td>John Smith</td><td>account_number</td><td>1234567890</td><td>swift_code</td><td>ICBUUSBJ</td><td>bsb</td><td>aacrtu</td><td>aba</td><td>11122233AB</td><td>HTTP/1.1 400 Bad Request</td><td>{&quot;error&quot;:&quot;Length of &apos;aba&apos; should be 9&quot;}</td></tr></table><p class="totop"><a href="#summary">back to summary</a></p><h3 id="m48">xuxiaochan.test.airwallex.BankInfoEndpointTest#bankInfoCollectEndpointRequest</h3><table class="result"><tr class="param"><th>Parameter #1</th><th>Parameter #2</th><th>Parameter #3</th><th>Parameter #4</th><th>Parameter #5</th><th>Parameter #6</th><th>Parameter #7</th><th>Parameter #8</th><th>Parameter #9</th><th>Parameter #10</th><th>Parameter #11</th><th>Parameter #12</th><th>Parameter #13</th><th>Parameter #14</th><th>Parameter #15</th><th>Parameter #16</th><th>Parameter #17</th></tr><tr class="param stripe"><td>62 bsb field include special character and Chinese</td><td>payment_method</td><td>SWIFT</td><td>bank_country_code</td><td>US</td><td>account_name</td><td>John Smith</td><td>account_number</td><td>1234567890</td><td>swift_code</td><td>ICBUUSBJ</td><td>bsb</td><td>a1@ä¸­Tu</td><td>aba</td><td>11122233B</td><td>HTTP/1.1 200 OK</td><td>{&quot;success&quot;:&quot;Bank details saved&quot;}</td></tr></table><p class="totop"><a href="#summary">back to summary</a></p><h3 id="m49">xuxiaochan.test.airwallex.BankInfoEndpointTest#bankInfoCollectEndpointRequest</h3><table class="result"><tr class="param"><th>Parameter #1</th><th>Parameter #2</th><th>Parameter #3</th><th>Parameter #4</th><th>Parameter #5</th><th>Parameter #6</th><th>Parameter #7</th><th>Parameter #8</th><th>Parameter #9</th><th>Parameter #10</th><th>Parameter #11</th><th>Parameter #12</th><th>Parameter #13</th><th>Parameter #14</th><th>Parameter #15</th><th>Parameter #16</th><th>Parameter #17</th></tr><tr class="param stripe"><td>36 the 6th character of swift_code validate when bank_country_code is AU: fail</td><td>payment_method</td><td>SWIFT</td><td>bank_country_code</td><td>AU</td><td>account_name</td><td>John Smith</td><td>account_number</td><td>12345678</td><td>swift_code</td><td>ICBCAYBJ</td><td>bsb</td><td>sjahsd</td><td>aba</td><td>11122233A</td><td>HTTP/1.1 400 Bad Request</td><td>{&quot;error&quot;:&quot;The swift code is not valid for the given bank country code: AU&quot;}</td></tr></table><p class="totop"><a href="#summary">back to summary</a></p><h3 id="m50">xuxiaochan.test.airwallex.BankInfoEndpointTest#bankInfoCollectEndpointRequest</h3><table class="result"><tr class="param"><th>Parameter #1</th><th>Parameter #2</th><th>Parameter #3</th><th>Parameter #4</th><th>Parameter #5</th><th>Parameter #6</th><th>Parameter #7</th><th>Parameter #8</th><th>Parameter #9</th><th>Parameter #10</th><th>Parameter #11</th><th>Parameter #12</th><th>Parameter #13</th><th>Parameter #14</th><th>Parameter #15</th><th>Parameter #16</th><th>Parameter #17</th></tr><tr class="param stripe"><td>37.1 the 5th and 6th characters of swift_code validate when bank_country_code is CN: pass</td><td>payment_method</td><td>SWIFT</td><td>bank_country_code</td><td>CN</td><td>account_name</td><td>John Smith</td><td>account_number</td><td>1234567</td><td>swift_code</td><td>ICBCCNBJ</td><td>invalid_bsb</td><td></td><td>aba</td><td>11122233A</td><td>HTTP/1.1 200 OK</td><td>{&quot;success&quot;:&quot;Bank details saved&quot;}</td></tr></table><p class="totop"><a href="#summary">back to summary</a></p><h3 id="m51">xuxiaochan.test.airwallex.BankInfoEndpointTest#bankInfoCollectEndpointRequest</h3><table class="result"><tr class="param"><th>Parameter #1</th><th>Parameter #2</th><th>Parameter #3</th><th>Parameter #4</th><th>Parameter #5</th><th>Parameter #6</th><th>Parameter #7</th><th>Parameter #8</th><th>Parameter #9</th><th>Parameter #10</th><th>Parameter #11</th><th>Parameter #12</th><th>Parameter #13</th><th>Parameter #14</th><th>Parameter #15</th><th>Parameter #16</th><th>Parameter #17</th></tr><tr class="param stripe"><td>48 optional field of bsb validate when bank_country_code is US: pass</td><td>payment_method</td><td>SWIFT</td><td>bank_country_code</td><td>US</td><td>account_name</td><td>John Smith</td><td>account_number</td><td>1234567890</td><td>swift_code</td><td>ICBCUSBJ</td><td>invalid_bsb</td><td>hsjaha</td><td>aba</td><td>11122233A</td><td>HTTP/1.1 200 OK</td><td>{&quot;success&quot;:&quot;Bank details saved&quot;}</td></tr></table><p class="totop"><a href="#summary">back to summary</a></p><h3 id="m52">xuxiaochan.test.airwallex.BankInfoEndpointTest#bankInfoCollectEndpointRequest</h3><table class="result"><tr class="param"><th>Parameter #1</th><th>Parameter #2</th><th>Parameter #3</th><th>Parameter #4</th><th>Parameter #5</th><th>Parameter #6</th><th>Parameter #7</th><th>Parameter #8</th><th>Parameter #9</th><th>Parameter #10</th><th>Parameter #11</th><th>Parameter #12</th><th>Parameter #13</th><th>Parameter #14</th><th>Parameter #15</th><th>Parameter #16</th><th>Parameter #17</th></tr><tr class="param stripe"><td>56 optional field of abs validate when bank_country_code is AU: pass with invalid_aba</td><td>payment_method</td><td>SWIFT</td><td>bank_country_code</td><td>AU</td><td>account_name</td><td>John Smith</td><td>account_number</td><td>123456789</td><td>swift_code</td><td>ICBCAUBJ</td><td>bsb</td><td>hsjaha</td><td>invalid_aba</td><td>11122233A</td><td>HTTP/1.1 200 OK</td><td>{&quot;success&quot;:&quot;Bank details saved&quot;}</td></tr></table><p class="totop"><a href="#summary">back to summary</a></p><h3 id="m53">xuxiaochan.test.airwallex.BankInfoEndpointTest#bankInfoCollectEndpointRequest</h3><table class="result"><tr class="param"><th>Parameter #1</th><th>Parameter #2</th><th>Parameter #3</th><th>Parameter #4</th><th>Parameter #5</th><th>Parameter #6</th><th>Parameter #7</th><th>Parameter #8</th><th>Parameter #9</th><th>Parameter #10</th><th>Parameter #11</th><th>Parameter #12</th><th>Parameter #13</th><th>Parameter #14</th><th>Parameter #15</th><th>Parameter #16</th><th>Parameter #17</th></tr><tr class="param stripe"><td>63 swift_code field include special character and Chinese</td><td>payment_method</td><td>SWIFT</td><td>bank_country_code</td><td>US</td><td>account_name</td><td>John Smith</td><td>account_number</td><td>1234567890</td><td>swift_code</td><td>V!ä¸­UUS.1</td><td>bsb</td><td>a1@ä¸­Tu</td><td>aba</td><td>11122233B</td><td>HTTP/1.1 200 OK</td><td>{&quot;success&quot;:&quot;Bank details saved&quot;}</td></tr></table><p class="totop"><a href="#summary">back to summary</a></p><h3 id="m54">xuxiaochan.test.airwallex.BankInfoEndpointTest#bankInfoCollectEndpointRequest</h3><table class="result"><tr class="param"><th>Parameter #1</th><th>Parameter #2</th><th>Parameter #3</th><th>Parameter #4</th><th>Parameter #5</th><th>Parameter #6</th><th>Parameter #7</th><th>Parameter #8</th><th>Parameter #9</th><th>Parameter #10</th><th>Parameter #11</th><th>Parameter #12</th><th>Parameter #13</th><th>Parameter #14</th><th>Parameter #15</th><th>Parameter #16</th><th>Parameter #17</th></tr><tr class="param stripe"><td>6 length of account_name validation:1</td><td>payment_method</td><td>SWIFT</td><td>bank_country_code</td><td>US</td><td>account_name</td><td>J</td><td>account_number</td><td>123</td><td>swift_code</td><td>ICBCUSBJ</td><td>invalid_bsb</td><td></td><td>aba</td><td>11122233A</td><td>HTTP/1.1 400 Bad Request</td><td>{&quot;error&quot;:&quot;Length of account_name should be between 2 and 10&quot;}</td></tr></table><p class="totop"><a href="#summary">back to summary</a></p><h3 id="m55">xuxiaochan.test.airwallex.BankInfoEndpointTest#bankInfoCollectEndpointRequest</h3><table class="result"><tr class="param"><th>Parameter #1</th><th>Parameter #2</th><th>Parameter #3</th><th>Parameter #4</th><th>Parameter #5</th><th>Parameter #6</th><th>Parameter #7</th><th>Parameter #8</th><th>Parameter #9</th><th>Parameter #10</th><th>Parameter #11</th><th>Parameter #12</th><th>Parameter #13</th><th>Parameter #14</th><th>Parameter #15</th><th>Parameter #16</th><th>Parameter #17</th></tr><tr class="param stripe"><td>25.3 length of account_number validate when bank_country_code is CN: 11</td><td>payment_method</td><td>SWIFT</td><td>bank_country_code</td><td>CN</td><td>account_name</td><td>John Smith</td><td>account_number</td><td>11234523</td><td>swift_code</td><td>ICBCCNBJ</td><td>invalid_bsb</td><td></td><td>aba</td><td>11122233A</td><td>HTTP/1.1 200 OK</td><td>{&quot;success&quot;:&quot;Bank details saved&quot;}</td></tr></table><p class="totop"><a href="#summary">back to summary</a></p><h3 id="m56">xuxiaochan.test.airwallex.BankInfoEndpointTest#bankInfoCollectEndpointRequest</h3><table class="result"><tr class="param"><th>Parameter #1</th><th>Parameter #2</th><th>Parameter #3</th><th>Parameter #4</th><th>Parameter #5</th><th>Parameter #6</th><th>Parameter #7</th><th>Parameter #8</th><th>Parameter #9</th><th>Parameter #10</th><th>Parameter #11</th><th>Parameter #12</th><th>Parameter #13</th><th>Parameter #14</th><th>Parameter #15</th><th>Parameter #16</th><th>Parameter #17</th></tr><tr class="param stripe"><td>45 mandatory field of bsb validate when bank_country_code is AU: pass</td><td>payment_method</td><td>SWIFT</td><td>bank_country_code</td><td>AU</td><td>account_name</td><td>John Smith</td><td>account_number</td><td>12345678</td><td>swift_code</td><td>ICBCAUBJ</td><td>bsb</td><td>aabuyt</td><td>aba</td><td>11122233A</td><td>HTTP/1.1 200 OK</td><td>{&quot;success&quot;:&quot;Bank details saved&quot;}</td></tr></table><p class="totop"><a href="#summary">back to summary</a></p><h3 id="m57">xuxiaochan.test.airwallex.BankInfoEndpointTest#bankInfoCollectEndpointRequest</h3><table class="result"><tr class="param"><th>Parameter #1</th><th>Parameter #2</th><th>Parameter #3</th><th>Parameter #4</th><th>Parameter #5</th><th>Parameter #6</th><th>Parameter #7</th><th>Parameter #8</th><th>Parameter #9</th><th>Parameter #10</th><th>Parameter #11</th><th>Parameter #12</th><th>Parameter #13</th><th>Parameter #14</th><th>Parameter #15</th><th>Parameter #16</th><th>Parameter #17</th></tr><tr class="param stripe"><td>25 length of account_number validate when bank_country_code is CN: 8</td><td>payment_method</td><td>SWIFT</td><td>bank_country_code</td><td>CN</td><td>account_name</td><td>John Smith</td><td>account_number</td><td>11234523</td><td>swift_code</td><td>ICBCCNBJ</td><td>invalid_bsb</td><td></td><td>aba</td><td>11122233A</td><td>HTTP/1.1 200 OK</td><td>{&quot;success&quot;:&quot;Bank details saved&quot;}</td></tr></table><p class="totop"><a href="#summary">back to summary</a></p><h3 id="m58">xuxiaochan.test.airwallex.BankInfoEndpointTest#bankInfoCollectEndpointRequest</h3><table class="result"><tr class="param"><th>Parameter #1</th><th>Parameter #2</th><th>Parameter #3</th><th>Parameter #4</th><th>Parameter #5</th><th>Parameter #6</th><th>Parameter #7</th><th>Parameter #8</th><th>Parameter #9</th><th>Parameter #10</th><th>Parameter #11</th><th>Parameter #12</th><th>Parameter #13</th><th>Parameter #14</th><th>Parameter #15</th><th>Parameter #16</th><th>Parameter #17</th></tr><tr class="param stripe"><td>25.6 length of account_number validate when bank_country_code is CN: 18</td><td>payment_method</td><td>SWIFT</td><td>bank_country_code</td><td>CN</td><td>account_name</td><td>John Smith</td><td>account_number</td><td>11234523</td><td>swift_code</td><td>ICBCCNBJ</td><td>invalid_bsb</td><td></td><td>aba</td><td>11122233A</td><td>HTTP/1.1 200 OK</td><td>{&quot;success&quot;:&quot;Bank details saved&quot;}</td></tr></table><p class="totop"><a href="#summary">back to summary</a></p><h3 id="m59">xuxiaochan.test.airwallex.BankInfoEndpointTest#bankInfoCollectEndpointRequest</h3><table class="result"><tr class="param"><th>Parameter #1</th><th>Parameter #2</th><th>Parameter #3</th><th>Parameter #4</th><th>Parameter #5</th><th>Parameter #6</th><th>Parameter #7</th><th>Parameter #8</th><th>Parameter #9</th><th>Parameter #10</th><th>Parameter #11</th><th>Parameter #12</th><th>Parameter #13</th><th>Parameter #14</th><th>Parameter #15</th><th>Parameter #16</th><th>Parameter #17</th></tr><tr class="param stripe"><td>47 optional field of bsb validate when bank_country_code is US: pass</td><td>payment_method</td><td>SWIFT</td><td>bank_country_code</td><td>US</td><td>account_name</td><td>John Smith</td><td>account_number</td><td>1234567890</td><td>swift_code</td><td>ICBCUSBJ</td><td>bsb</td><td>dhjshy</td><td>aba</td><td>11122233A</td><td>HTTP/1.1 200 OK</td><td>{&quot;success&quot;:&quot;Bank details saved&quot;}</td></tr></table><p class="totop"><a href="#summary">back to summary</a></p><h3 id="m60">xuxiaochan.test.airwallex.BankInfoEndpointTest#bankInfoCollectEndpointRequest</h3><table class="result"><tr class="param"><th>Parameter #1</th><th>Parameter #2</th><th>Parameter #3</th><th>Parameter #4</th><th>Parameter #5</th><th>Parameter #6</th><th>Parameter #7</th><th>Parameter #8</th><th>Parameter #9</th><th>Parameter #10</th><th>Parameter #11</th><th>Parameter #12</th><th>Parameter #13</th><th>Parameter #14</th><th>Parameter #15</th><th>Parameter #16</th><th>Parameter #17</th></tr><tr class="param stripe"><td>4 bank_country_code field is not in the valid enums list</td><td>payment_method</td><td>SWIFT</td><td>invalid_bank_country_code</td><td>AS</td><td>account_name</td><td>John Smith</td><td>account_number</td><td>123</td><td>swift_code</td><td>ICBCASBJ</td><td>invalid_bsb</td><td></td><td>aba</td><td>11122233A</td><td>HTTP/1.1 400 Bad Request</td><td>{&quot;error&quot;:&quot;&apos;bank_country_code&apos; is required, and should be one of &apos;US&apos;, &apos;AU&apos;, or &apos;CN&apos;&quot;}</td></tr></table><p class="totop"><a href="#summary">back to summary</a></p><h3 id="m61">xuxiaochan.test.airwallex.BankInfoEndpointTest#bankInfoCollectEndpointRequest</h3><table class="result"><tr class="param"><th>Parameter #1</th><th>Parameter #2</th><th>Parameter #3</th><th>Parameter #4</th><th>Parameter #5</th><th>Parameter #6</th><th>Parameter #7</th><th>Parameter #8</th><th>Parameter #9</th><th>Parameter #10</th><th>Parameter #11</th><th>Parameter #12</th><th>Parameter #13</th><th>Parameter #14</th><th>Parameter #15</th><th>Parameter #16</th><th>Parameter #17</th></tr><tr class="param stripe"><td>29 mandatory field of swift_code validate when bank_country_code is SWIFT: swift_code</td><td>payment_method</td><td>SWIFT</td><td>bank_country_code</td><td>US</td><td>account_name</td><td>John Smith</td><td>account_number</td><td>123</td><td>invalid_swift_code</td><td>ICBCUSBJ</td><td>invalid_bsb</td><td></td><td>aba</td><td>11122233A</td><td>HTTP/1.1 400 Bad Request</td><td>{&quot;error&quot;:&quot;&apos;swift_code&apos; is required when payment method is &apos;SWIFT&apos;&quot;}</td></tr></table><p class="totop"><a href="#summary">back to summary</a></p><h3 id="m62">xuxiaochan.test.airwallex.BankInfoEndpointTest#bankInfoCollectEndpointRequest</h3><table class="result"><tr class="param"><th>Parameter #1</th><th>Parameter #2</th><th>Parameter #3</th><th>Parameter #4</th><th>Parameter #5</th><th>Parameter #6</th><th>Parameter #7</th><th>Parameter #8</th><th>Parameter #9</th><th>Parameter #10</th><th>Parameter #11</th><th>Parameter #12</th><th>Parameter #13</th><th>Parameter #14</th><th>Parameter #15</th><th>Parameter #16</th><th>Parameter #17</th></tr><tr class="param stripe"><td>40 the length of swift_code validate: 11</td><td>payment_method</td><td>SWIFT</td><td>bank_country_code</td><td>US</td><td>account_name</td><td>John Smith</td><td>account_number</td><td>1234567890</td><td>swift_code</td><td>ICBCUSSJABC</td><td>invalid_bsb</td><td></td><td>aba</td><td>11122233A</td><td>HTTP/1.1 200 OK</td><td>{&quot;success&quot;:&quot;Bank details saved&quot;}</td></tr></table><p class="totop"><a href="#summary">back to summary</a></p><h3 id="m63">xuxiaochan.test.airwallex.BankInfoEndpointTest#bankInfoCollectEndpointRequest</h3><table class="result"><tr class="param"><th>Parameter #1</th><th>Parameter #2</th><th>Parameter #3</th><th>Parameter #4</th><th>Parameter #5</th><th>Parameter #6</th><th>Parameter #7</th><th>Parameter #8</th><th>Parameter #9</th><th>Parameter #10</th><th>Parameter #11</th><th>Parameter #12</th><th>Parameter #13</th><th>Parameter #14</th><th>Parameter #15</th><th>Parameter #16</th><th>Parameter #17</th></tr><tr class="param stripe"><td>15 length of account_number validate when bank_country_code is US: 17</td><td>payment_method</td><td>SWIFT</td><td>bank_country_code</td><td>US</td><td>account_name</td><td>John Smith</td><td>account_number</td><td>12345698911234567</td><td>swift_code</td><td>ICBCUSBJ</td><td>invalid_bsb</td><td></td><td>aba</td><td>11122233A</td><td>HTTP/1.1 200 OK</td><td>{&quot;success&quot;:&quot;Bank details saved&quot;}</td></tr></table><p class="totop"><a href="#summary">back to summary</a></p><h3 id="m64">xuxiaochan.test.airwallex.BankInfoEndpointTest#bankInfoCollectEndpointRequest</h3><table class="result"><tr class="param"><th>Parameter #1</th><th>Parameter #2</th><th>Parameter #3</th><th>Parameter #4</th><th>Parameter #5</th><th>Parameter #6</th><th>Parameter #7</th><th>Parameter #8</th><th>Parameter #9</th><th>Parameter #10</th><th>Parameter #11</th><th>Parameter #12</th><th>Parameter #13</th><th>Parameter #14</th><th>Parameter #15</th><th>Parameter #16</th><th>Parameter #17</th></tr><tr class="param stripe"><td>1 mandatory field validate: payment_method</td><td>invalid_payment_method</td><td>SWIFT</td><td>bank_country_code</td><td>US</td><td>account_name</td><td>John Smith</td><td>account_number</td><td>123</td><td>swift_code</td><td>ICBCUSBJ</td><td>invalid_bsb</td><td></td><td>aba</td><td>11122233A</td><td>HTTP/1.1 400 Bad Request</td><td>{&quot;error&quot;:&quot;&apos;payment_method&apos; field required, the value should be either &apos;LOCAL&apos; or &apos;SWIFT&apos;&quot;}</td></tr></table><p class="totop"><a href="#summary">back to summary</a></p><h3 id="m65">xuxiaochan.test.airwallex.BankInfoEndpointTest#bankInfoCollectEndpointRequest</h3><table class="result"><tr class="param"><th>Parameter #1</th><th>Parameter #2</th><th>Parameter #3</th><th>Parameter #4</th><th>Parameter #5</th><th>Parameter #6</th><th>Parameter #7</th><th>Parameter #8</th><th>Parameter #9</th><th>Parameter #10</th><th>Parameter #11</th><th>Parameter #12</th><th>Parameter #13</th><th>Parameter #14</th><th>Parameter #15</th><th>Parameter #16</th><th>Parameter #17</th></tr><tr class="param stripe"><td>18 account_number include number,letter &amp; special characters validate when bank_country_code is US</td><td>payment_method</td><td>SWIFT</td><td>bank_country_code</td><td>US</td><td>account_name</td><td>John Smith</td><td>account_number</td><td>1ï¼@#Â¥â¦â¦&amp;*ï¼+2f</td><td>swift_code</td><td>ICBCUSBJ</td><td>invalid_bsb</td><td></td><td>aba</td><td>11122233A</td><td>HTTP/1.1 200 OK</td><td>{&quot;success&quot;:&quot;Bank details saved&quot;}</td></tr></table><p class="totop"><a href="#summary">back to summary</a></p><h3 id="m66">xuxiaochan.test.airwallex.BankInfoEndpointTest#bankInfoCollectEndpointRequest</h3><table class="result"><tr class="param"><th>Parameter #1</th><th>Parameter #2</th><th>Parameter #3</th><th>Parameter #4</th><th>Parameter #5</th><th>Parameter #6</th><th>Parameter #7</th><th>Parameter #8</th><th>Parameter #9</th><th>Parameter #10</th><th>Parameter #11</th><th>Parameter #12</th><th>Parameter #13</th><th>Parameter #14</th><th>Parameter #15</th><th>Parameter #16</th><th>Parameter #17</th></tr><tr class="param stripe"><td>25.5 length of account_number validate when bank_country_code is CN: 17</td><td>payment_method</td><td>SWIFT</td><td>bank_country_code</td><td>CN</td><td>account_name</td><td>John Smith</td><td>account_number</td><td>11234523</td><td>swift_code</td><td>ICBCCNBJ</td><td>invalid_bsb</td><td></td><td>aba</td><td>11122233A</td><td>HTTP/1.1 200 OK</td><td>{&quot;success&quot;:&quot;Bank details saved&quot;}</td></tr></table><p class="totop"><a href="#summary">back to summary</a></p><h3 id="m67">xuxiaochan.test.airwallex.BankInfoEndpointTest#bankInfoCollectEndpointRequest</h3><table class="result"><tr class="param"><th>Parameter #1</th><th>Parameter #2</th><th>Parameter #3</th><th>Parameter #4</th><th>Parameter #5</th><th>Parameter #6</th><th>Parameter #7</th><th>Parameter #8</th><th>Parameter #9</th><th>Parameter #10</th><th>Parameter #11</th><th>Parameter #12</th><th>Parameter #13</th><th>Parameter #14</th><th>Parameter #15</th><th>Parameter #16</th><th>Parameter #17</th></tr><tr class="param stripe"><td>32 the 5th character of swift_code validate when bank_country_code is US: fail</td><td>payment_method</td><td>SWIFT</td><td>bank_country_code</td><td>US</td><td>account_name</td><td>John Smith</td><td>account_number</td><td>123</td><td>swift_code</td><td>ICBCASBJ</td><td>invalid_bsb</td><td></td><td>aba</td><td>11122233A</td><td>HTTP/1.1 400 Bad Request</td><td>{&quot;error&quot;:&quot;The swift code is not valid for the given bank country code: US&quot;}</td></tr></table><p class="totop"><a href="#summary">back to summary</a></p><h3 id="m68">xuxiaochan.test.airwallex.BankInfoEndpointTest#bankInfoCollectEndpointRequest</h3><table class="result"><tr class="param"><th>Parameter #1</th><th>Parameter #2</th><th>Parameter #3</th><th>Parameter #4</th><th>Parameter #5</th><th>Parameter #6</th><th>Parameter #7</th><th>Parameter #8</th><th>Parameter #9</th><th>Parameter #10</th><th>Parameter #11</th><th>Parameter #12</th><th>Parameter #13</th><th>Parameter #14</th><th>Parameter #15</th><th>Parameter #16</th><th>Parameter #17</th></tr><tr class="param stripe"><td>2 payment_method field is not in the valid enums list</td><td>invalid_payment_method</td><td>SWEFT</td><td>bank_country_code</td><td>US</td><td>account_name</td><td>John Smith</td><td>account_number</td><td>123</td><td>swift_code</td><td>ICBCUSBJ</td><td>invalid_bsb</td><td></td><td>aba</td><td>11122233A</td><td>HTTP/1.1 400 Bad Request</td><td>{&quot;error&quot;:&quot;&apos;payment_method&apos; field required, the value should be either &apos;LOCAL&apos; or &apos;SWIFT&apos;&quot;}</td></tr></table><p class="totop"><a href="#summary">back to summary</a></p><h3 id="m69">xuxiaochan.test.airwallex.BankInfoEndpointTest#bankInfoCollectEndpointRequest</h3><table class="result"><tr class="param"><th>Parameter #1</th><th>Parameter #2</th><th>Parameter #3</th><th>Parameter #4</th><th>Parameter #5</th><th>Parameter #6</th><th>Parameter #7</th><th>Parameter #8</th><th>Parameter #9</th><th>Parameter #10</th><th>Parameter #11</th><th>Parameter #12</th><th>Parameter #13</th><th>Parameter #14</th><th>Parameter #15</th><th>Parameter #16</th><th>Parameter #17</th></tr><tr class="param stripe"><td>35 the 5th character of swift_code validate when bank_country_code is AU: fail</td><td>payment_method</td><td>SWIFT</td><td>bank_country_code</td><td>AU</td><td>account_name</td><td>John Smith</td><td>account_number</td><td>12345670</td><td>swift_code</td><td>ICBCBUBJ</td><td>bsb</td><td>jshjds</td><td>aba</td><td>11122233A</td><td>HTTP/1.1 400 Bad Request</td><td>{&quot;error&quot;:&quot;The swift code is not valid for the given bank country code: AU&quot;}</td></tr></table><p class="totop"><a href="#summary">back to summary</a></p><h3 id="m70">xuxiaochan.test.airwallex.BankInfoEndpointTest#bankInfoCollectEndpointRequest</h3><table class="result"><tr class="param"><th>Parameter #1</th><th>Parameter #2</th><th>Parameter #3</th><th>Parameter #4</th><th>Parameter #5</th><th>Parameter #6</th><th>Parameter #7</th><th>Parameter #8</th><th>Parameter #9</th><th>Parameter #10</th><th>Parameter #11</th><th>Parameter #12</th><th>Parameter #13</th><th>Parameter #14</th><th>Parameter #15</th><th>Parameter #16</th><th>Parameter #17</th></tr><tr class="param stripe"><td>41 the length of swift_code validate: 7</td><td>payment_method</td><td>SWIFT</td><td>bank_country_code</td><td>US</td><td>account_name</td><td>John Smith</td><td>account_number</td><td>1234567890</td><td>swift_code</td><td>ICBCUSB</td><td>invalid_bsb</td><td></td><td>aba</td><td>11122233A</td><td>HTTP/1.1 400 Bad Request</td><td>{&quot;error&quot;:&quot;Length of &apos;swift_code&apos; should be either 8 or 11&quot;}</td></tr></table><p class="totop"><a href="#summary">back to summary</a></p><h3 id="m71">xuxiaochan.test.airwallex.BankInfoEndpointTest#bankInfoCollectEndpointRequest</h3><table class="result"><tr class="param"><th>Parameter #1</th><th>Parameter #2</th><th>Parameter #3</th><th>Parameter #4</th><th>Parameter #5</th><th>Parameter #6</th><th>Parameter #7</th><th>Parameter #8</th><th>Parameter #9</th><th>Parameter #10</th><th>Parameter #11</th><th>Parameter #12</th><th>Parameter #13</th><th>Parameter #14</th><th>Parameter #15</th><th>Parameter #16</th><th>Parameter #17</th></tr><tr class="param stripe"><td>21 length of account_number validate when bank_country_code is AU: 6</td><td>payment_method</td><td>SWIFT</td><td>bank_country_code</td><td>AU</td><td>account_name</td><td>John Smith</td><td>account_number</td><td>123212</td><td>swift_code</td><td>ICBCAUBJ</td><td>bsb</td><td>zxzasa</td><td>aba</td><td>11122233A</td><td>HTTP/1.1 200 OK</td><td>{&quot;success&quot;:&quot;Bank details saved&quot;}</td></tr></table><p class="totop"><a href="#summary">back to summary</a></p><h3 id="m72">xuxiaochan.test.airwallex.BankInfoEndpointTest#bankInfoCollectEndpointRequest</h3><table class="result"><tr class="param"><th>Parameter #1</th><th>Parameter #2</th><th>Parameter #3</th><th>Parameter #4</th><th>Parameter #5</th><th>Parameter #6</th><th>Parameter #7</th><th>Parameter #8</th><th>Parameter #9</th><th>Parameter #10</th><th>Parameter #11</th><th>Parameter #12</th><th>Parameter #13</th><th>Parameter #14</th><th>Parameter #15</th><th>Parameter #16</th><th>Parameter #17</th></tr><tr class="param stripe"><td>44 the length of swift_code validate: 12</td><td>payment_method</td><td>SWIFT</td><td>bank_country_code</td><td>US</td><td>account_name</td><td>John Smith</td><td>account_number</td><td>1234567890</td><td>swift_code</td><td>ICBCUSBUDASE</td><td>invalid_bsb</td><td></td><td>aba</td><td>11122233A</td><td>HTTP/1.1 400 Bad Request</td><td>{&quot;error&quot;:&quot;Length of &apos;swift_code&apos; should be either 8 or 11&quot;}</td></tr></table><p class="totop"><a href="#summary">back to summary</a></p></body></html>